#
# There is insufficient memory for the Java Runtime Environment to continue.
# Native memory allocation (malloc) failed to allocate 2107696 bytes for Chunk::new
# Possible reasons:
#   The system is out of physical RAM or swap space
#   The process is running with CompressedOops enabled, and the Java Heap may be blocking the growth of the native heap
# Possible solutions:
#   Reduce memory load on the system
#   Increase physical memory or swap space
#   Check if swap backing store is full
#   Decrease Java heap size (-Xmx/-Xms)
#   Decrease number of Java threads
#   Decrease Java thread stack sizes (-Xss)
#   Set larger code cache with -XX:ReservedCodeCacheSize=
#   JVM is running with Zero Based Compressed Oops mode in which the Java heap is
#     placed in the first 32GB address space. The Java Heap base address is the
#     maximum limit for the native heap growth. Please use -XX:HeapBaseMinAddress
#     to set the Java Heap base and to place the Java Heap above 32GB virtual address.
# This output file may be truncated or incomplete.
#
#  Out of Memory Error (./open/src/hotspot/share/memory/arena.cpp:197), pid=2316, tid=17024
#
# JRE version: Java(TM) SE Runtime Environment 18.9 (11.0.15+8) (build 11.0.15+8-LTS-149)
# Java VM: Java HotSpot(TM) 64-Bit Server VM 18.9 (11.0.15+8-LTS-149, mixed mode, tiered, compressed oops, g1 gc, windows-amd64)
# No core dump will be written. Minidumps are not enabled by default on client versions of Windows
#

---------------  S U M M A R Y ------------

Command Line: -Djava.library.path=C:\Users\Karl\Kotlin_Projects\Bond_Graph\build\classes\kotlin\jvm\main;C:\Users\Karl\Kotlin_Projects\Bond_Graph\build\processedResources\jvm\main -javaagent:C:\Program Files\JetBrains\IntelliJ IDEA Community Edition 2023.1\lib\idea_rt.jar=49991:C:\Program Files\JetBrains\IntelliJ IDEA Community Edition 2023.1\bin -Dfile.encoding=UTF-8 userInterface.MainKt

Host: Intel(R) Core(TM) i7-7700HQ CPU @ 2.80GHz, 8 cores, 15G,  Windows 10 , 64 bit Build 19041 (10.0.19041.3636)
Time: Sun Jan  7 20:51:31 2024 Pacific Standard Time elapsed time: 7.056764 seconds (0d 0h 0m 7s)

---------------  T H R E A D  ---------------

Current thread (0x000001f4f6c23800):  JavaThread "C2 CompilerThread0" daemon [_thread_in_native, id=17024, stack(0x0000000567500000,0x0000000567600000)]


Current CompileTask:
C2:   7056 2593   !   4       jdk.internal.loader.BuiltinClassLoader::loadClassOrNull (143 bytes)

Stack: [0x0000000567500000,0x0000000567600000]
Native frames: (J=compiled Java code, j=interpreted, Vv=VM code, C=native code)
V  [jvm.dll+0x629d8a]
V  [jvm.dll+0x7638ff]
V  [jvm.dll+0x764fa9]
V  [jvm.dll+0x765633]
V  [jvm.dll+0x23d9c8]
V  [jvm.dll+0xb2a1c]
V  [jvm.dll+0xb2fdc]
V  [jvm.dll+0x341002]
V  [jvm.dll+0x30e9b3]
V  [jvm.dll+0x30dcfa]
V  [jvm.dll+0x1f8565]
V  [jvm.dll+0x1f774d]
V  [jvm.dll+0x177c51]
V  [jvm.dll+0x207026]
V  [jvm.dll+0x2051bb]
V  [jvm.dll+0x729820]
V  [jvm.dll+0x7223f4]
V  [jvm.dll+0x628c26]
C  [ucrtbase.dll+0x21bb2]
C  [KERNEL32.DLL+0x17344]
C  [ntdll.dll+0x526b1]


---------------  P R O C E S S  ---------------

Threads class SMR info:
_java_thread_list=0x000001f481b278e0, length=22, elements={
0x000001f4d362f000, 0x000001f4f6310800, 0x000001f4f6311800, 0x000001f4f6337800,
0x000001f4f6338800, 0x000001f4f6339800, 0x000001f4f6c23800, 0x000001f4f6c2b800,
0x000001f4f6c2e800, 0x000001f4f6bc0800, 0x000001f4f7126800, 0x000001f4f7486800,
0x000001f4f74d1800, 0x000001f4f7724800, 0x000001f4f7625800, 0x000001f4810ae000,
0x000001f4810f6800, 0x000001f4810ff800, 0x000001f4f8575800, 0x000001f4811ca800,
0x000001f4811cb000, 0x000001f481adb000
}

Java Threads: ( => current thread )
  0x000001f4d362f000 JavaThread "main" [_thread_blocked, id=11592, stack(0x0000000566900000,0x0000000566a00000)]
  0x000001f4f6310800 JavaThread "Reference Handler" daemon [_thread_blocked, id=24776, stack(0x0000000567000000,0x0000000567100000)]
  0x000001f4f6311800 JavaThread "Finalizer" daemon [_thread_blocked, id=18468, stack(0x0000000567100000,0x0000000567200000)]
  0x000001f4f6337800 JavaThread "Signal Dispatcher" daemon [_thread_blocked, id=2776, stack(0x0000000567200000,0x0000000567300000)]
  0x000001f4f6338800 JavaThread "Attach Listener" daemon [_thread_blocked, id=14696, stack(0x0000000567300000,0x0000000567400000)]
  0x000001f4f6339800 JavaThread "Service Thread" daemon [_thread_blocked, id=19996, stack(0x0000000567400000,0x0000000567500000)]
=>0x000001f4f6c23800 JavaThread "C2 CompilerThread0" daemon [_thread_in_native, id=17024, stack(0x0000000567500000,0x0000000567600000)]
  0x000001f4f6c2b800 JavaThread "C1 CompilerThread0" daemon [_thread_blocked, id=4612, stack(0x0000000567600000,0x0000000567700000)]
  0x000001f4f6c2e800 JavaThread "Sweeper thread" daemon [_thread_blocked, id=14972, stack(0x0000000567700000,0x0000000567800000)]
  0x000001f4f6bc0800 JavaThread "Common-Cleaner" daemon [_thread_blocked, id=6000, stack(0x0000000567800000,0x0000000567900000)]
  0x000001f4f7126800 JavaThread "Monitor Ctrl-Break" daemon [_thread_in_native, id=12016, stack(0x0000000567a00000,0x0000000567b00000)]
  0x000001f4f7486800 JavaThread "Java2D Disposer" daemon [_thread_blocked, id=16580, stack(0x0000000567c00000,0x0000000567d00000)]
  0x000001f4f74d1800 JavaThread "AWT-Shutdown" [_thread_blocked, id=11380, stack(0x0000000567d00000,0x0000000567e00000)]
  0x000001f4f7724800 JavaThread "AWT-Windows" daemon [_thread_in_native, id=12744, stack(0x0000000567e00000,0x0000000567f00000)]
  0x000001f4f7625800 JavaThread "AWT-EventQueue-0" [_thread_blocked, id=19556, stack(0x0000000567f00000,0x0000000568000000)]
  0x000001f4810ae000 JavaThread "DefaultDispatcher-worker-1" daemon [_thread_in_Java, id=18220, stack(0x0000000568700000,0x0000000568800000)]
  0x000001f4810f6800 JavaThread "DefaultDispatcher-worker-2" daemon [_thread_blocked, id=6796, stack(0x0000000568800000,0x0000000568900000)]
  0x000001f4810ff800 JavaThread "DefaultDispatcher-worker-3" daemon [_thread_blocked, id=23948, stack(0x0000000568900000,0x0000000568a00000)]
  0x000001f4f8575800 JavaThread "kotlinx.coroutines.DefaultExecutor" daemon [_thread_blocked, id=26252, stack(0x0000000568a00000,0x0000000568b00000)]
  0x000001f4811ca800 JavaThread "Reference Cleaner" daemon [_thread_blocked, id=8064, stack(0x0000000568b00000,0x0000000568c00000)]
  0x000001f4811cb000 JavaThread "D3D Screen Updater" daemon [_thread_blocked, id=20448, stack(0x0000000568f00000,0x0000000569000000)]
  0x000001f481adb000 JavaThread "TimerQueue" daemon [_thread_blocked, id=11956, stack(0x0000000569000000,0x0000000569100000)]

Other Threads:
  0x000001f4f630e800 VMThread "VM Thread" [stack: 0x0000000566f00000,0x0000000567000000] [id=16696]
  0x000001f4f7197000 WatcherThread [stack: 0x0000000567b00000,0x0000000567c00000] [id=22500]
  0x000001f4d3645800 GCTaskThread "GC Thread#0" [stack: 0x0000000566a00000,0x0000000566b00000] [id=17940]
  0x000001f4f81a0000 GCTaskThread "GC Thread#1" [stack: 0x0000000567900000,0x0000000567a00000] [id=9340]
  0x000001f4f81a0800 GCTaskThread "GC Thread#2" [stack: 0x0000000568200000,0x0000000568300000] [id=25736]
  0x000001f4f81aa000 GCTaskThread "GC Thread#3" [stack: 0x0000000568300000,0x0000000568400000] [id=20152]
  0x000001f4f81aa800 GCTaskThread "GC Thread#4" [stack: 0x0000000568400000,0x0000000568500000] [id=19824]
  0x000001f4f81ab000 GCTaskThread "GC Thread#5" [stack: 0x0000000568500000,0x0000000568600000] [id=24420]
  0x000001f4d36a4000 ConcurrentGCThread "G1 Main Marker" [stack: 0x0000000566b00000,0x0000000566c00000] [id=22544]
  0x000001f4d36a6000 ConcurrentGCThread "G1 Conc#0" [stack: 0x0000000566c00000,0x0000000566d00000] [id=20752]
  0x000001f4812ef000 ConcurrentGCThread "G1 Conc#1" [stack: 0x0000000568e00000,0x0000000568f00000] [id=22660]
  0x000001f4f61f7000 ConcurrentGCThread "G1 Refine#0" [stack: 0x0000000566d00000,0x0000000566e00000] [id=14684]
  0x000001f4f61f8000 ConcurrentGCThread "G1 Young RemSet Sampling" [stack: 0x0000000566e00000,0x0000000566f00000] [id=10448]

Threads with active compile tasks:
C2 CompilerThread0   7093 2593   !   4       jdk.internal.loader.BuiltinClassLoader::loadClassOrNull (143 bytes)

VM state:not at safepoint (normal execution)

VM Mutex/Monitor currently owned by a thread: None

Heap address: 0x0000000700e00000, size: 4082 MB, Compressed Oops mode: Zero based, Oop shift amount: 3
Narrow klass base: 0x0000000800000000, Narrow klass shift: 0
Compressed class space size: 1073741824 Address: 0x0000000800000000

Heap:
 garbage-first heap   total 262144K, used 55806K [0x0000000700e00000, 0x0000000800000000)
  region size 1024K, 56 young (57344K), 5 survivors (5120K)
 Metaspace       used 30353K, capacity 30793K, committed 30848K, reserved 1077248K
  class space    used 3194K, capacity 3423K, committed 3456K, reserved 1048576K
Heap Regions: E=young(eden), S=young(survivor), O=old, HS=humongous(starts), HC=humongous(continues), CS=collection set, F=free, A=archive, TAMS=top-at-mark-start (previous, next)
|   0|0x0000000700e00000, 0x0000000700e00000, 0x0000000700f00000|  0%| F|  |TAMS 0x0000000700e00000, 0x0000000700e00000| Untracked 
|   1|0x0000000700f00000, 0x0000000700f00000, 0x0000000701000000|  0%| F|  |TAMS 0x0000000700f00000, 0x0000000700f00000| Untracked 
|   2|0x0000000701000000, 0x0000000701000000, 0x0000000701100000|  0%| F|  |TAMS 0x0000000701000000, 0x0000000701000000| Untracked 
|   3|0x0000000701100000, 0x0000000701100000, 0x0000000701200000|  0%| F|  |TAMS 0x0000000701100000, 0x0000000701100000| Untracked 
|   4|0x0000000701200000, 0x0000000701200000, 0x0000000701300000|  0%| F|  |TAMS 0x0000000701200000, 0x0000000701200000| Untracked 
|   5|0x0000000701300000, 0x0000000701300000, 0x0000000701400000|  0%| F|  |TAMS 0x0000000701300000, 0x0000000701300000| Untracked 
|   6|0x0000000701400000, 0x0000000701400000, 0x0000000701500000|  0%| F|  |TAMS 0x0000000701400000, 0x0000000701400000| Untracked 
|   7|0x0000000701500000, 0x0000000701500000, 0x0000000701600000|  0%| F|  |TAMS 0x0000000701500000, 0x0000000701500000| Untracked 
|   8|0x0000000701600000, 0x0000000701600000, 0x0000000701700000|  0%| F|  |TAMS 0x0000000701600000, 0x0000000701600000| Untracked 
|   9|0x0000000701700000, 0x0000000701700000, 0x0000000701800000|  0%| F|  |TAMS 0x0000000701700000, 0x0000000701700000| Untracked 
|  10|0x0000000701800000, 0x0000000701800000, 0x0000000701900000|  0%| F|  |TAMS 0x0000000701800000, 0x0000000701800000| Untracked 
|  11|0x0000000701900000, 0x0000000701900000, 0x0000000701a00000|  0%| F|  |TAMS 0x0000000701900000, 0x0000000701900000| Untracked 
|  12|0x0000000701a00000, 0x0000000701a00000, 0x0000000701b00000|  0%| F|  |TAMS 0x0000000701a00000, 0x0000000701a00000| Untracked 
|  13|0x0000000701b00000, 0x0000000701b00000, 0x0000000701c00000|  0%| F|  |TAMS 0x0000000701b00000, 0x0000000701b00000| Untracked 
|  14|0x0000000701c00000, 0x0000000701c00000, 0x0000000701d00000|  0%| F|  |TAMS 0x0000000701c00000, 0x0000000701c00000| Untracked 
|  15|0x0000000701d00000, 0x0000000701d00000, 0x0000000701e00000|  0%| F|  |TAMS 0x0000000701d00000, 0x0000000701d00000| Untracked 
|  16|0x0000000701e00000, 0x0000000701e00000, 0x0000000701f00000|  0%| F|  |TAMS 0x0000000701e00000, 0x0000000701e00000| Untracked 
|  17|0x0000000701f00000, 0x0000000701f00000, 0x0000000702000000|  0%| F|  |TAMS 0x0000000701f00000, 0x0000000701f00000| Untracked 
|  18|0x0000000702000000, 0x0000000702000000, 0x0000000702100000|  0%| F|  |TAMS 0x0000000702000000, 0x0000000702000000| Untracked 
|  19|0x0000000702100000, 0x0000000702100000, 0x0000000702200000|  0%| F|  |TAMS 0x0000000702100000, 0x0000000702100000| Untracked 
|  20|0x0000000702200000, 0x0000000702200000, 0x0000000702300000|  0%| F|  |TAMS 0x0000000702200000, 0x0000000702200000| Untracked 
|  21|0x0000000702300000, 0x0000000702300000, 0x0000000702400000|  0%| F|  |TAMS 0x0000000702300000, 0x0000000702300000| Untracked 
|  22|0x0000000702400000, 0x0000000702400000, 0x0000000702500000|  0%| F|  |TAMS 0x0000000702400000, 0x0000000702400000| Untracked 
|  23|0x0000000702500000, 0x0000000702500000, 0x0000000702600000|  0%| F|  |TAMS 0x0000000702500000, 0x0000000702500000| Untracked 
|  24|0x0000000702600000, 0x0000000702600000, 0x0000000702700000|  0%| F|  |TAMS 0x0000000702600000, 0x0000000702600000| Untracked 
|  25|0x0000000702700000, 0x0000000702700000, 0x0000000702800000|  0%| F|  |TAMS 0x0000000702700000, 0x0000000702700000| Untracked 
|  26|0x0000000702800000, 0x0000000702800000, 0x0000000702900000|  0%| F|  |TAMS 0x0000000702800000, 0x0000000702800000| Untracked 
|  27|0x0000000702900000, 0x0000000702900000, 0x0000000702a00000|  0%| F|  |TAMS 0x0000000702900000, 0x0000000702900000| Untracked 
|  28|0x0000000702a00000, 0x0000000702a00000, 0x0000000702b00000|  0%| F|  |TAMS 0x0000000702a00000, 0x0000000702a00000| Untracked 
|  29|0x0000000702b00000, 0x0000000702b00000, 0x0000000702c00000|  0%| F|  |TAMS 0x0000000702b00000, 0x0000000702b00000| Untracked 
|  30|0x0000000702c00000, 0x0000000702c00000, 0x0000000702d00000|  0%| F|  |TAMS 0x0000000702c00000, 0x0000000702c00000| Untracked 
|  31|0x0000000702d00000, 0x0000000702d00000, 0x0000000702e00000|  0%| F|  |TAMS 0x0000000702d00000, 0x0000000702d00000| Untracked 
|  32|0x0000000702e00000, 0x0000000702e00000, 0x0000000702f00000|  0%| F|  |TAMS 0x0000000702e00000, 0x0000000702e00000| Untracked 
|  33|0x0000000702f00000, 0x0000000702f00000, 0x0000000703000000|  0%| F|  |TAMS 0x0000000702f00000, 0x0000000702f00000| Untracked 
|  34|0x0000000703000000, 0x0000000703000000, 0x0000000703100000|  0%| F|  |TAMS 0x0000000703000000, 0x0000000703000000| Untracked 
|  35|0x0000000703100000, 0x0000000703100000, 0x0000000703200000|  0%| F|  |TAMS 0x0000000703100000, 0x0000000703100000| Untracked 
|  36|0x0000000703200000, 0x0000000703200000, 0x0000000703300000|  0%| F|  |TAMS 0x0000000703200000, 0x0000000703200000| Untracked 
|  37|0x0000000703300000, 0x0000000703300000, 0x0000000703400000|  0%| F|  |TAMS 0x0000000703300000, 0x0000000703300000| Untracked 
|  38|0x0000000703400000, 0x0000000703400000, 0x0000000703500000|  0%| F|  |TAMS 0x0000000703400000, 0x0000000703400000| Untracked 
|  39|0x0000000703500000, 0x0000000703500000, 0x0000000703600000|  0%| F|  |TAMS 0x0000000703500000, 0x0000000703500000| Untracked 
|  40|0x0000000703600000, 0x0000000703600000, 0x0000000703700000|  0%| F|  |TAMS 0x0000000703600000, 0x0000000703600000| Untracked 
|  41|0x0000000703700000, 0x0000000703700000, 0x0000000703800000|  0%| F|  |TAMS 0x0000000703700000, 0x0000000703700000| Untracked 
|  42|0x0000000703800000, 0x0000000703800000, 0x0000000703900000|  0%| F|  |TAMS 0x0000000703800000, 0x0000000703800000| Untracked 
|  43|0x0000000703900000, 0x0000000703900000, 0x0000000703a00000|  0%| F|  |TAMS 0x0000000703900000, 0x0000000703900000| Untracked 
|  44|0x0000000703a00000, 0x0000000703a00000, 0x0000000703b00000|  0%| F|  |TAMS 0x0000000703a00000, 0x0000000703a00000| Untracked 
|  45|0x0000000703b00000, 0x0000000703b00000, 0x0000000703c00000|  0%| F|  |TAMS 0x0000000703b00000, 0x0000000703b00000| Untracked 
|  46|0x0000000703c00000, 0x0000000703c00000, 0x0000000703d00000|  0%| F|  |TAMS 0x0000000703c00000, 0x0000000703c00000| Untracked 
|  47|0x0000000703d00000, 0x0000000703d00000, 0x0000000703e00000|  0%| F|  |TAMS 0x0000000703d00000, 0x0000000703d00000| Untracked 
|  48|0x0000000703e00000, 0x0000000703e00000, 0x0000000703f00000|  0%| F|  |TAMS 0x0000000703e00000, 0x0000000703e00000| Untracked 
|  49|0x0000000703f00000, 0x0000000703f00000, 0x0000000704000000|  0%| F|  |TAMS 0x0000000703f00000, 0x0000000703f00000| Untracked 
|  50|0x0000000704000000, 0x0000000704000000, 0x0000000704100000|  0%| F|  |TAMS 0x0000000704000000, 0x0000000704000000| Untracked 
|  51|0x0000000704100000, 0x0000000704100000, 0x0000000704200000|  0%| F|  |TAMS 0x0000000704100000, 0x0000000704100000| Untracked 
|  52|0x0000000704200000, 0x0000000704200000, 0x0000000704300000|  0%| F|  |TAMS 0x0000000704200000, 0x0000000704200000| Untracked 
|  53|0x0000000704300000, 0x0000000704300000, 0x0000000704400000|  0%| F|  |TAMS 0x0000000704300000, 0x0000000704300000| Untracked 
|  54|0x0000000704400000, 0x0000000704400000, 0x0000000704500000|  0%| F|  |TAMS 0x0000000704400000, 0x0000000704400000| Untracked 
|  55|0x0000000704500000, 0x0000000704500000, 0x0000000704600000|  0%| F|  |TAMS 0x0000000704500000, 0x0000000704500000| Untracked 
|  56|0x0000000704600000, 0x0000000704600000, 0x0000000704700000|  0%| F|  |TAMS 0x0000000704600000, 0x0000000704600000| Untracked 
|  57|0x0000000704700000, 0x0000000704700000, 0x0000000704800000|  0%| F|  |TAMS 0x0000000704700000, 0x0000000704700000| Untracked 
|  58|0x0000000704800000, 0x0000000704800000, 0x0000000704900000|  0%| F|  |TAMS 0x0000000704800000, 0x0000000704800000| Untracked 
|  59|0x0000000704900000, 0x0000000704900000, 0x0000000704a00000|  0%| F|  |TAMS 0x0000000704900000, 0x0000000704900000| Untracked 
|  60|0x0000000704a00000, 0x0000000704a00000, 0x0000000704b00000|  0%| F|  |TAMS 0x0000000704a00000, 0x0000000704a00000| Untracked 
|  61|0x0000000704b00000, 0x0000000704b00000, 0x0000000704c00000|  0%| F|  |TAMS 0x0000000704b00000, 0x0000000704b00000| Untracked 
|  62|0x0000000704c00000, 0x0000000704c00000, 0x0000000704d00000|  0%| F|  |TAMS 0x0000000704c00000, 0x0000000704c00000| Untracked 
|  63|0x0000000704d00000, 0x0000000704d00000, 0x0000000704e00000|  0%| F|  |TAMS 0x0000000704d00000, 0x0000000704d00000| Untracked 
|  64|0x0000000704e00000, 0x0000000704e00000, 0x0000000704f00000|  0%| F|  |TAMS 0x0000000704e00000, 0x0000000704e00000| Untracked 
|  65|0x0000000704f00000, 0x0000000704f00000, 0x0000000705000000|  0%| F|  |TAMS 0x0000000704f00000, 0x0000000704f00000| Untracked 
|  66|0x0000000705000000, 0x0000000705000000, 0x0000000705100000|  0%| F|  |TAMS 0x0000000705000000, 0x0000000705000000| Untracked 
|  67|0x0000000705100000, 0x0000000705100000, 0x0000000705200000|  0%| F|  |TAMS 0x0000000705100000, 0x0000000705100000| Untracked 
|  68|0x0000000705200000, 0x0000000705200000, 0x0000000705300000|  0%| F|  |TAMS 0x0000000705200000, 0x0000000705200000| Untracked 
|  69|0x0000000705300000, 0x0000000705300000, 0x0000000705400000|  0%| F|  |TAMS 0x0000000705300000, 0x0000000705300000| Untracked 
|  70|0x0000000705400000, 0x0000000705400000, 0x0000000705500000|  0%| F|  |TAMS 0x0000000705400000, 0x0000000705400000| Untracked 
|  71|0x0000000705500000, 0x0000000705500000, 0x0000000705600000|  0%| F|  |TAMS 0x0000000705500000, 0x0000000705500000| Untracked 
|  72|0x0000000705600000, 0x0000000705600000, 0x0000000705700000|  0%| F|  |TAMS 0x0000000705600000, 0x0000000705600000| Untracked 
|  73|0x0000000705700000, 0x0000000705700000, 0x0000000705800000|  0%| F|  |TAMS 0x0000000705700000, 0x0000000705700000| Untracked 
|  74|0x0000000705800000, 0x0000000705800000, 0x0000000705900000|  0%| F|  |TAMS 0x0000000705800000, 0x0000000705800000| Untracked 
|  75|0x0000000705900000, 0x0000000705900000, 0x0000000705a00000|  0%| F|  |TAMS 0x0000000705900000, 0x0000000705900000| Untracked 
|  76|0x0000000705a00000, 0x0000000705a00000, 0x0000000705b00000|  0%| F|  |TAMS 0x0000000705a00000, 0x0000000705a00000| Untracked 
|  77|0x0000000705b00000, 0x0000000705b00000, 0x0000000705c00000|  0%| F|  |TAMS 0x0000000705b00000, 0x0000000705b00000| Untracked 
|  78|0x0000000705c00000, 0x0000000705c00000, 0x0000000705d00000|  0%| F|  |TAMS 0x0000000705c00000, 0x0000000705c00000| Untracked 
|  79|0x0000000705d00000, 0x0000000705d00000, 0x0000000705e00000|  0%| F|  |TAMS 0x0000000705d00000, 0x0000000705d00000| Untracked 
|  80|0x0000000705e00000, 0x0000000705e00000, 0x0000000705f00000|  0%| F|  |TAMS 0x0000000705e00000, 0x0000000705e00000| Untracked 
|  81|0x0000000705f00000, 0x0000000705f00000, 0x0000000706000000|  0%| F|  |TAMS 0x0000000705f00000, 0x0000000705f00000| Untracked 
|  82|0x0000000706000000, 0x0000000706000000, 0x0000000706100000|  0%| F|  |TAMS 0x0000000706000000, 0x0000000706000000| Untracked 
|  83|0x0000000706100000, 0x0000000706100000, 0x0000000706200000|  0%| F|  |TAMS 0x0000000706100000, 0x0000000706100000| Untracked 
|  84|0x0000000706200000, 0x0000000706200000, 0x0000000706300000|  0%| F|  |TAMS 0x0000000706200000, 0x0000000706200000| Untracked 
|  85|0x0000000706300000, 0x0000000706300000, 0x0000000706400000|  0%| F|  |TAMS 0x0000000706300000, 0x0000000706300000| Untracked 
|  86|0x0000000706400000, 0x0000000706400000, 0x0000000706500000|  0%| F|  |TAMS 0x0000000706400000, 0x0000000706400000| Untracked 
|  87|0x0000000706500000, 0x0000000706500000, 0x0000000706600000|  0%| F|  |TAMS 0x0000000706500000, 0x0000000706500000| Untracked 
|  88|0x0000000706600000, 0x0000000706600000, 0x0000000706700000|  0%| F|  |TAMS 0x0000000706600000, 0x0000000706600000| Untracked 
|  89|0x0000000706700000, 0x0000000706700000, 0x0000000706800000|  0%| F|  |TAMS 0x0000000706700000, 0x0000000706700000| Untracked 
|  90|0x0000000706800000, 0x0000000706800000, 0x0000000706900000|  0%| F|  |TAMS 0x0000000706800000, 0x0000000706800000| Untracked 
|  91|0x0000000706900000, 0x0000000706900000, 0x0000000706a00000|  0%| F|  |TAMS 0x0000000706900000, 0x0000000706900000| Untracked 
|  92|0x0000000706a00000, 0x0000000706a00000, 0x0000000706b00000|  0%| F|  |TAMS 0x0000000706a00000, 0x0000000706a00000| Untracked 
|  93|0x0000000706b00000, 0x0000000706b00000, 0x0000000706c00000|  0%| F|  |TAMS 0x0000000706b00000, 0x0000000706b00000| Untracked 
|  94|0x0000000706c00000, 0x0000000706c00000, 0x0000000706d00000|  0%| F|  |TAMS 0x0000000706c00000, 0x0000000706c00000| Untracked 
|  95|0x0000000706d00000, 0x0000000706d00000, 0x0000000706e00000|  0%| F|  |TAMS 0x0000000706d00000, 0x0000000706d00000| Untracked 
|  96|0x0000000706e00000, 0x0000000706e00000, 0x0000000706f00000|  0%| F|  |TAMS 0x0000000706e00000, 0x0000000706e00000| Untracked 
|  97|0x0000000706f00000, 0x0000000706f00000, 0x0000000707000000|  0%| F|  |TAMS 0x0000000706f00000, 0x0000000706f00000| Untracked 
|  98|0x0000000707000000, 0x0000000707000000, 0x0000000707100000|  0%| F|  |TAMS 0x0000000707000000, 0x0000000707000000| Untracked 
|  99|0x0000000707100000, 0x0000000707100000, 0x0000000707200000|  0%| F|  |TAMS 0x0000000707100000, 0x0000000707100000| Untracked 
| 100|0x0000000707200000, 0x0000000707200000, 0x0000000707300000|  0%| F|  |TAMS 0x0000000707200000, 0x0000000707200000| Untracked 
| 101|0x0000000707300000, 0x0000000707300000, 0x0000000707400000|  0%| F|  |TAMS 0x0000000707300000, 0x0000000707300000| Untracked 
| 102|0x0000000707400000, 0x0000000707400000, 0x0000000707500000|  0%| F|  |TAMS 0x0000000707400000, 0x0000000707400000| Untracked 
| 103|0x0000000707500000, 0x0000000707500000, 0x0000000707600000|  0%| F|  |TAMS 0x0000000707500000, 0x0000000707500000| Untracked 
| 104|0x0000000707600000, 0x0000000707600000, 0x0000000707700000|  0%| F|  |TAMS 0x0000000707600000, 0x0000000707600000| Untracked 
| 105|0x0000000707700000, 0x0000000707700000, 0x0000000707800000|  0%| F|  |TAMS 0x0000000707700000, 0x0000000707700000| Untracked 
| 106|0x0000000707800000, 0x0000000707800000, 0x0000000707900000|  0%| F|  |TAMS 0x0000000707800000, 0x0000000707800000| Untracked 
| 107|0x0000000707900000, 0x0000000707900000, 0x0000000707a00000|  0%| F|  |TAMS 0x0000000707900000, 0x0000000707900000| Untracked 
| 108|0x0000000707a00000, 0x0000000707a00000, 0x0000000707b00000|  0%| F|  |TAMS 0x0000000707a00000, 0x0000000707a00000| Untracked 
| 109|0x0000000707b00000, 0x0000000707b00000, 0x0000000707c00000|  0%| F|  |TAMS 0x0000000707b00000, 0x0000000707b00000| Untracked 
| 110|0x0000000707c00000, 0x0000000707c00000, 0x0000000707d00000|  0%| F|  |TAMS 0x0000000707c00000, 0x0000000707c00000| Untracked 
| 111|0x0000000707d00000, 0x0000000707d00000, 0x0000000707e00000|  0%| F|  |TAMS 0x0000000707d00000, 0x0000000707d00000| Untracked 
| 112|0x0000000707e00000, 0x0000000707e00000, 0x0000000707f00000|  0%| F|  |TAMS 0x0000000707e00000, 0x0000000707e00000| Untracked 
| 113|0x0000000707f00000, 0x0000000707f00000, 0x0000000708000000|  0%| F|  |TAMS 0x0000000707f00000, 0x0000000707f00000| Untracked 
| 114|0x0000000708000000, 0x0000000708000000, 0x0000000708100000|  0%| F|  |TAMS 0x0000000708000000, 0x0000000708000000| Untracked 
| 115|0x0000000708100000, 0x0000000708100000, 0x0000000708200000|  0%| F|  |TAMS 0x0000000708100000, 0x0000000708100000| Untracked 
| 116|0x0000000708200000, 0x0000000708200000, 0x0000000708300000|  0%| F|  |TAMS 0x0000000708200000, 0x0000000708200000| Untracked 
| 117|0x0000000708300000, 0x0000000708300000, 0x0000000708400000|  0%| F|  |TAMS 0x0000000708300000, 0x0000000708300000| Untracked 
| 118|0x0000000708400000, 0x0000000708400000, 0x0000000708500000|  0%| F|  |TAMS 0x0000000708400000, 0x0000000708400000| Untracked 
| 119|0x0000000708500000, 0x0000000708500000, 0x0000000708600000|  0%| F|  |TAMS 0x0000000708500000, 0x0000000708500000| Untracked 
| 120|0x0000000708600000, 0x0000000708600000, 0x0000000708700000|  0%| F|  |TAMS 0x0000000708600000, 0x0000000708600000| Untracked 
| 121|0x0000000708700000, 0x0000000708700000, 0x0000000708800000|  0%| F|  |TAMS 0x0000000708700000, 0x0000000708700000| Untracked 
| 122|0x0000000708800000, 0x0000000708800000, 0x0000000708900000|  0%| F|  |TAMS 0x0000000708800000, 0x0000000708800000| Untracked 
| 123|0x0000000708900000, 0x0000000708900000, 0x0000000708a00000|  0%| F|  |TAMS 0x0000000708900000, 0x0000000708900000| Untracked 
| 124|0x0000000708a00000, 0x0000000708a00000, 0x0000000708b00000|  0%| F|  |TAMS 0x0000000708a00000, 0x0000000708a00000| Untracked 
| 125|0x0000000708b00000, 0x0000000708b00000, 0x0000000708c00000|  0%| F|  |TAMS 0x0000000708b00000, 0x0000000708b00000| Untracked 
| 126|0x0000000708c00000, 0x0000000708c00000, 0x0000000708d00000|  0%| F|  |TAMS 0x0000000708c00000, 0x0000000708c00000| Untracked 
| 127|0x0000000708d00000, 0x0000000708d00000, 0x0000000708e00000|  0%| F|  |TAMS 0x0000000708d00000, 0x0000000708d00000| Untracked 
| 128|0x0000000708e00000, 0x0000000708e00000, 0x0000000708f00000|  0%| F|  |TAMS 0x0000000708e00000, 0x0000000708e00000| Untracked 
| 129|0x0000000708f00000, 0x0000000708f00000, 0x0000000709000000|  0%| F|  |TAMS 0x0000000708f00000, 0x0000000708f00000| Untracked 
| 130|0x0000000709000000, 0x0000000709000000, 0x0000000709100000|  0%| F|  |TAMS 0x0000000709000000, 0x0000000709000000| Untracked 
| 131|0x0000000709100000, 0x0000000709100000, 0x0000000709200000|  0%| F|  |TAMS 0x0000000709100000, 0x0000000709100000| Untracked 
| 132|0x0000000709200000, 0x0000000709200000, 0x0000000709300000|  0%| F|  |TAMS 0x0000000709200000, 0x0000000709200000| Untracked 
| 133|0x0000000709300000, 0x0000000709300000, 0x0000000709400000|  0%| F|  |TAMS 0x0000000709300000, 0x0000000709300000| Untracked 
| 134|0x0000000709400000, 0x0000000709400000, 0x0000000709500000|  0%| F|  |TAMS 0x0000000709400000, 0x0000000709400000| Untracked 
| 135|0x0000000709500000, 0x0000000709500000, 0x0000000709600000|  0%| F|  |TAMS 0x0000000709500000, 0x0000000709500000| Untracked 
| 136|0x0000000709600000, 0x0000000709600000, 0x0000000709700000|  0%| F|  |TAMS 0x0000000709600000, 0x0000000709600000| Untracked 
| 137|0x0000000709700000, 0x0000000709700000, 0x0000000709800000|  0%| F|  |TAMS 0x0000000709700000, 0x0000000709700000| Untracked 
| 138|0x0000000709800000, 0x0000000709800000, 0x0000000709900000|  0%| F|  |TAMS 0x0000000709800000, 0x0000000709800000| Untracked 
| 139|0x0000000709900000, 0x0000000709900000, 0x0000000709a00000|  0%| F|  |TAMS 0x0000000709900000, 0x0000000709900000| Untracked 
| 140|0x0000000709a00000, 0x0000000709a00000, 0x0000000709b00000|  0%| F|  |TAMS 0x0000000709a00000, 0x0000000709a00000| Untracked 
| 141|0x0000000709b00000, 0x0000000709b00000, 0x0000000709c00000|  0%| F|  |TAMS 0x0000000709b00000, 0x0000000709b00000| Untracked 
| 142|0x0000000709c00000, 0x0000000709c00000, 0x0000000709d00000|  0%| F|  |TAMS 0x0000000709c00000, 0x0000000709c00000| Untracked 
| 143|0x0000000709d00000, 0x0000000709d00000, 0x0000000709e00000|  0%| F|  |TAMS 0x0000000709d00000, 0x0000000709d00000| Untracked 
| 144|0x0000000709e00000, 0x0000000709e00000, 0x0000000709f00000|  0%| F|  |TAMS 0x0000000709e00000, 0x0000000709e00000| Untracked 
| 145|0x0000000709f00000, 0x0000000709f00000, 0x000000070a000000|  0%| F|  |TAMS 0x0000000709f00000, 0x0000000709f00000| Untracked 
| 146|0x000000070a000000, 0x000000070a000000, 0x000000070a100000|  0%| F|  |TAMS 0x000000070a000000, 0x000000070a000000| Untracked 
| 147|0x000000070a100000, 0x000000070a100000, 0x000000070a200000|  0%| F|  |TAMS 0x000000070a100000, 0x000000070a100000| Untracked 
| 148|0x000000070a200000, 0x000000070a200000, 0x000000070a300000|  0%| F|  |TAMS 0x000000070a200000, 0x000000070a200000| Untracked 
| 149|0x000000070a300000, 0x000000070a300000, 0x000000070a400000|  0%| F|  |TAMS 0x000000070a300000, 0x000000070a300000| Untracked 
| 150|0x000000070a400000, 0x000000070a400000, 0x000000070a500000|  0%| F|  |TAMS 0x000000070a400000, 0x000000070a400000| Untracked 
| 151|0x000000070a500000, 0x000000070a500000, 0x000000070a600000|  0%| F|  |TAMS 0x000000070a500000, 0x000000070a500000| Untracked 
| 152|0x000000070a600000, 0x000000070a600000, 0x000000070a700000|  0%| F|  |TAMS 0x000000070a600000, 0x000000070a600000| Untracked 
| 153|0x000000070a700000, 0x000000070a700000, 0x000000070a800000|  0%| F|  |TAMS 0x000000070a700000, 0x000000070a700000| Untracked 
| 154|0x000000070a800000, 0x000000070a800000, 0x000000070a900000|  0%| F|  |TAMS 0x000000070a800000, 0x000000070a800000| Untracked 
| 155|0x000000070a900000, 0x000000070a900000, 0x000000070aa00000|  0%| F|  |TAMS 0x000000070a900000, 0x000000070a900000| Untracked 
| 156|0x000000070aa00000, 0x000000070aa00000, 0x000000070ab00000|  0%| F|  |TAMS 0x000000070aa00000, 0x000000070aa00000| Untracked 
| 157|0x000000070ab00000, 0x000000070ab00000, 0x000000070ac00000|  0%| F|  |TAMS 0x000000070ab00000, 0x000000070ab00000| Untracked 
| 158|0x000000070ac00000, 0x000000070ac00000, 0x000000070ad00000|  0%| F|  |TAMS 0x000000070ac00000, 0x000000070ac00000| Untracked 
| 159|0x000000070ad00000, 0x000000070ad00000, 0x000000070ae00000|  0%| F|  |TAMS 0x000000070ad00000, 0x000000070ad00000| Untracked 
| 160|0x000000070ae00000, 0x000000070ae00000, 0x000000070af00000|  0%| F|  |TAMS 0x000000070ae00000, 0x000000070ae00000| Untracked 
| 161|0x000000070af00000, 0x000000070af00000, 0x000000070b000000|  0%| F|  |TAMS 0x000000070af00000, 0x000000070af00000| Untracked 
| 162|0x000000070b000000, 0x000000070b000000, 0x000000070b100000|  0%| F|  |TAMS 0x000000070b000000, 0x000000070b000000| Untracked 
| 163|0x000000070b100000, 0x000000070b100000, 0x000000070b200000|  0%| F|  |TAMS 0x000000070b100000, 0x000000070b100000| Untracked 
| 164|0x000000070b200000, 0x000000070b200000, 0x000000070b300000|  0%| F|  |TAMS 0x000000070b200000, 0x000000070b200000| Untracked 
| 165|0x000000070b300000, 0x000000070b300000, 0x000000070b400000|  0%| F|  |TAMS 0x000000070b300000, 0x000000070b300000| Untracked 
| 166|0x000000070b400000, 0x000000070b400000, 0x000000070b500000|  0%| F|  |TAMS 0x000000070b400000, 0x000000070b400000| Untracked 
| 167|0x000000070b500000, 0x000000070b500000, 0x000000070b600000|  0%| F|  |TAMS 0x000000070b500000, 0x000000070b500000| Untracked 
| 168|0x000000070b600000, 0x000000070b600000, 0x000000070b700000|  0%| F|  |TAMS 0x000000070b600000, 0x000000070b600000| Untracked 
| 169|0x000000070b700000, 0x000000070b700000, 0x000000070b800000|  0%| F|  |TAMS 0x000000070b700000, 0x000000070b700000| Untracked 
| 170|0x000000070b800000, 0x000000070b800000, 0x000000070b900000|  0%| F|  |TAMS 0x000000070b800000, 0x000000070b800000| Untracked 
| 171|0x000000070b900000, 0x000000070b900000, 0x000000070ba00000|  0%| F|  |TAMS 0x000000070b900000, 0x000000070b900000| Untracked 
| 172|0x000000070ba00000, 0x000000070ba00000, 0x000000070bb00000|  0%| F|  |TAMS 0x000000070ba00000, 0x000000070ba00000| Untracked 
| 173|0x000000070bb00000, 0x000000070bb00000, 0x000000070bc00000|  0%| F|  |TAMS 0x000000070bb00000, 0x000000070bb00000| Untracked 
| 174|0x000000070bc00000, 0x000000070bc00000, 0x000000070bd00000|  0%| F|  |TAMS 0x000000070bc00000, 0x000000070bc00000| Untracked 
| 175|0x000000070bd00000, 0x000000070bd00000, 0x000000070be00000|  0%| F|  |TAMS 0x000000070bd00000, 0x000000070bd00000| Untracked 
| 176|0x000000070be00000, 0x000000070be00000, 0x000000070bf00000|  0%| F|  |TAMS 0x000000070be00000, 0x000000070be00000| Untracked 
| 177|0x000000070bf00000, 0x000000070bf00000, 0x000000070c000000|  0%| F|  |TAMS 0x000000070bf00000, 0x000000070bf00000| Untracked 
| 178|0x000000070c000000, 0x000000070c000000, 0x000000070c100000|  0%| F|  |TAMS 0x000000070c000000, 0x000000070c000000| Untracked 
| 179|0x000000070c100000, 0x000000070c100000, 0x000000070c200000|  0%| F|  |TAMS 0x000000070c100000, 0x000000070c100000| Untracked 
| 180|0x000000070c200000, 0x000000070c200000, 0x000000070c300000|  0%| F|  |TAMS 0x000000070c200000, 0x000000070c200000| Untracked 
| 181|0x000000070c300000, 0x000000070c300000, 0x000000070c400000|  0%| F|  |TAMS 0x000000070c300000, 0x000000070c300000| Untracked 
| 182|0x000000070c400000, 0x000000070c400000, 0x000000070c500000|  0%| F|  |TAMS 0x000000070c400000, 0x000000070c400000| Untracked 
| 183|0x000000070c500000, 0x000000070c500000, 0x000000070c600000|  0%| F|  |TAMS 0x000000070c500000, 0x000000070c500000| Untracked 
| 184|0x000000070c600000, 0x000000070c600000, 0x000000070c700000|  0%| F|  |TAMS 0x000000070c600000, 0x000000070c600000| Untracked 
| 185|0x000000070c700000, 0x000000070c700000, 0x000000070c800000|  0%| F|  |TAMS 0x000000070c700000, 0x000000070c700000| Untracked 
| 186|0x000000070c800000, 0x000000070c800000, 0x000000070c900000|  0%| F|  |TAMS 0x000000070c800000, 0x000000070c800000| Untracked 
| 187|0x000000070c900000, 0x000000070c900000, 0x000000070ca00000|  0%| F|  |TAMS 0x000000070c900000, 0x000000070c900000| Untracked 
| 188|0x000000070ca00000, 0x000000070ca00000, 0x000000070cb00000|  0%| F|  |TAMS 0x000000070ca00000, 0x000000070ca00000| Untracked 
| 189|0x000000070cb00000, 0x000000070cb00000, 0x000000070cc00000|  0%| F|  |TAMS 0x000000070cb00000, 0x000000070cb00000| Untracked 
| 190|0x000000070cc00000, 0x000000070cc00000, 0x000000070cd00000|  0%| F|  |TAMS 0x000000070cc00000, 0x000000070cc00000| Untracked 
| 191|0x000000070cd00000, 0x000000070cd00000, 0x000000070ce00000|  0%| F|  |TAMS 0x000000070cd00000, 0x000000070cd00000| Untracked 
| 192|0x000000070ce00000, 0x000000070ce00000, 0x000000070cf00000|  0%| F|  |TAMS 0x000000070ce00000, 0x000000070ce00000| Untracked 
| 193|0x000000070cf00000, 0x000000070cf00000, 0x000000070d000000|  0%| F|  |TAMS 0x000000070cf00000, 0x000000070cf00000| Untracked 
| 194|0x000000070d000000, 0x000000070d000000, 0x000000070d100000|  0%| F|  |TAMS 0x000000070d000000, 0x000000070d000000| Untracked 
| 195|0x000000070d100000, 0x000000070d100000, 0x000000070d200000|  0%| F|  |TAMS 0x000000070d100000, 0x000000070d100000| Untracked 
| 196|0x000000070d200000, 0x000000070d200000, 0x000000070d300000|  0%| F|  |TAMS 0x000000070d200000, 0x000000070d200000| Untracked 
| 197|0x000000070d300000, 0x000000070d300000, 0x000000070d400000|  0%| F|  |TAMS 0x000000070d300000, 0x000000070d300000| Untracked 
| 198|0x000000070d400000, 0x000000070d400000, 0x000000070d500000|  0%| F|  |TAMS 0x000000070d400000, 0x000000070d400000| Untracked 
| 199|0x000000070d500000, 0x000000070d500000, 0x000000070d600000|  0%| F|  |TAMS 0x000000070d500000, 0x000000070d500000| Untracked 
| 200|0x000000070d600000, 0x000000070d700000, 0x000000070d700000|100%| E|  |TAMS 0x000000070d600000, 0x000000070d600000| Complete 
| 201|0x000000070d700000, 0x000000070d800000, 0x000000070d800000|100%| E|CS|TAMS 0x000000070d700000, 0x000000070d700000| Complete 
| 202|0x000000070d800000, 0x000000070d900000, 0x000000070d900000|100%| E|CS|TAMS 0x000000070d800000, 0x000000070d800000| Complete 
| 203|0x000000070d900000, 0x000000070da00000, 0x000000070da00000|100%| E|CS|TAMS 0x000000070d900000, 0x000000070d900000| Complete 
| 204|0x000000070da00000, 0x000000070db00000, 0x000000070db00000|100%| E|CS|TAMS 0x000000070da00000, 0x000000070da00000| Complete 
| 205|0x000000070db00000, 0x000000070dc00000, 0x000000070dc00000|100%| E|CS|TAMS 0x000000070db00000, 0x000000070db00000| Complete 
| 206|0x000000070dc00000, 0x000000070dd00000, 0x000000070dd00000|100%| E|CS|TAMS 0x000000070dc00000, 0x000000070dc00000| Complete 
| 207|0x000000070dd00000, 0x000000070de00000, 0x000000070de00000|100%| E|CS|TAMS 0x000000070dd00000, 0x000000070dd00000| Complete 
| 208|0x000000070de00000, 0x000000070df00000, 0x000000070df00000|100%| E|CS|TAMS 0x000000070de00000, 0x000000070de00000| Complete 
| 209|0x000000070df00000, 0x000000070e000000, 0x000000070e000000|100%| E|CS|TAMS 0x000000070df00000, 0x000000070df00000| Complete 
| 210|0x000000070e000000, 0x000000070e100000, 0x000000070e100000|100%| E|CS|TAMS 0x000000070e000000, 0x000000070e000000| Complete 
| 211|0x000000070e100000, 0x000000070e200000, 0x000000070e200000|100%| E|CS|TAMS 0x000000070e100000, 0x000000070e100000| Complete 
| 212|0x000000070e200000, 0x000000070e300000, 0x000000070e300000|100%| E|CS|TAMS 0x000000070e200000, 0x000000070e200000| Complete 
| 213|0x000000070e300000, 0x000000070e400000, 0x000000070e400000|100%| E|CS|TAMS 0x000000070e300000, 0x000000070e300000| Complete 
| 214|0x000000070e400000, 0x000000070e500000, 0x000000070e500000|100%| E|CS|TAMS 0x000000070e400000, 0x000000070e400000| Complete 
| 215|0x000000070e500000, 0x000000070e600000, 0x000000070e600000|100%| E|CS|TAMS 0x000000070e500000, 0x000000070e500000| Complete 
| 216|0x000000070e600000, 0x000000070e700000, 0x000000070e700000|100%| E|CS|TAMS 0x000000070e600000, 0x000000070e600000| Complete 
| 217|0x000000070e700000, 0x000000070e800000, 0x000000070e800000|100%| E|CS|TAMS 0x000000070e700000, 0x000000070e700000| Complete 
| 218|0x000000070e800000, 0x000000070e900000, 0x000000070e900000|100%| E|CS|TAMS 0x000000070e800000, 0x000000070e800000| Complete 
| 219|0x000000070e900000, 0x000000070ea00000, 0x000000070ea00000|100%| E|CS|TAMS 0x000000070e900000, 0x000000070e900000| Complete 
| 220|0x000000070ea00000, 0x000000070eb00000, 0x000000070eb00000|100%| E|CS|TAMS 0x000000070ea00000, 0x000000070ea00000| Complete 
| 221|0x000000070eb00000, 0x000000070ec00000, 0x000000070ec00000|100%| E|CS|TAMS 0x000000070eb00000, 0x000000070eb00000| Complete 
| 222|0x000000070ec00000, 0x000000070ed00000, 0x000000070ed00000|100%| E|CS|TAMS 0x000000070ec00000, 0x000000070ec00000| Complete 
| 223|0x000000070ed00000, 0x000000070ee00000, 0x000000070ee00000|100%| E|CS|TAMS 0x000000070ed00000, 0x000000070ed00000| Complete 
| 224|0x000000070ee00000, 0x000000070ef00000, 0x000000070ef00000|100%| E|CS|TAMS 0x000000070ee00000, 0x000000070ee00000| Complete 
| 225|0x000000070ef00000, 0x000000070ef7fb20, 0x000000070f000000| 49%| S|CS|TAMS 0x000000070ef00000, 0x000000070ef00000| Complete 
| 226|0x000000070f000000, 0x000000070f100000, 0x000000070f100000|100%| S|CS|TAMS 0x000000070f000000, 0x000000070f000000| Complete 
| 227|0x000000070f100000, 0x000000070f200000, 0x000000070f200000|100%| S|CS|TAMS 0x000000070f100000, 0x000000070f100000| Complete 
| 228|0x000000070f200000, 0x000000070f300000, 0x000000070f300000|100%| S|CS|TAMS 0x000000070f200000, 0x000000070f200000| Complete 
| 229|0x000000070f300000, 0x000000070f400000, 0x000000070f400000|100%| E|CS|TAMS 0x000000070f300000, 0x000000070f300000| Complete 
| 230|0x000000070f400000, 0x000000070f500000, 0x000000070f500000|100%| E|CS|TAMS 0x000000070f400000, 0x000000070f400000| Complete 
| 231|0x000000070f500000, 0x000000070f600000, 0x000000070f600000|100%| E|CS|TAMS 0x000000070f500000, 0x000000070f500000| Complete 
| 232|0x000000070f600000, 0x000000070f700000, 0x000000070f700000|100%| S|CS|TAMS 0x000000070f600000, 0x000000070f600000| Complete 
| 233|0x000000070f700000, 0x000000070f800000, 0x000000070f800000|100%| E|CS|TAMS 0x000000070f700000, 0x000000070f700000| Complete 
| 234|0x000000070f800000, 0x000000070f900000, 0x000000070f900000|100%| E|CS|TAMS 0x000000070f800000, 0x000000070f800000| Complete 
| 235|0x000000070f900000, 0x000000070fa00000, 0x000000070fa00000|100%| E|CS|TAMS 0x000000070f900000, 0x000000070f900000| Complete 
| 236|0x000000070fa00000, 0x000000070fb00000, 0x000000070fb00000|100%| E|CS|TAMS 0x000000070fa00000, 0x000000070fa00000| Complete 
| 237|0x000000070fb00000, 0x000000070fc00000, 0x000000070fc00000|100%| E|CS|TAMS 0x000000070fb00000, 0x000000070fb00000| Complete 
| 238|0x000000070fc00000, 0x000000070fd00000, 0x000000070fd00000|100%| E|CS|TAMS 0x000000070fc00000, 0x000000070fc00000| Complete 
| 239|0x000000070fd00000, 0x000000070fe00000, 0x000000070fe00000|100%| E|CS|TAMS 0x000000070fd00000, 0x000000070fd00000| Complete 
| 240|0x000000070fe00000, 0x000000070ff00000, 0x000000070ff00000|100%| E|CS|TAMS 0x000000070fe00000, 0x000000070fe00000| Complete 
| 241|0x000000070ff00000, 0x0000000710000000, 0x0000000710000000|100%| E|CS|TAMS 0x000000070ff00000, 0x000000070ff00000| Complete 
| 242|0x0000000710000000, 0x0000000710100000, 0x0000000710100000|100%| E|CS|TAMS 0x0000000710000000, 0x0000000710000000| Complete 
| 243|0x0000000710100000, 0x0000000710200000, 0x0000000710200000|100%| E|CS|TAMS 0x0000000710100000, 0x0000000710100000| Complete 
| 244|0x0000000710200000, 0x0000000710300000, 0x0000000710300000|100%| E|CS|TAMS 0x0000000710200000, 0x0000000710200000| Complete 
| 245|0x0000000710300000, 0x0000000710400000, 0x0000000710400000|100%| E|CS|TAMS 0x0000000710300000, 0x0000000710300000| Complete 
| 246|0x0000000710400000, 0x0000000710500000, 0x0000000710500000|100%| E|CS|TAMS 0x0000000710400000, 0x0000000710400000| Complete 
| 247|0x0000000710500000, 0x0000000710600000, 0x0000000710600000|100%| E|CS|TAMS 0x0000000710500000, 0x0000000710500000| Complete 
| 248|0x0000000710600000, 0x0000000710700000, 0x0000000710700000|100%| E|CS|TAMS 0x0000000710600000, 0x0000000710600000| Complete 
| 249|0x0000000710700000, 0x0000000710800000, 0x0000000710800000|100%| E|CS|TAMS 0x0000000710700000, 0x0000000710700000| Complete 
| 250|0x0000000710800000, 0x0000000710900000, 0x0000000710900000|100%| E|CS|TAMS 0x0000000710800000, 0x0000000710800000| Complete 
| 251|0x0000000710900000, 0x0000000710a00000, 0x0000000710a00000|100%| E|CS|TAMS 0x0000000710900000, 0x0000000710900000| Complete 
| 252|0x0000000710a00000, 0x0000000710b00000, 0x0000000710b00000|100%| E|CS|TAMS 0x0000000710a00000, 0x0000000710a00000| Complete 
| 253|0x0000000710b00000, 0x0000000710c00000, 0x0000000710c00000|100%| E|CS|TAMS 0x0000000710b00000, 0x0000000710b00000| Complete 
| 254|0x0000000710c00000, 0x0000000710d00000, 0x0000000710d00000|100%| E|CS|TAMS 0x0000000710c00000, 0x0000000710c00000| Complete 
| 255|0x0000000710d00000, 0x0000000710e00000, 0x0000000710e00000|100%| E|CS|TAMS 0x0000000710d00000, 0x0000000710d00000| Complete 

Card table byte_map: [0x000001f4ea810000,0x000001f4eb010000] _byte_map_base: 0x000001f4e7009000

Marking Bits (Prev, Next): (CMBitMap*) 0x000001f4d36930c0, (CMBitMap*) 0x000001f4d3693088
 Prev Bits: [0x000001f4ef7e0000, 0x000001f4f37a8000)
 Next Bits: [0x000001f4eb810000, 0x000001f4ef7d8000)

Polling page: 0x000001f4d15d0000

Metaspace:

Usage:
  Non-class:     26.73 MB capacity,    26.52 MB (>99%) used,   148.35 KB ( <1%) free+waste,    62.88 KB ( <1%) overhead. 
      Class:      3.34 MB capacity,     3.12 MB ( 93%) used,   197.85 KB (  6%) free+waste,    30.56 KB ( <1%) overhead. 
       Both:     30.07 MB capacity,    29.64 MB ( 99%) used,   346.20 KB (  1%) free+waste,    93.44 KB ( <1%) overhead. 

Virtual space:
  Non-class space:       28.00 MB reserved,      26.75 MB ( 96%) committed 
      Class space:        1.00 GB reserved,       3.38 MB ( <1%) committed 
             Both:        1.03 GB reserved,      30.13 MB (  3%) committed 

Chunk freelists:
   Non-Class:  2.75 KB
       Class:  128 bytes
        Both:  2.88 KB

CodeHeap 'non-profiled nmethods': size=120000Kb used=1182Kb max_used=1182Kb free=118817Kb
 bounds [0x000001f4e27b0000, 0x000001f4e2a20000, 0x000001f4e9ce0000]
CodeHeap 'profiled nmethods': size=120000Kb used=5039Kb max_used=5039Kb free=114961Kb
 bounds [0x000001f4db280000, 0x000001f4db770000, 0x000001f4e27b0000]
CodeHeap 'non-nmethods': size=5760Kb used=1571Kb max_used=1573Kb free=4188Kb
 bounds [0x000001f4dace0000, 0x000001f4daf50000, 0x000001f4db280000]
 total_blobs=3807 nmethods=2712 adapters=1006
 compilation: enabled
              stopped_count=0, restarted_count=0
 full_count=0

Compilation events (10 events):
Event: 7.006 Thread 0x000001f4f6c2b800 2692       1       org.jetbrains.skia.paragraph.TextIndent::getRestLine (5 bytes)
Event: 7.006 Thread 0x000001f4f6c2b800 nmethod 2692 0x000001f4e28d5710 code [0x000001f4e28d58a0, 0x000001f4e28d5958]
Event: 7.006 Thread 0x000001f4f6c2b800 2693       1       androidx.compose.ui.text.platform.FontCache::getFonts$ui_text (5 bytes)
Event: 7.006 Thread 0x000001f4f6c2b800 nmethod 2693 0x000001f4e28d5a10 code [0x000001f4e28d5ba0, 0x000001f4e28d5c58]
Event: 7.006 Thread 0x000001f4f6c2b800 2695       1       androidx.compose.ui.graphics.Color::unbox-impl (5 bytes)
Event: 7.006 Thread 0x000001f4f6c2b800 nmethod 2695 0x000001f4e28d5d10 code [0x000001f4e28d5ea0, 0x000001f4e28d5f58]
Event: 7.007 Thread 0x000001f4f6c2b800 2696       1       androidx.compose.foundation.text.TextController::access$getSelectionRegistrar$p (5 bytes)
Event: 7.007 Thread 0x000001f4f6c2b800 nmethod 2696 0x000001f4e28d6010 code [0x000001f4e28d61a0, 0x000001f4e28d6238]
Event: 7.008 Thread 0x000001f4f6c2b800 2697       3       androidx.compose.ui.graphics.Color::constructor-impl (2 bytes)
Event: 7.008 Thread 0x000001f4f6c2b800 nmethod 2697 0x000001f4db767110 code [0x000001f4db7672a0, 0x000001f4db767378]

GC Heap History (4 events):
Event: 0.717 GC heap before
{Heap before GC invocations=0 (full 0):
 garbage-first heap   total 262144K, used 24576K [0x0000000700e00000, 0x0000000800000000)
  region size 1024K, 24 young (24576K), 0 survivors (0K)
 Metaspace       used 13069K, capacity 13301K, committed 13568K, reserved 1060864K
  class space    used 1177K, capacity 1246K, committed 1280K, reserved 1048576K
}
Event: 0.721 GC heap after
{Heap after GC invocations=1 (full 0):
 garbage-first heap   total 262144K, used 2684K [0x0000000700e00000, 0x0000000800000000)
  region size 1024K, 3 young (3072K), 3 survivors (3072K)
 Metaspace       used 13069K, capacity 13301K, committed 13568K, reserved 1060864K
  class space    used 1177K, capacity 1246K, committed 1280K, reserved 1048576K
}
Event: 1.302 GC heap before
{Heap before GC invocations=1 (full 0):
 garbage-first heap   total 262144K, used 25212K [0x0000000700e00000, 0x0000000800000000)
  region size 1024K, 26 young (26624K), 3 survivors (3072K)
 Metaspace       used 20500K, capacity 20982K, committed 21248K, reserved 1069056K
  class space    used 2095K, capacity 2286K, committed 2304K, reserved 1048576K
}
Event: 1.306 GC heap after
{Heap after GC invocations=2 (full 0):
 garbage-first heap   total 262144K, used 4606K [0x0000000700e00000, 0x0000000800000000)
  region size 1024K, 5 young (5120K), 5 survivors (5120K)
 Metaspace       used 20500K, capacity 20982K, committed 21248K, reserved 1069056K
  class space    used 2095K, capacity 2286K, committed 2304K, reserved 1048576K
}

Deoptimization events (10 events):
Event: 1.860 Thread 0x000001f4f7625800 Uncommon trap: reason=null_assert_or_unreached0 action=make_not_entrant pc=0x000001f4e286db20 method=androidx.compose.ui.node.NodeCoordinator.invalidateLayer()V @ 4 c2
Event: 1.895 Thread 0x000001f4811cb000 Uncommon trap: reason=intrinsic_or_type_checked_inlining action=make_not_entrant pc=0x000001f4e286ba60 method=java.util.Arrays.copyOf([Ljava/lang/Object;ILjava/lang/Class;)[Ljava/lang/Object; @ 35 c2
Event: 2.113 Thread 0x000001f4f7625800 Uncommon trap: reason=bimorphic_or_optimized_type_check action=maybe_recompile pc=0x000001f4e2871f80 method=java.util.HashMap.getNode(ILjava/lang/Object;)Ljava/util/HashMap$Node; @ 126 c2
Event: 5.404 Thread 0x000001f4f7625800 Uncommon trap: reason=unstable_if action=reinterpret pc=0x000001f4e289e800 method=androidx.compose.ui.node.NodeCoordinator.withinLayerBounds-k-4lQ0M(J)Z @ 22 c2
Event: 5.405 Thread 0x000001f4f7625800 Uncommon trap: reason=unstable_if action=reinterpret pc=0x000001f4e289a5dc method=androidx.compose.ui.node.NodeCoordinator.withinLayerBounds-k-4lQ0M(J)Z @ 22 c2
Event: 5.720 Thread 0x000001f4f7625800 Uncommon trap: reason=bimorphic_or_optimized_type_check action=maybe_recompile pc=0x000001f4e2871f80 method=java.util.HashMap.getNode(ILjava/lang/Object;)Ljava/util/HashMap$Node; @ 126 c2
Event: 6.595 Thread 0x000001f4f7625800 Uncommon trap: reason=bimorphic_or_optimized_type_check action=maybe_recompile pc=0x000001f4e2871f80 method=java.util.HashMap.getNode(ILjava/lang/Object;)Ljava/util/HashMap$Node; @ 126 c2
Event: 6.930 Thread 0x000001f4f7625800 Uncommon trap: reason=unstable_if action=reinterpret pc=0x000001f4e28a9668 method=androidx.compose.ui.node.LayoutNode.getParent$ui()Landroidx/compose/ui/node/LayoutNode; @ 12 c2
Event: 6.954 Thread 0x000001f4f7625800 Uncommon trap: reason=bimorphic_or_optimized_type_check action=maybe_recompile pc=0x000001f4e2871f80 method=java.util.HashMap.getNode(ILjava/lang/Object;)Ljava/util/HashMap$Node; @ 126 c2
Event: 7.003 Thread 0x000001f4f7625800 Uncommon trap: reason=unstable_if action=reinterpret pc=0x000001f4e28ba5e4 method=androidx.compose.ui.node.LayoutNode.getZSortedChildren()Landroidx/compose/runtime/collection/MutableVector; @ 4 c2

Classes redefined (0 events):
No events

Internal exceptions (10 events):
Event: 0.897 Thread 0x000001f4f7625800 Exception <a 'java/lang/NoSuchMethodError'{0x000000071055d678}: java.lang.invoke.DirectMethodHandle$Holder.invokeStatic(Ljava/lang/Object;ILjava/lang/Object;)Ljava/lang/Object;> (0x000000071055d678) thrown at [./open/src/hotspot/share/interpreter/linkReso
Event: 0.913 Thread 0x000001f4f7625800 Exception <a 'java/lang/ClassNotFoundException'{0x0000000710408648}: com/sun/swing/internal/plaf/metal/resources/spi/metalProvider> (0x0000000710408648) thrown at [./open/src/hotspot/share/classfile/systemDictionary.cpp, line 226]
Event: 0.914 Thread 0x000001f4f7625800 Exception <a 'java/lang/ClassNotFoundException'{0x000000071040ca70}: com/sun/swing/internal/plaf/basic/resources/spi/basicProvider> (0x000000071040ca70) thrown at [./open/src/hotspot/share/classfile/systemDictionary.cpp, line 226]
Event: 1.081 Thread 0x000001f4f7625800 Exception <a 'java/lang/NoSuchMethodError'{0x000000070fbf47d0}: java.lang.invoke.DirectMethodHandle$Holder.invokeStaticInit(Ljava/lang/Object;)V> (0x000000070fbf47d0) thrown at [./open/src/hotspot/share/interpreter/linkResolver.cpp, line 772]
Event: 1.108 Thread 0x000001f4f7625800 Exception <a 'java/lang/NoSuchMethodError'{0x000000070f9b9020}: java.lang.invoke.DirectMethodHandle$Holder.invokeStatic(Ljava/lang/Object;Ljava/lang/Object;Ljava/lang/Object;Ljava/lang/Object;Ljava/lang/Object;Ljava/lang/Object;Ljava/lang/Object;Ljava/lan
Event: 1.109 Thread 0x000001f4f7625800 Exception <a 'java/lang/NoSuchMethodError'{0x000000070f9d74c8}: java.lang.invoke.DirectMethodHandle$Holder.invokeStatic(Ljava/lang/Object;Ljava/lang/Object;Ljava/lang/Object;Ljava/lang/Object;Ljava/lang/Object;Ljava/lang/Object;Ljava/lang/Object;Ljava/lan
Event: 1.110 Thread 0x000001f4f7625800 Exception <a 'java/lang/NoSuchMethodError'{0x000000070f9f6700}: java.lang.invoke.DirectMethodHandle$Holder.invokeStatic(Ljava/lang/Object;Ljava/lang/Object;Ljava/lang/Object;Ljava/lang/Object;Ljava/lang/Object;Ljava/lang/Object;Ljava/lang/Object;Ljava/lan
Event: 1.110 Thread 0x000001f4f7625800 Exception <a 'java/lang/NoSuchMethodError'{0x000000070f802da8}: java.lang.invoke.Invokers$Holder.linkToTargetMethod(Ljava/lang/Object;ILjava/lang/Object;)Ljava/lang/Object;> (0x000000070f802da8) thrown at [./open/src/hotspot/share/interpreter/linkResolver
Event: 1.340 Thread 0x000001f4f7625800 Exception <a 'java/lang/NoSuchMethodError'{0x0000000710be7e78}: java.lang.invoke.DirectMethodHandle$Holder.invokeStaticInit(Ljava/lang/Object;Ljava/lang/Object;Ljava/lang/Object;)I> (0x0000000710be7e78) thrown at [./open/src/hotspot/share/interpreter/link
Event: 2.087 Thread 0x000001f4f7724800 Exception <a 'java/lang/NoSuchMethodError'{0x000000070f3813d0}: java.lang.invoke.DirectMethodHandle$Holder.invokeVirtual(Ljava/lang/Object;Ljava/lang/Object;)V> (0x000000070f3813d0) thrown at [./open/src/hotspot/share/interpreter/linkResolver.cpp, line 77

Events (10 events):
Event: 6.974 loading class androidx/compose/foundation/gestures/ScrollableKt$awaitScrollEvent$1 done
Event: 7.002 loading class kotlinx/coroutines/channels/AbstractSendChannel$SendBuffered
Event: 7.002 loading class kotlinx/coroutines/channels/AbstractSendChannel$SendBuffered done
Event: 7.003 Thread 0x000001f4f7625800 Uncommon trap: trap_request=0xffffff4d fr.pc=0x000001f4e28ba5e4 relative=0x0000000000000064
Event: 7.003 Thread 0x000001f4f7625800 DEOPT PACKING pc=0x000001f4e28ba5e4 sp=0x0000000567ff9f80
Event: 7.003 Thread 0x000001f4f7625800 DEOPT UNPACKING pc=0x000001f4dad068af sp=0x0000000567ff9f08 mode 2
Event: 7.004 loading class androidx/compose/ui/graphics/Outline$Generic
Event: 7.004 loading class androidx/compose/ui/graphics/Outline$Generic done
Event: 7.005 loading class androidx/compose/foundation/BorderKt$drawRectBorder$1
Event: 7.005 loading class androidx/compose/foundation/BorderKt$drawRectBorder$1 done


Dynamic libraries:
0x00007ff6471f0000 - 0x00007ff6471ff000 	C:\Program Files\Java\jdk-11.0.15\bin\java.exe
0x00007ffc6f930000 - 0x00007ffc6fb28000 	C:\WINDOWS\SYSTEM32\ntdll.dll
0x00007ffc6e7f0000 - 0x00007ffc6e8ad000 	C:\WINDOWS\System32\KERNEL32.DLL
0x00007ffc6d430000 - 0x00007ffc6d726000 	C:\WINDOWS\System32\KERNELBASE.dll
0x00007ffc6d730000 - 0x00007ffc6d830000 	C:\WINDOWS\System32\ucrtbase.dll
0x00007ffc67610000 - 0x00007ffc67628000 	C:\Program Files\Java\jdk-11.0.15\bin\jli.dll
0x00007ffc675f0000 - 0x00007ffc67605000 	C:\Program Files\Java\jdk-11.0.15\bin\VCRUNTIME140.dll
0x00007ffc6eaa0000 - 0x00007ffc6eb4f000 	C:\WINDOWS\System32\ADVAPI32.dll
0x00007ffc6efd0000 - 0x00007ffc6f06e000 	C:\WINDOWS\System32\msvcrt.dll
0x00007ffc6f1f0000 - 0x00007ffc6f28c000 	C:\WINDOWS\System32\sechost.dll
0x00007ffc6f530000 - 0x00007ffc6f656000 	C:\WINDOWS\System32\RPCRT4.dll
0x00007ffc6f290000 - 0x00007ffc6f42e000 	C:\WINDOWS\System32\USER32.dll
0x00007ffc6d8e0000 - 0x00007ffc6d902000 	C:\WINDOWS\System32\win32u.dll
0x00007ffc5eee0000 - 0x00007ffc5f17a000 	C:\WINDOWS\WinSxS\amd64_microsoft.windows.common-controls_6595b64144ccf1df_6.0.19041.3636_none_60b6a03d71f818d5\COMCTL32.dll
0x00007ffc6f850000 - 0x00007ffc6f87c000 	C:\WINDOWS\System32\GDI32.dll
0x00007ffc6d010000 - 0x00007ffc6d12a000 	C:\WINDOWS\System32\gdi32full.dll
0x00007ffc6d300000 - 0x00007ffc6d39d000 	C:\WINDOWS\System32\msvcp_win.dll
0x00007ffc66420000 - 0x00007ffc6642a000 	C:\WINDOWS\SYSTEM32\VERSION.dll
0x00007ffc6ea70000 - 0x00007ffc6eaa0000 	C:\WINDOWS\System32\IMM32.DLL
0x00007ffc4c770000 - 0x00007ffc4c80b000 	C:\Program Files\Java\jdk-11.0.15\bin\msvcp140.dll
0x00007ffc2e300000 - 0x00007ffc2ee16000 	C:\Program Files\Java\jdk-11.0.15\bin\server\jvm.dll
0x00007ffc6e5d0000 - 0x00007ffc6e5d8000 	C:\WINDOWS\System32\PSAPI.DLL
0x00007ffc5f340000 - 0x00007ffc5f367000 	C:\WINDOWS\SYSTEM32\WINMM.dll
0x00007ffc543e0000 - 0x00007ffc543e9000 	C:\WINDOWS\SYSTEM32\WSOCK32.dll
0x00007ffc6f880000 - 0x00007ffc6f8eb000 	C:\WINDOWS\System32\WS2_32.dll
0x00007ffc6aed0000 - 0x00007ffc6aee2000 	C:\WINDOWS\SYSTEM32\kernel.appcore.dll
0x00007ffc68c60000 - 0x00007ffc68c70000 	C:\Program Files\Java\jdk-11.0.15\bin\verify.dll
0x00007ffc583e0000 - 0x00007ffc585c4000 	C:\WINDOWS\SYSTEM32\DBGHELP.DLL
0x00007ffc582b0000 - 0x00007ffc582e4000 	C:\WINDOWS\SYSTEM32\dbgcore.DLL
0x00007ffc6d3a0000 - 0x00007ffc6d422000 	C:\WINDOWS\System32\bcryptPrimitives.dll
0x00007ffc671f0000 - 0x00007ffc67218000 	C:\Program Files\Java\jdk-11.0.15\bin\java.dll
0x00007ffc68c20000 - 0x00007ffc68c2a000 	C:\Program Files\Java\jdk-11.0.15\bin\jimage.dll
0x00007ffc675c0000 - 0x00007ffc675ce000 	C:\Program Files\Java\jdk-11.0.15\bin\instrument.dll
0x00007ffc675d0000 - 0x00007ffc675e6000 	C:\Program Files\Java\jdk-11.0.15\bin\zip.dll
0x00007ffc6dd50000 - 0x00007ffc6e495000 	C:\WINDOWS\System32\SHELL32.dll
0x00007ffc6b0d0000 - 0x00007ffc6b86b000 	C:\WINDOWS\SYSTEM32\windows.storage.dll
0x00007ffc6d990000 - 0x00007ffc6dce4000 	C:\WINDOWS\System32\combase.dll
0x00007ffc6ca50000 - 0x00007ffc6ca7d000 	C:\WINDOWS\SYSTEM32\Wldp.dll
0x00007ffc6f6c0000 - 0x00007ffc6f76d000 	C:\WINDOWS\System32\SHCORE.dll
0x00007ffc6f190000 - 0x00007ffc6f1e5000 	C:\WINDOWS\System32\shlwapi.dll
0x00007ffc6cf40000 - 0x00007ffc6cf65000 	C:\WINDOWS\SYSTEM32\profapi.dll
0x00007ffc67250000 - 0x00007ffc67269000 	C:\Program Files\Java\jdk-11.0.15\bin\net.dll
0x00007ffc64940000 - 0x00007ffc64a4a000 	C:\WINDOWS\SYSTEM32\WINHTTP.dll
0x00007ffc6c7b0000 - 0x00007ffc6c81a000 	C:\WINDOWS\system32\mswsock.dll
0x00007ffc66ad0000 - 0x00007ffc66ae2000 	C:\Program Files\Java\jdk-11.0.15\bin\nio.dll
0x00007ffc66580000 - 0x00007ffc6659a000 	C:\Program Files\JetBrains\IntelliJ IDEA Community Edition 2023.1\bin\breakgen64.dll
0x00007ffc3d400000 - 0x00007ffc3d59a000 	C:\Program Files\Java\jdk-11.0.15\bin\awt.dll
0x00007ffc6e690000 - 0x00007ffc6e75d000 	C:\WINDOWS\System32\OLEAUT32.dll
0x00007ffc6a820000 - 0x00007ffc6a8b0000 	C:\WINDOWS\SYSTEM32\apphelp.dll
0x00007ffc6a910000 - 0x00007ffc6a9ae000 	C:\WINDOWS\system32\uxtheme.dll
0x00007ffc6f070000 - 0x00007ffc6f184000 	C:\WINDOWS\System32\MSCTF.dll
0x00007ffc6e4a0000 - 0x00007ffc6e5cb000 	C:\WINDOWS\System32\ole32.dll
0x00007ffc6acf0000 - 0x00007ffc6ad1f000 	C:\WINDOWS\system32\DWMAPI.DLL
0x00007ffc4ce00000 - 0x00007ffc4cf25000 	C:\WINDOWS\system32\opengl32.dll
0x00007ffc67590000 - 0x00007ffc675bc000 	C:\WINDOWS\SYSTEM32\GLU32.dll
0x00007ffc62000000 - 0x00007ffc621cd000 	C:\WINDOWS\system32\d3d9.dll
0x00007ffc62490000 - 0x00007ffc6257e000 	C:\WINDOWS\System32\DriverStore\FileRepository\nvacegpu.inf_amd64_e25761f22983456f\nvldumdx.dll
0x00007ffc6d1a0000 - 0x00007ffc6d2fd000 	C:\WINDOWS\System32\crypt32.dll
0x00007ffc6d130000 - 0x00007ffc6d197000 	C:\WINDOWS\System32\WINTRUST.DLL
0x00007ffc6cbe0000 - 0x00007ffc6cbf2000 	C:\WINDOWS\SYSTEM32\MSASN1.dll
0x00007ffc6f510000 - 0x00007ffc6f52d000 	C:\WINDOWS\System32\imagehlp.dll
0x00007ffc6c9a0000 - 0x00007ffc6c9b8000 	C:\WINDOWS\SYSTEM32\CRYPTSP.dll
0x00007ffc6c070000 - 0x00007ffc6c0a4000 	C:\WINDOWS\system32\rsaenh.dll
0x00007ffc6d910000 - 0x00007ffc6d937000 	C:\WINDOWS\System32\bcrypt.dll
0x00007ffc6c9c0000 - 0x00007ffc6c9cc000 	C:\WINDOWS\SYSTEM32\CRYPTBASE.dll
0x00007ffc17780000 - 0x00007ffc18c1b000 	C:\WINDOWS\System32\DriverStore\FileRepository\nvacegpu.inf_amd64_e25761f22983456f\nvd3dumx.dll
0x00007ffc6c5c0000 - 0x00007ffc6c60b000 	C:\WINDOWS\system32\powrprof.dll
0x00007ffc6c430000 - 0x00007ffc6c442000 	C:\WINDOWS\SYSTEM32\UMPDC.dll
0x00007ffc3e530000 - 0x00007ffc3e7e2000 	C:\WINDOWS\system32\nvspcap64.dll
0x00007ffc6c190000 - 0x00007ffc6c1c3000 	C:\WINDOWS\SYSTEM32\ntmarta.dll
0x00007ffc6b880000 - 0x00007ffc6b8a3000 	C:\WINDOWS\SYSTEM32\gpapi.dll
0x00007ffc61960000 - 0x00007ffc61991000 	C:\WINDOWS\SYSTEM32\cryptnet.dll
0x00007ffc628b0000 - 0x00007ffc628eb000 	C:\WINDOWS\SYSTEM32\dxcore.dll
0x00007ffc6d940000 - 0x00007ffc6d98e000 	C:\WINDOWS\System32\cfgmgr32.dll
0x00007ffc04a00000 - 0x00007ffc05a0f000 	C:\Users\Karl\.skiko\58752788008ddd92aea4562f2a41915f7f74e689ca70e0fbada57f009a92b9cf\skiko-windows-x64.dll
0x00007ffc4cad0000 - 0x00007ffc4cb56000 	C:\Program Files\Java\jdk-11.0.15\bin\freetype.dll
0x00007ffc4bd70000 - 0x00007ffc4be15000 	C:\Program Files\Java\jdk-11.0.15\bin\fontmanager.dll
0x00007ffc67580000 - 0x00007ffc67587000 	C:\Program Files\Java\jdk-11.0.15\bin\jawt.dll
0x00007ffc6b8d0000 - 0x00007ffc6b9c3000 	C:\WINDOWS\SYSTEM32\Dxgi.dll
0x00007ffc4dc90000 - 0x00007ffc4dcb6000 	C:\WINDOWS\SYSTEM32\D3D12.dll
0x00007ffc3c2a0000 - 0x00007ffc3c46d000 	C:\WINDOWS\SYSTEM32\D3D12Core.dll
0x00007ffc02440000 - 0x00007ffc049f7000 	C:\WINDOWS\System32\DriverStore\FileRepository\nvacegpu.inf_amd64_e25761f22983456f\nvwgf2umx.dll
0x00007ffc4da70000 - 0x00007ffc4da9a000 	C:\WINDOWS\SYSTEM32\D3DSCache.dll
0x00007ffc6cf00000 - 0x00007ffc6cf2e000 	C:\WINDOWS\SYSTEM32\USERENV.dll
0x00007ffc661f0000 - 0x00007ffc663f3000 	C:\WINDOWS\SYSTEM32\twinapi.appcore.dll
0x00007ffc48610000 - 0x00007ffc4888f000 	C:\WINDOWS\SYSTEM32\dwrite.dll
0x00007ffc69c30000 - 0x00007ffc69e13000 	C:\WINDOWS\SYSTEM32\dcomp.dll
0x00007ffc697d0000 - 0x00007ffc69c2d000 	C:\WINDOWS\SYSTEM32\d3dcompiler_47.dll
0x00007ffc55400000 - 0x00007ffc554f9000 	C:\WINDOWS\SYSTEM32\textinputframework.dll
0x00007ffc6a1a0000 - 0x00007ffc6a4fb000 	C:\WINDOWS\System32\CoreUIComponents.dll
0x00007ffc6a500000 - 0x00007ffc6a5f2000 	C:\WINDOWS\System32\CoreMessaging.dll
0x00007ffc68e40000 - 0x00007ffc68f95000 	C:\WINDOWS\SYSTEM32\wintypes.dll

dbghelp: loaded successfully - version: 4.0.5 - missing functions: none
symbol engine: initialized successfully - sym options: 0x614 - pdb path: .;C:\Program Files\Java\jdk-11.0.15\bin;C:\WINDOWS\SYSTEM32;C:\WINDOWS\WinSxS\amd64_microsoft.windows.common-controls_6595b64144ccf1df_6.0.19041.3636_none_60b6a03d71f818d5;C:\Program Files\Java\jdk-11.0.15\bin\server;C:\Program Files\JetBrains\IntelliJ IDEA Community Edition 2023.1\bin;C:\WINDOWS\System32\DriverStore\FileRepository\nvacegpu.inf_amd64_e25761f22983456f;C:\Users\Karl\.skiko\58752788008ddd92aea4562f2a41915f7f74e689ca70e0fbada57f009a92b9cf

VM Arguments:
jvm_args: -Djava.library.path=C:\Users\Karl\Kotlin_Projects\Bond_Graph\build\classes\kotlin\jvm\main;C:\Users\Karl\Kotlin_Projects\Bond_Graph\build\processedResources\jvm\main -javaagent:C:\Program Files\JetBrains\IntelliJ IDEA Community Edition 2023.1\lib\idea_rt.jar=49991:C:\Program Files\JetBrains\IntelliJ IDEA Community Edition 2023.1\bin -Dfile.encoding=UTF-8 
java_command: userInterface.MainKt
java_class_path (initial): C:\Users\Karl\Kotlin_Projects\Bond_Graph\build\classes\kotlin\jvm\main;C:\Users\Karl\Kotlin_Projects\Bond_Graph\build\processedResources\jvm\main;C:\Users\Karl\.gradle\caches\modules-2\files-2.1\org.jetbrains.kotlin\kotlin-stdlib-jdk8\1.8.0\ed04f49e186a116753ad70d34f0ac2925d1d8020\kotlin-stdlib-jdk8-1.8.0.jar;C:\Users\Karl\.gradle\caches\modules-2\files-2.1\org.jetbrains.kotlinx\kotlinx-serialization-cbor-jvm\1.6.1\ad02def02f1e4d492b5fcf1967f805d5eeb47eeb\kotlinx-serialization-cbor-jvm-1.6.1.jar;C:\Users\Karl\.gradle\caches\modules-2\files-2.1\org.jetbrains.kotlin\kotlin-stdlib-jdk7\1.8.0\3c91271347f678c239607abb676d4032a7898427\kotlin-stdlib-jdk7-1.8.0.jar;C:\Users\Karl\.gradle\caches\modules-2\files-2.1\org.jetbrains.skiko\skiko-awt-runtime-windows-x64\0.7.50\659400d4c3644bd9fa21db987698ccd87ceedf3d\skiko-awt-runtime-windows-x64-0.7.50.jar;C:\Users\Karl\.gradle\caches\modules-2\files-2.1\org.jetbrains.kotlin\kotlin-stdlib\1.9.20\e58b4816ac517e9cc5df1db051120c63d4cde669\kotlin-stdlib-1.9.20.jar;C:\Users\Karl\.gradle\caches\modules-2\files-2.1\org.jetbrains.compose.desktop\desktop-jvm\1.3.0\e2b2c3df64b02dab8673daba012294d9ef5efb49\desktop-jvm-1.3.0.jar;C:\Users\Karl\.gradle\caches\modules-2\files-2.1\org.jetbrains\annotations\13.0\919f0dfe192fb4e063e7dacadee7f8bb9a2672a9\annotations-13.0.jar;C:\Users\Karl\.gradle\caches\modules-2\files-2.1\org.jetbrains.kotlinx\kotlinx-serialization-core-jvm\1.6.1\986703783e1c8f07f0b66d86c9101d1e5aa5c71a\kotlinx-serialization-core-jvm-1.6.1.jar;C:\Users\Karl\.gradle\caches\modules-2\files-2.1\org.jetbrains.compose.material\material-desktop\1.3.0\aee6d5f9630e14e42be059bb1e0a1a409aa8076\material-desktop-1.3.0.jar;C:\Users\Karl\.gradle\caches\modules-2\files-2.1\org.jetbrains.compose.foundation\foundation-desktop\1.3.0\22ab58187358e52e14714a61b0224317fc9af567\foundation-desktop-1.3.0.jar;C:\Users\Karl\.gradle\caches\modules-2\files-2.1\org.jetbrains.compose.ui\ui-desktop\1.3.0\33fe21065b205dc251cdee9d457e45
Launcher Type: SUN_STANDARD

[Global flags]
     intx CICompilerCount                          = 4                                         {product} {ergonomic}
     uint ConcGCThreads                            = 2                                         {product} {ergonomic}
     uint G1ConcRefinementThreads                  = 8                                         {product} {ergonomic}
   size_t G1HeapRegionSize                         = 1048576                                   {product} {ergonomic}
    uintx GCDrainStackTargetSize                   = 64                                        {product} {ergonomic}
   size_t InitialHeapSize                          = 268435456                                 {product} {ergonomic}
   size_t MarkStackSize                            = 4194304                                   {product} {ergonomic}
   size_t MaxHeapSize                              = 4280287232                                {product} {ergonomic}
   size_t MaxNewSize                               = 2567962624                                {product} {ergonomic}
   size_t MinHeapDeltaBytes                        = 1048576                                   {product} {ergonomic}
    uintx NonNMethodCodeHeapSize                   = 5836300                                {pd product} {ergonomic}
    uintx NonProfiledCodeHeapSize                  = 122910970                              {pd product} {ergonomic}
    uintx ProfiledCodeHeapSize                     = 122910970                              {pd product} {ergonomic}
    uintx ReservedCodeCacheSize                    = 251658240                              {pd product} {ergonomic}
     bool SegmentedCodeCache                       = true                                      {product} {ergonomic}
     bool UseCompressedClassPointers               = true                                 {lp64_product} {ergonomic}
     bool UseCompressedOops                        = true                                 {lp64_product} {ergonomic}
     bool UseG1GC                                  = true                                      {product} {ergonomic}
     bool UseLargePagesIndividualAllocation        = false                                  {pd product} {ergonomic}

Logging:
Log output configuration:
 #0: stdout all=warning uptime,level,tags
 #1: stderr all=off uptime,level,tags

Environment Variables:
JAVA_HOME=C:\Program Files\Java\jdk11.0.15
PATH=C:\Program Files\Common Files\Oracle\Java\javapath;C:\Program Files\Oracle\VirtualBox;C:\Python27\Scripts;C:\Program Files\Java\jdk-10.0.2;C:\Program Files (x86)\Intel\iCLS Client\;C:\Program Files\Intel\iCLS Client\;C:\Windows\system32;C:\Windows;C:\Windows\System32\Wbem;C:\Windows\System32\WindowsPowerShell\v1.0\;C:\Program Files (x86)\NVIDIA Corporation\PhysX\Common;C:\Program Files (x86)\Intel\Intel(R) Management Engine Components\DAL;C:\Program Files\Intel\Intel(R) Management Engine Components\DAL;C:\Program Files (x86)\Intel\Intel(R) Management Engine Components\IPT;C:\Program Files\Intel\Intel(R) Management Engine Components\IPT;C:\WINDOWS\system32;C:\WINDOWS;C:\WINDOWS\System32\Wbem;C:\WINDOWS\System32\WindowsPowerShell\v1.0\;C:\WINDOWS\System32\OpenSSH\;C:\Program Files\FFMPEG;C:\Program Files\Java\jdk-10.0.2\bin;C:\Users\Karl\AppData\Local\Android\Sdk\platform-tools;C:\Program Files\dotnet\;C:\Program Files\Microsoft SQL Server\130\Tools\Binn\;C:\Program Files\Microsoft SQL Server\Client SDK\ODBC\170\Tools\Binn\;C:\Program Files\CMake\bin;C:\Program Files\NVIDIA Corporation\NVIDIA NvDLISR;C:\Program Files (x86)\IncrediBuild;C:\Program Files\Microsoft VS Code\bin;C:\Program Files (x86)\Yarn\bin\;C:\ProgramData\chocolatey\bin;C:\Program Files\nodejs\;C:\Program Files (x86)\Vagrant\bin;C:\WINDOWS\system32;C:\WINDOWS;C:\WINDOWS\System32\Wbem;C:\WINDOWS\System32\WindowsPowerShell\v1.0\;C:\WINDOWS\System32\OpenSSH\;C:\Program Files\Git\cmd;C:\Users\Karl\AppData\Local\Microsoft\WindowsApps;C:\Users\Karl\AppData\Local\Yarn\bin;C:\Users\Karl\AppData\Roaming\npm;C:\Program Files\JetBrains\IntelliJ IDEA Community Edition 2019.2.1\bin;C:\Program Files\Android\Android Studio;C:\Users\Karl\AppData\Local\gitkraken\bin;C:\Program Files\JetBrains\IntelliJ IDEA Community Edition 2023.1\bin;C:\Program Files (x86)\Pinnacle\Shared Files;C:\Program Files (x86)\Pinnacle\Shared Files\Filter
USERNAME=Karl
OS=Windows_NT
PROCESSOR_IDENTIFIER=Intel64 Family 6 Model 158 Stepping 9, GenuineIntel



---------------  S Y S T E M  ---------------

OS: Windows 10 , 64 bit Build 19041 (10.0.19041.3636)

CPU:total 8 (initial active 8) (4 cores per cpu, 2 threads per core) family 6 model 158 stepping 9 microcode 0xb4, cmov, cx8, fxsr, mmx, sse, sse2, sse3, ssse3, sse4.1, sse4.2, popcnt, avx, avx2, aes, clmul, erms, 3dnowpref, lzcnt, ht, tsc, tscinvbit, bmi1, bmi2, adx, fma

Memory: 4k page, system-wide physical 16324M (3791M free)
TotalPageFile size 19824M (AvailPageFile size 6M)
current process WorkingSet (physical memory assigned to process): 354M, peak: 354M
current process commit charge ("private bytes"): 748M, peak: 748M

vm_info: Java HotSpot(TM) 64-Bit Server VM (11.0.15+8-LTS-149) for windows-amd64 JRE (11.0.15+8-LTS-149), built on Mar  9 2022 22:42:32 by "mach5one" with MS VC++ 15.9 (VS2017)

END.
