#
# There is insufficient memory for the Java Runtime Environment to continue.
# Native memory allocation (mmap) failed to map 268435456 bytes for Failed to commit area from 0x00000004d5e00000 to 0x00000004e5e00000 of length 268435456.
# Possible reasons:
#   The system is out of physical RAM or swap space
#   The process is running with CompressedOops enabled, and the Java Heap may be blocking the growth of the native heap
# Possible solutions:
#   Reduce memory load on the system
#   Increase physical memory or swap space
#   Check if swap backing store is full
#   Decrease Java heap size (-Xmx/-Xms)
#   Decrease number of Java threads
#   Decrease Java thread stack sizes (-Xss)
#   Set larger code cache with -XX:ReservedCodeCacheSize=
# This output file may be truncated or incomplete.
#
#  Out of Memory Error (./open/src/hotspot/os/windows/os_windows.cpp:3287), pid=15724, tid=20744
#
# JRE version:  (11.0.15+8) (build )
# Java VM: Java HotSpot(TM) 64-Bit Server VM (11.0.15+8-LTS-149, mixed mode, sharing, tiered, compressed oops, g1 gc, windows-amd64)
# No core dump will be written. Minidumps are not enabled by default on client versions of Windows
#

---------------  S U M M A R Y ------------

Command Line: org.jetbrains.kotlin.cli.jvm.K2JVMCompiler @C:\Users\Karl\Kotlin_Projects\Bond_Graph\build\20240218_1666751854652763766.compiler.options

Host: Intel(R) Core(TM) i7-7700HQ CPU @ 2.80GHz, 8 cores, 15G,  Windows 10 , 64 bit Build 19041 (10.0.19041.3636)
Time: Sun Feb 18 09:52:19 2024 Pacific Standard Time elapsed time: 0.009186 seconds (0d 0h 0m 0s)

---------------  T H R E A D  ---------------

Current thread (0x000001abe8f4f000):  JavaThread "Unknown thread" [_thread_in_vm, id=20744, stack(0x00000007a0a00000,0x00000007a0b00000)]

Stack: [0x00000007a0a00000,0x00000007a0b00000]
Native frames: (J=compiled Java code, j=interpreted, Vv=VM code, C=native code)
V  [jvm.dll+0x629d8a]
V  [jvm.dll+0x7638ff]
V  [jvm.dll+0x764fa9]
V  [jvm.dll+0x765633]
V  [jvm.dll+0x23d9c8]
V  [jvm.dll+0x6270aa]
V  [jvm.dll+0x61be35]
V  [jvm.dll+0x2f27dc]
V  [jvm.dll+0x2f2662]
V  [jvm.dll+0x2f7386]
V  [jvm.dll+0x339d8f]
V  [jvm.dll+0x3397c0]
V  [jvm.dll+0x2cfdf8]
V  [jvm.dll+0x2d0f66]
V  [jvm.dll+0x73df07]
V  [jvm.dll+0x73f79f]
V  [jvm.dll+0x346ab9]
V  [jvm.dll+0x723810]
V  [jvm.dll+0x3b56cf]
V  [jvm.dll+0x3b77e1]
C  [jli.dll+0x5207]
C  [ucrtbase.dll+0x21bb2]
C  [KERNEL32.DLL+0x17344]
C  [ntdll.dll+0x526b1]


---------------  P R O C E S S  ---------------

Threads class SMR info:
_java_thread_list=0x000001abe6dc71b0, length=0, elements={
}

Java Threads: ( => current thread )

Other Threads:
  0x000001abe8f64000 GCTaskThread "GC Thread#0" [stack: 0x00000007a0b00000,0x00000007a0c00000] [id=22060]
  0x000001abe8fc2000 ConcurrentGCThread "G1 Main Marker" [stack: 0x00000007a0c00000,0x00000007a0d00000] [id=6864]
  0x000001abe8fc4000 ConcurrentGCThread "G1 Conc#0" [stack: 0x00000007a0d00000,0x00000007a0e00000] [id=18404]

[error occurred during error reporting (printing all threads), id 0xc0000005, EXCEPTION_ACCESS_VIOLATION (0xc0000005) at pc=0x00007ffa9d6df087]

VM state:not at safepoint (not fully initialized)

VM Mutex/Monitor currently owned by a thread:  ([mutex/lock_event])
[0x000001abe8f4a9a0] Heap_lock - owner thread: 0x000001abe8f4f000

Heap address: 0x00000004d5e00000, size: 4082 MB, Compressed Oops mode: Non-zero based: 0x00000004d5e00000
Narrow klass base: 0x0000000000000000, Narrow klass shift: 0

GC Heap History (0 events):
No events

Deoptimization events (0 events):
No events

Classes redefined (0 events):
No events

Internal exceptions (0 events):
No events

Events (0 events):
No events


Dynamic libraries:
0x00007ff6ab160000 - 0x00007ff6ab16f000 	C:\Program Files\Java\jdk-11.0.15\bin\java.exe
0x00007ffaf1050000 - 0x00007ffaf1248000 	C:\WINDOWS\SYSTEM32\ntdll.dll
0x00007ffaf0da0000 - 0x00007ffaf0e5d000 	C:\WINDOWS\System32\KERNEL32.DLL
0x00007ffaeeb90000 - 0x00007ffaeee86000 	C:\WINDOWS\System32\KERNELBASE.dll
0x00007ffaee960000 - 0x00007ffaeea60000 	C:\WINDOWS\System32\ucrtbase.dll
0x00007ffad3a00000 - 0x00007ffad3a18000 	C:\Program Files\Java\jdk-11.0.15\bin\jli.dll
0x00007ffacba50000 - 0x00007ffacba65000 	C:\Program Files\Java\jdk-11.0.15\bin\VCRUNTIME140.dll
0x00007ffaf0ce0000 - 0x00007ffaf0d93000 	C:\WINDOWS\System32\ADVAPI32.dll
0x00007ffaf01e0000 - 0x00007ffaf027e000 	C:\WINDOWS\System32\msvcrt.dll
0x00007ffaf0be0000 - 0x00007ffaf0c7f000 	C:\WINDOWS\System32\sechost.dll
0x00007ffaf0ab0000 - 0x00007ffaf0bd6000 	C:\WINDOWS\System32\RPCRT4.dll
0x00007ffaee810000 - 0x00007ffaee837000 	C:\WINDOWS\System32\bcrypt.dll
0x00007ffaef9f0000 - 0x00007ffaefb8e000 	C:\WINDOWS\System32\USER32.dll
0x00007ffaeea60000 - 0x00007ffaeea82000 	C:\WINDOWS\System32\win32u.dll
0x00007ffad6cb0000 - 0x00007ffad6f4a000 	C:\WINDOWS\WinSxS\amd64_microsoft.windows.common-controls_6595b64144ccf1df_6.0.19041.3636_none_60b6a03d71f818d5\COMCTL32.dll
0x00007ffaf0280000 - 0x00007ffaf02ab000 	C:\WINDOWS\System32\GDI32.dll
0x00007ffaee840000 - 0x00007ffaee957000 	C:\WINDOWS\System32\gdi32full.dll
0x00007ffaeeff0000 - 0x00007ffaef08d000 	C:\WINDOWS\System32\msvcp_win.dll
0x00007ffae79f0000 - 0x00007ffae79fa000 	C:\WINDOWS\SYSTEM32\VERSION.dll
0x00007ffaf0fd0000 - 0x00007ffaf1002000 	C:\WINDOWS\System32\IMM32.DLL
0x00007ffab6320000 - 0x00007ffab63bb000 	C:\Program Files\Java\jdk-11.0.15\bin\msvcp140.dll
0x00007ffa9d400000 - 0x00007ffa9df16000 	C:\Program Files\Java\jdk-11.0.15\bin\server\jvm.dll
0x00007ffaf01d0000 - 0x00007ffaf01d8000 	C:\WINDOWS\System32\PSAPI.DLL
0x00007ffada310000 - 0x00007ffada337000 	C:\WINDOWS\SYSTEM32\WINMM.dll
0x00007ffad6be0000 - 0x00007ffad6be9000 	C:\WINDOWS\SYSTEM32\WSOCK32.dll
0x00007ffaf0650000 - 0x00007ffaf06bb000 	C:\WINDOWS\System32\WS2_32.dll
0x00007ffaec5c0000 - 0x00007ffaec5d2000 	C:\WINDOWS\SYSTEM32\kernel.appcore.dll
0x00007ffad44d0000 - 0x00007ffad44e0000 	C:\Program Files\Java\jdk-11.0.15\bin\verify.dll
0x00007ffae6130000 - 0x00007ffae6314000 	C:\WINDOWS\SYSTEM32\DBGHELP.DLL
0x00007ffae60d0000 - 0x00007ffae6104000 	C:\WINDOWS\SYSTEM32\dbgcore.DLL
0x00007ffaee710000 - 0x00007ffaee792000 	C:\WINDOWS\System32\bcryptPrimitives.dll
0x00007ffac7dd0000 - 0x00007ffac7df8000 	C:\Program Files\Java\jdk-11.0.15\bin\java.dll
0x00007ffad3b10000 - 0x00007ffad3b1a000 	C:\Program Files\Java\jdk-11.0.15\bin\jimage.dll
0x00007ffac98e0000 - 0x00007ffac98f6000 	C:\Program Files\Java\jdk-11.0.15\bin\zip.dll

dbghelp: loaded successfully - version: 4.0.5 - missing functions: none
symbol engine: initialized successfully - sym options: 0x614 - pdb path: .;C:\Program Files\Java\jdk-11.0.15\bin;C:\WINDOWS\SYSTEM32;C:\WINDOWS\WinSxS\amd64_microsoft.windows.common-controls_6595b64144ccf1df_6.0.19041.3636_none_60b6a03d71f818d5;C:\Program Files\Java\jdk-11.0.15\bin\server

VM Arguments:
java_command: org.jetbrains.kotlin.cli.jvm.K2JVMCompiler @C:\Users\Karl\Kotlin_Projects\Bond_Graph\build\20240218_1666751854652763766.compiler.options
java_class_path (initial): C:\Users\Karl\.gradle\caches\modules-2\files-2.1\org.jetbrains.kotlin\kotlin-compiler-embeddable\1.8.0\eb9118d4bcceaa2a94b2ae2a33a4ddba7c9a947f\kotlin-compiler-embeddable-1.8.0.jar;C:\Users\Karl\.gradle\caches\modules-2\files-2.1\org.jetbrains.kotlin\kotlin-stdlib\1.8.0\1796921c7a3e2e2665a83e6c8d33399336cd39bc\kotlin-stdlib-1.8.0.jar;C:\Users\Karl\.gradle\caches\modules-2\files-2.1\org.jetbrains.kotlin\kotlin-script-runtime\1.8.0\b2f7e760d283cb339974851c222a4c1d48f2d3d\kotlin-script-runtime-1.8.0.jar;C:\Users\Karl\.gradle\caches\modules-2\files-2.1\org.jetbrains.kotlin\kotlin-reflect\1.6.10\1cbe9c92c12a94eea200d23c2bbaedaf3daf5132\kotlin-reflect-1.6.10.jar;C:\Users\Karl\.gradle\caches\modules-2\files-2.1\org.jetbrains.kotlin\kotlin-daemon-embeddable\1.8.0\d255216c551685dc3a7e852b53617f5f01aaaa5c\kotlin-daemon-embeddable-1.8.0.jar;C:\Users\Karl\.gradle\caches\modules-2\files-2.1\org.jetbrains.intellij.deps\trove4j\1.0.20200330\3afb14d5f9ceb459d724e907a21145e8ff394f02\trove4j-1.0.20200330.jar;C:\Users\Karl\.gradle\caches\modules-2\files-2.1\net.java.dev.jna\jna\5.6.0\330f2244e9030119ab3030fc3fededc86713d9cc\jna-5.6.0.jar;C:\Users\Karl\.gradle\caches\modules-2\files-2.1\org.jetbrains.kotlin\kotlin-stdlib-common\1.8.0\f7197e7cc76453ac59f8b0f8d5137cc600becd36\kotlin-stdlib-common-1.8.0.jar;C:\Users\Karl\.gradle\caches\modules-2\files-2.1\org.jetbrains\annotations\13.0\919f0dfe192fb4e063e7dacadee7f8bb9a2672a9\annotations-13.0.jar
Launcher Type: SUN_STANDARD

[Global flags]
     intx CICompilerCount                          = 4                                         {product} {ergonomic}
     uint ConcGCThreads                            = 2                                         {product} {ergonomic}
     uint G1ConcRefinementThreads                  = 8                                         {product} {ergonomic}
   size_t G1HeapRegionSize                         = 1048576                                   {product} {ergonomic}
    uintx GCDrainStackTargetSize                   = 64                                        {product} {ergonomic}
   size_t InitialHeapSize                          = 268435456                                 {product} {ergonomic}
   size_t MarkStackSize                            = 4194304                                   {product} {ergonomic}
   size_t MaxHeapSize                              = 4280287232                                {product} {ergonomic}
   size_t MinHeapDeltaBytes                        = 1048576                                   {product} {ergonomic}
    uintx NonNMethodCodeHeapSize                   = 5836300                                {pd product} {ergonomic}
    uintx NonProfiledCodeHeapSize                  = 122910970                              {pd product} {ergonomic}
    uintx ProfiledCodeHeapSize                     = 122910970                              {pd product} {ergonomic}
    uintx ReservedCodeCacheSize                    = 251658240                              {pd product} {ergonomic}
     bool SegmentedCodeCache                       = true                                      {product} {ergonomic}
     bool UseCompressedClassPointers               = true                                 {lp64_product} {ergonomic}
     bool UseCompressedOops                        = true                                 {lp64_product} {ergonomic}
     bool UseG1GC                                  = true                                      {product} {ergonomic}
     bool UseLargePagesIndividualAllocation        = false                                  {pd product} {ergonomic}

Logging:
Log output configuration:
 #0: stdout all=warning uptime,level,tags
 #1: stderr all=off uptime,level,tags

Environment Variables:
JAVA_HOME=C:\Program Files\Java\jdk11.0.15
PATH=C:\Program Files\Common Files\Oracle\Java\javapath;C:\Program Files\Oracle\VirtualBox;C:\Python27\Scripts;C:\Program Files\Java\jdk-10.0.2;C:\Program Files (x86)\Intel\iCLS Client\;C:\Program Files\Intel\iCLS Client\;C:\Windows\system32;C:\Windows;C:\Windows\System32\Wbem;C:\Windows\System32\WindowsPowerShell\v1.0\;C:\Program Files (x86)\NVIDIA Corporation\PhysX\Common;C:\Program Files (x86)\Intel\Intel(R) Management Engine Components\DAL;C:\Program Files\Intel\Intel(R) Management Engine Components\DAL;C:\Program Files (x86)\Intel\Intel(R) Management Engine Components\IPT;C:\Program Files\Intel\Intel(R) Management Engine Components\IPT;C:\WINDOWS\system32;C:\WINDOWS;C:\WINDOWS\System32\Wbem;C:\WINDOWS\System32\WindowsPowerShell\v1.0\;C:\WINDOWS\System32\OpenSSH\;C:\Program Files\FFMPEG;C:\Program Files\Java\jdk-10.0.2\bin;C:\Users\Karl\AppData\Local\Android\Sdk\platform-tools;C:\Program Files\dotnet\;C:\Program Files\Microsoft SQL Server\130\Tools\Binn\;C:\Program Files\Microsoft SQL Server\Client SDK\ODBC\170\Tools\Binn\;C:\Program Files\CMake\bin;C:\Program Files\NVIDIA Corporation\NVIDIA NvDLISR;C:\Program Files (x86)\IncrediBuild;C:\Program Files\Microsoft VS Code\bin;C:\Program Files (x86)\Yarn\bin\;C:\ProgramData\chocolatey\bin;C:\Program Files\nodejs\;C:\Program Files (x86)\Vagrant\bin;C:\WINDOWS\system32;C:\WINDOWS;C:\WINDOWS\System32\Wbem;C:\WINDOWS\System32\WindowsPowerShell\v1.0\;C:\WINDOWS\System32\OpenSSH\;C:\Program Files\Git\cmd;C:\Users\Karl\AppData\Local\Microsoft\WindowsApps;C:\Users\Karl\AppData\Local\Yarn\bin;C:\Users\Karl\AppData\Roaming\npm;C:\Program Files\JetBrains\IntelliJ IDEA Community Edition 2019.2.1\bin;C:\Program Files\Android\Android Studio;C:\Users\Karl\AppData\Local\gitkraken\bin;C:\Program Files\JetBrains\IntelliJ IDEA Community Edition 2023.1\bin;C:\Program Files (x86)\Pinnacle\Shared Files;C:\Program Files (x86)\Pinnacle\Shared Files\Filter
USERNAME=Karl
OS=Windows_NT
PROCESSOR_IDENTIFIER=Intel64 Family 6 Model 158 Stepping 9, GenuineIntel



---------------  S Y S T E M  ---------------

OS: Windows 10 , 64 bit Build 19041 (10.0.19041.3636)

CPU:total 8 (initial active 8) (4 cores per cpu, 2 threads per core) family 6 model 158 stepping 9 microcode 0xb4, cmov, cx8, fxsr, mmx, sse, sse2, sse3, ssse3, sse4.1, sse4.2, popcnt, avx, avx2, aes, clmul, erms, 3dnowpref, lzcnt, ht, tsc, tscinvbit, bmi1, bmi2, adx, fma

Memory: 4k page, system-wide physical 16324M (4563M free)
TotalPageFile size 19824M (AvailPageFile size 84M)
current process WorkingSet (physical memory assigned to process): 10M, peak: 10M
current process commit charge ("private bytes"): 60M, peak: 316M

vm_info: Java HotSpot(TM) 64-Bit Server VM (11.0.15+8-LTS-149) for windows-amd64 JRE (11.0.15+8-LTS-149), built on Mar  9 2022 22:42:32 by "mach5one" with MS VC++ 15.9 (VS2017)

END.
