#
# There is insufficient memory for the Java Runtime Environment to continue.
# Native memory allocation (malloc) failed to allocate 1048576 bytes for AllocateHeap
# Possible reasons:
#   The system is out of physical RAM or swap space
#   The process is running with CompressedOops enabled, and the Java Heap may be blocking the growth of the native heap
# Possible solutions:
#   Reduce memory load on the system
#   Increase physical memory or swap space
#   Check if swap backing store is full
#   Decrease Java heap size (-Xmx/-Xms)
#   Decrease number of Java threads
#   Decrease Java thread stack sizes (-Xss)
#   Set larger code cache with -XX:ReservedCodeCacheSize=
#   JVM is running with Zero Based Compressed Oops mode in which the Java heap is
#     placed in the first 32GB address space. The Java Heap base address is the
#     maximum limit for the native heap growth. Please use -XX:HeapBaseMinAddress
#     to set the Java Heap base and to place the Java Heap above 32GB virtual address.
# This output file may be truncated or incomplete.
#
#  Out of Memory Error (./open/src/hotspot/share/memory/allocation.cpp:46), pid=14728, tid=16912
#
# JRE version: Java(TM) SE Runtime Environment 18.9 (11.0.15+8) (build 11.0.15+8-LTS-149)
# Java VM: Java HotSpot(TM) 64-Bit Server VM 18.9 (11.0.15+8-LTS-149, mixed mode, tiered, compressed oops, g1 gc, windows-amd64)
# No core dump will be written. Minidumps are not enabled by default on client versions of Windows
#

---------------  S U M M A R Y ------------

Command Line: -Djava.library.path=C:\Users\Karl\Kotlin_Projects\Bond_Graph\build\classes\kotlin\jvm\main;C:\Users\Karl\Kotlin_Projects\Bond_Graph\build\processedResources\jvm\main -javaagent:C:\Program Files\JetBrains\IntelliJ IDEA Community Edition 2023.1\lib\idea_rt.jar=51849:C:\Program Files\JetBrains\IntelliJ IDEA Community Edition 2023.1\bin -Dfile.encoding=UTF-8 userInterface.MainKt

Host: Intel(R) Core(TM) i7-7700HQ CPU @ 2.80GHz, 8 cores, 15G,  Windows 10 , 64 bit Build 19041 (10.0.19041.3636)
Time: Wed Nov 29 23:35:50 2023 Pacific Standard Time elapsed time: 1.750926 seconds (0d 0h 0m 1s)

---------------  T H R E A D  ---------------

Current thread (0x0000016b801d7000):  VMThread "VM Thread" [stack: 0x00000047eda00000,0x00000047edb00000] [id=16912]

Stack: [0x00000047eda00000,0x00000047edb00000]
[error occurred during error reporting (printing stack bounds), id 0xc0000005, EXCEPTION_ACCESS_VIOLATION (0xc0000005) at pc=0x0000016be49b0f2d]

Native frames: (J=compiled Java code, j=interpreted, Vv=VM code, C=native code)
V  [jvm.dll+0x629d8a]
V  [jvm.dll+0x7638ff]
V  [jvm.dll+0x764fa9]
V  [jvm.dll+0x765595]
V  [jvm.dll+0x76554b]
V  [jvm.dll+0x629273]
V  [jvm.dll+0x629988]
C  [ntdll.dll+0xa23af]
C  [ntdll.dll+0x514b4]
C  [ntdll.dll+0xa0ebe]
C  0x0000016be49b0f2d

VM_Operation (0x00000047eeafb040): CollectForMetadataAllocation, mode: safepoint, requested by thread 0x0000016b815d3000


---------------  P R O C E S S  ---------------

Threads class SMR info:
_java_thread_list=0x0000016b820381d0, length=20, elements={
0x0000016bdd301000, 0x0000016b801d9000, 0x0000016b801da800, 0x0000016b80adb800,
0x0000016b80adc800, 0x0000016b80ade000, 0x0000016b80ae3000, 0x0000016b80ae7800,
0x0000016b80af2800, 0x0000016b80c58000, 0x0000016b80f6d800, 0x0000016b8127f000,
0x0000016b81280000, 0x0000016b81374000, 0x0000016b815d3000, 0x0000016b8207f800,
0x0000016b82535800, 0x0000016b82032800, 0x0000016b8a3d8800, 0x0000016b82422000
}

Java Threads: ( => current thread )
  0x0000016bdd301000 JavaThread "main" [_thread_blocked, id=17876, stack(0x00000047ed400000,0x00000047ed500000)]
  0x0000016b801d9000 JavaThread "Reference Handler" daemon [_thread_blocked, id=18616, stack(0x00000047edb00000,0x00000047edc00000)]
  0x0000016b801da800 JavaThread "Finalizer" daemon [_thread_blocked, id=16060, stack(0x00000047edc00000,0x00000047edd00000)]
  0x0000016b80adb800 JavaThread "Signal Dispatcher" daemon [_thread_blocked, id=16180, stack(0x00000047edd00000,0x00000047ede00000)]
  0x0000016b80adc800 JavaThread "Attach Listener" daemon [_thread_blocked, id=13384, stack(0x00000047ede00000,0x00000047edf00000)]
  0x0000016b80ade000 JavaThread "Service Thread" daemon [_thread_blocked, id=10892, stack(0x00000047edf00000,0x00000047ee000000)]
  0x0000016b80ae3000 JavaThread "C2 CompilerThread0" daemon [_thread_blocked, id=17608, stack(0x00000047ee000000,0x00000047ee100000)]
  0x0000016b80ae7800 JavaThread "C1 CompilerThread0" daemon [_thread_blocked, id=21988, stack(0x00000047ee100000,0x00000047ee200000)]
  0x0000016b80af2800 JavaThread "Sweeper thread" daemon [_thread_blocked, id=3708, stack(0x00000047ee200000,0x00000047ee300000)]
  0x0000016b80c58000 JavaThread "Common-Cleaner" daemon [_thread_blocked, id=15392, stack(0x00000047ee300000,0x00000047ee400000)]
  0x0000016b80f6d800 JavaThread "Monitor Ctrl-Break" daemon [_thread_in_native, id=15252, stack(0x00000047ee500000,0x00000047ee600000)]
  0x0000016b8127f000 JavaThread "Java2D Disposer" daemon [_thread_blocked, id=20716, stack(0x00000047ee700000,0x00000047ee800000)]
  0x0000016b81280000 JavaThread "AWT-Shutdown" [_thread_blocked, id=19520, stack(0x00000047ee800000,0x00000047ee900000)]
  0x0000016b81374000 JavaThread "AWT-Windows" daemon [_thread_in_native, id=8480, stack(0x00000047ee900000,0x00000047eea00000)]
  0x0000016b815d3000 JavaThread "AWT-EventQueue-0" [_thread_blocked, id=12852, stack(0x00000047eea00000,0x00000047eeb00000)]
  0x0000016b8207f800 JavaThread "DefaultDispatcher-worker-1" daemon [_thread_blocked, id=23000, stack(0x00000047ef200000,0x00000047ef300000)]
  0x0000016b82535800 JavaThread "DefaultDispatcher-worker-2" daemon [_thread_blocked, id=15276, stack(0x00000047ef300000,0x00000047ef400000)]
  0x0000016b82032800 JavaThread "DefaultDispatcher-worker-3" daemon [_thread_blocked, id=4808, stack(0x00000047ef400000,0x00000047ef500000)]
  0x0000016b8a3d8800 JavaThread "kotlinx.coroutines.DefaultExecutor" daemon [_thread_blocked, id=18132, stack(0x00000047ef500000,0x00000047ef600000)]
  0x0000016b82422000 JavaThread "Reference Cleaner" daemon [_thread_blocked, id=23244, stack(0x00000047ef600000,0x00000047ef700000)]

Other Threads:
=>0x0000016b801d7000 VMThread "VM Thread" [stack: 0x00000047eda00000,0x00000047edb00000] [id=16912]
  0x0000016b80f6f000 WatcherThread [stack: 0x00000047ee600000,0x00000047ee700000] [id=19404]
  0x0000016bdd315800 GCTaskThread "GC Thread#0" [stack: 0x00000047ed500000,0x00000047ed600000] [id=22740]
  0x0000016b81e4d800 GCTaskThread "GC Thread#1" [stack: 0x00000047ee400000,0x00000047ee500000] [id=1872]
  0x0000016b81e64800 GCTaskThread "GC Thread#2" [stack: 0x00000047eed00000,0x00000047eee00000] [id=4232]
  0x0000016b81e65000 GCTaskThread "GC Thread#3" [stack: 0x00000047eee00000,0x00000047eef00000] [id=948]
  0x0000016b81e6a000 GCTaskThread "GC Thread#4" [stack: 0x00000047eef00000,0x00000047ef000000] [id=11016]
  0x0000016b81e6b000 GCTaskThread "GC Thread#5" [stack: 0x00000047ef000000,0x00000047ef100000] [id=22724]
  0x0000016bdd372000 ConcurrentGCThread "G1 Main Marker" [stack: 0x00000047ed600000,0x00000047ed700000] [id=1744]
  0x0000016bdd373000 ConcurrentGCThread "G1 Conc#0" [stack: 0x00000047ed700000,0x00000047ed800000] [id=17076]
  0x0000016b820aa800 ConcurrentGCThread "G1 Conc#1" [stack: 0x00000047ef800000,0x00000047ef900000] [id=2632]
  0x0000016b800b7800 ConcurrentGCThread "G1 Refine#0" [stack: 0x00000047ed800000,0x00000047ed900000] [id=17464]
  0x0000016b800b8000 ConcurrentGCThread "G1 Young RemSet Sampling" [stack: 0x00000047ed900000,0x00000047eda00000] [id=5484]

Threads with active compile tasks:

VM state:at safepoint (normal execution)

VM Mutex/Monitor currently owned by a thread:  ([mutex/lock_event])
[0x0000016bdd2fb7e0] Threads_lock - owner thread: 0x0000016b801d7000
[0x0000016bdd2fae50] Heap_lock - owner thread: 0x0000016b815d3000

Heap address: 0x0000000700e00000, size: 4082 MB, Compressed Oops mode: Zero based, Oop shift amount: 3
Narrow klass base: 0x0000000800000000, Narrow klass shift: 0
Compressed class space size: 1073741824 Address: 0x0000000800000000

Heap:
 garbage-first heap   total 262144K, used 4572K [0x0000000700e00000, 0x0000000800000000)
  region size 1024K, 2 young (2048K), 2 survivors (2048K)
 Metaspace       used 21081K, capacity 21445K, committed 21552K, reserved 1079296K
  class space    used 2174K, capacity 2373K, committed 2432K, reserved 1048576K
Heap Regions: E=young(eden), S=young(survivor), O=old, HS=humongous(starts), HC=humongous(continues), CS=collection set, F=free, A=archive, TAMS=top-at-mark-start (previous, next)
|   0|0x0000000700e00000, 0x0000000700f00000, 0x0000000700f00000|100%| O|  |TAMS 0x0000000700e00000, 0x0000000700f00000| Untracked 
|   1|0x0000000700f00000, 0x0000000701000000, 0x0000000701000000|100%| O|  |TAMS 0x0000000700f00000, 0x0000000701000000| Untracked 
|   2|0x0000000701000000, 0x000000070109de08, 0x0000000701100000| 61%| O|  |TAMS 0x0000000701000000, 0x000000070109de08| Untracked 
|   3|0x0000000701100000, 0x0000000701100000, 0x0000000701200000|  0%| F|  |TAMS 0x0000000701100000, 0x0000000701100000| Untracked 
|   4|0x0000000701200000, 0x0000000701200000, 0x0000000701300000|  0%| F|  |TAMS 0x0000000701200000, 0x0000000701200000| Untracked 
|   5|0x0000000701300000, 0x0000000701300000, 0x0000000701400000|  0%| F|  |TAMS 0x0000000701300000, 0x0000000701300000| Untracked 
|   6|0x0000000701400000, 0x0000000701400000, 0x0000000701500000|  0%| F|  |TAMS 0x0000000701400000, 0x0000000701400000| Untracked 
|   7|0x0000000701500000, 0x0000000701500000, 0x0000000701600000|  0%| F|  |TAMS 0x0000000701500000, 0x0000000701500000| Untracked 
|   8|0x0000000701600000, 0x0000000701600000, 0x0000000701700000|  0%| F|  |TAMS 0x0000000701600000, 0x0000000701600000| Untracked 
|   9|0x0000000701700000, 0x0000000701700000, 0x0000000701800000|  0%| F|  |TAMS 0x0000000701700000, 0x0000000701700000| Untracked 
|  10|0x0000000701800000, 0x0000000701800000, 0x0000000701900000|  0%| F|  |TAMS 0x0000000701800000, 0x0000000701800000| Untracked 
|  11|0x0000000701900000, 0x0000000701900000, 0x0000000701a00000|  0%| F|  |TAMS 0x0000000701900000, 0x0000000701900000| Untracked 
|  12|0x0000000701a00000, 0x0000000701a00000, 0x0000000701b00000|  0%| F|  |TAMS 0x0000000701a00000, 0x0000000701a00000| Untracked 
|  13|0x0000000701b00000, 0x0000000701b00000, 0x0000000701c00000|  0%| F|  |TAMS 0x0000000701b00000, 0x0000000701b00000| Untracked 
|  14|0x0000000701c00000, 0x0000000701c00000, 0x0000000701d00000|  0%| F|  |TAMS 0x0000000701c00000, 0x0000000701c00000| Untracked 
|  15|0x0000000701d00000, 0x0000000701d00000, 0x0000000701e00000|  0%| F|  |TAMS 0x0000000701d00000, 0x0000000701d00000| Untracked 
|  16|0x0000000701e00000, 0x0000000701e00000, 0x0000000701f00000|  0%| F|  |TAMS 0x0000000701e00000, 0x0000000701e00000| Untracked 
|  17|0x0000000701f00000, 0x0000000701f00000, 0x0000000702000000|  0%| F|  |TAMS 0x0000000701f00000, 0x0000000701f00000| Untracked 
|  18|0x0000000702000000, 0x0000000702000000, 0x0000000702100000|  0%| F|  |TAMS 0x0000000702000000, 0x0000000702000000| Untracked 
|  19|0x0000000702100000, 0x0000000702100000, 0x0000000702200000|  0%| F|  |TAMS 0x0000000702100000, 0x0000000702100000| Untracked 
|  20|0x0000000702200000, 0x0000000702200000, 0x0000000702300000|  0%| F|  |TAMS 0x0000000702200000, 0x0000000702200000| Untracked 
|  21|0x0000000702300000, 0x0000000702300000, 0x0000000702400000|  0%| F|  |TAMS 0x0000000702300000, 0x0000000702300000| Untracked 
|  22|0x0000000702400000, 0x0000000702400000, 0x0000000702500000|  0%| F|  |TAMS 0x0000000702400000, 0x0000000702400000| Untracked 
|  23|0x0000000702500000, 0x0000000702500000, 0x0000000702600000|  0%| F|  |TAMS 0x0000000702500000, 0x0000000702500000| Untracked 
|  24|0x0000000702600000, 0x0000000702600000, 0x0000000702700000|  0%| F|  |TAMS 0x0000000702600000, 0x0000000702600000| Untracked 
|  25|0x0000000702700000, 0x0000000702700000, 0x0000000702800000|  0%| F|  |TAMS 0x0000000702700000, 0x0000000702700000| Untracked 
|  26|0x0000000702800000, 0x0000000702800000, 0x0000000702900000|  0%| F|  |TAMS 0x0000000702800000, 0x0000000702800000| Untracked 
|  27|0x0000000702900000, 0x0000000702900000, 0x0000000702a00000|  0%| F|  |TAMS 0x0000000702900000, 0x0000000702900000| Untracked 
|  28|0x0000000702a00000, 0x0000000702a00000, 0x0000000702b00000|  0%| F|  |TAMS 0x0000000702a00000, 0x0000000702a00000| Untracked 
|  29|0x0000000702b00000, 0x0000000702b00000, 0x0000000702c00000|  0%| F|  |TAMS 0x0000000702b00000, 0x0000000702b00000| Untracked 
|  30|0x0000000702c00000, 0x0000000702c00000, 0x0000000702d00000|  0%| F|  |TAMS 0x0000000702c00000, 0x0000000702c00000| Untracked 
|  31|0x0000000702d00000, 0x0000000702d00000, 0x0000000702e00000|  0%| F|  |TAMS 0x0000000702d00000, 0x0000000702d00000| Untracked 
|  32|0x0000000702e00000, 0x0000000702e00000, 0x0000000702f00000|  0%| F|  |TAMS 0x0000000702e00000, 0x0000000702e00000| Untracked 
|  33|0x0000000702f00000, 0x0000000702f00000, 0x0000000703000000|  0%| F|  |TAMS 0x0000000702f00000, 0x0000000702f00000| Untracked 
|  34|0x0000000703000000, 0x0000000703000000, 0x0000000703100000|  0%| F|  |TAMS 0x0000000703000000, 0x0000000703000000| Untracked 
|  35|0x0000000703100000, 0x0000000703100000, 0x0000000703200000|  0%| F|  |TAMS 0x0000000703100000, 0x0000000703100000| Untracked 
|  36|0x0000000703200000, 0x0000000703200000, 0x0000000703300000|  0%| F|  |TAMS 0x0000000703200000, 0x0000000703200000| Untracked 
|  37|0x0000000703300000, 0x0000000703300000, 0x0000000703400000|  0%| F|  |TAMS 0x0000000703300000, 0x0000000703300000| Untracked 
|  38|0x0000000703400000, 0x0000000703400000, 0x0000000703500000|  0%| F|  |TAMS 0x0000000703400000, 0x0000000703400000| Untracked 
|  39|0x0000000703500000, 0x0000000703500000, 0x0000000703600000|  0%| F|  |TAMS 0x0000000703500000, 0x0000000703500000| Untracked 
|  40|0x0000000703600000, 0x0000000703600000, 0x0000000703700000|  0%| F|  |TAMS 0x0000000703600000, 0x0000000703600000| Untracked 
|  41|0x0000000703700000, 0x0000000703700000, 0x0000000703800000|  0%| F|  |TAMS 0x0000000703700000, 0x0000000703700000| Untracked 
|  42|0x0000000703800000, 0x0000000703800000, 0x0000000703900000|  0%| F|  |TAMS 0x0000000703800000, 0x0000000703800000| Untracked 
|  43|0x0000000703900000, 0x0000000703900000, 0x0000000703a00000|  0%| F|  |TAMS 0x0000000703900000, 0x0000000703900000| Untracked 
|  44|0x0000000703a00000, 0x0000000703a00000, 0x0000000703b00000|  0%| F|  |TAMS 0x0000000703a00000, 0x0000000703a00000| Untracked 
|  45|0x0000000703b00000, 0x0000000703b00000, 0x0000000703c00000|  0%| F|  |TAMS 0x0000000703b00000, 0x0000000703b00000| Untracked 
|  46|0x0000000703c00000, 0x0000000703c00000, 0x0000000703d00000|  0%| F|  |TAMS 0x0000000703c00000, 0x0000000703c00000| Untracked 
|  47|0x0000000703d00000, 0x0000000703d00000, 0x0000000703e00000|  0%| F|  |TAMS 0x0000000703d00000, 0x0000000703d00000| Untracked 
|  48|0x0000000703e00000, 0x0000000703e00000, 0x0000000703f00000|  0%| F|  |TAMS 0x0000000703e00000, 0x0000000703e00000| Untracked 
|  49|0x0000000703f00000, 0x0000000703f00000, 0x0000000704000000|  0%| F|  |TAMS 0x0000000703f00000, 0x0000000703f00000| Untracked 
|  50|0x0000000704000000, 0x0000000704000000, 0x0000000704100000|  0%| F|  |TAMS 0x0000000704000000, 0x0000000704000000| Untracked 
|  51|0x0000000704100000, 0x0000000704100000, 0x0000000704200000|  0%| F|  |TAMS 0x0000000704100000, 0x0000000704100000| Untracked 
|  52|0x0000000704200000, 0x0000000704200000, 0x0000000704300000|  0%| F|  |TAMS 0x0000000704200000, 0x0000000704200000| Untracked 
|  53|0x0000000704300000, 0x0000000704300000, 0x0000000704400000|  0%| F|  |TAMS 0x0000000704300000, 0x0000000704300000| Untracked 
|  54|0x0000000704400000, 0x0000000704400000, 0x0000000704500000|  0%| F|  |TAMS 0x0000000704400000, 0x0000000704400000| Untracked 
|  55|0x0000000704500000, 0x0000000704500000, 0x0000000704600000|  0%| F|  |TAMS 0x0000000704500000, 0x0000000704500000| Untracked 
|  56|0x0000000704600000, 0x0000000704600000, 0x0000000704700000|  0%| F|  |TAMS 0x0000000704600000, 0x0000000704600000| Untracked 
|  57|0x0000000704700000, 0x0000000704700000, 0x0000000704800000|  0%| F|  |TAMS 0x0000000704700000, 0x0000000704700000| Untracked 
|  58|0x0000000704800000, 0x0000000704800000, 0x0000000704900000|  0%| F|  |TAMS 0x0000000704800000, 0x0000000704800000| Untracked 
|  59|0x0000000704900000, 0x0000000704900000, 0x0000000704a00000|  0%| F|  |TAMS 0x0000000704900000, 0x0000000704900000| Untracked 
|  60|0x0000000704a00000, 0x0000000704a00000, 0x0000000704b00000|  0%| F|  |TAMS 0x0000000704a00000, 0x0000000704a00000| Untracked 
|  61|0x0000000704b00000, 0x0000000704b00000, 0x0000000704c00000|  0%| F|  |TAMS 0x0000000704b00000, 0x0000000704b00000| Untracked 
|  62|0x0000000704c00000, 0x0000000704c00000, 0x0000000704d00000|  0%| F|  |TAMS 0x0000000704c00000, 0x0000000704c00000| Untracked 
|  63|0x0000000704d00000, 0x0000000704d00000, 0x0000000704e00000|  0%| F|  |TAMS 0x0000000704d00000, 0x0000000704d00000| Untracked 
|  64|0x0000000704e00000, 0x0000000704e00000, 0x0000000704f00000|  0%| F|  |TAMS 0x0000000704e00000, 0x0000000704e00000| Untracked 
|  65|0x0000000704f00000, 0x0000000704f00000, 0x0000000705000000|  0%| F|  |TAMS 0x0000000704f00000, 0x0000000704f00000| Untracked 
|  66|0x0000000705000000, 0x0000000705000000, 0x0000000705100000|  0%| F|  |TAMS 0x0000000705000000, 0x0000000705000000| Untracked 
|  67|0x0000000705100000, 0x0000000705100000, 0x0000000705200000|  0%| F|  |TAMS 0x0000000705100000, 0x0000000705100000| Untracked 
|  68|0x0000000705200000, 0x0000000705200000, 0x0000000705300000|  0%| F|  |TAMS 0x0000000705200000, 0x0000000705200000| Untracked 
|  69|0x0000000705300000, 0x0000000705300000, 0x0000000705400000|  0%| F|  |TAMS 0x0000000705300000, 0x0000000705300000| Untracked 
|  70|0x0000000705400000, 0x0000000705400000, 0x0000000705500000|  0%| F|  |TAMS 0x0000000705400000, 0x0000000705400000| Untracked 
|  71|0x0000000705500000, 0x0000000705500000, 0x0000000705600000|  0%| F|  |TAMS 0x0000000705500000, 0x0000000705500000| Untracked 
|  72|0x0000000705600000, 0x0000000705600000, 0x0000000705700000|  0%| F|  |TAMS 0x0000000705600000, 0x0000000705600000| Untracked 
|  73|0x0000000705700000, 0x0000000705700000, 0x0000000705800000|  0%| F|  |TAMS 0x0000000705700000, 0x0000000705700000| Untracked 
|  74|0x0000000705800000, 0x0000000705800000, 0x0000000705900000|  0%| F|  |TAMS 0x0000000705800000, 0x0000000705800000| Untracked 
|  75|0x0000000705900000, 0x0000000705900000, 0x0000000705a00000|  0%| F|  |TAMS 0x0000000705900000, 0x0000000705900000| Untracked 
|  76|0x0000000705a00000, 0x0000000705a00000, 0x0000000705b00000|  0%| F|  |TAMS 0x0000000705a00000, 0x0000000705a00000| Untracked 
|  77|0x0000000705b00000, 0x0000000705b00000, 0x0000000705c00000|  0%| F|  |TAMS 0x0000000705b00000, 0x0000000705b00000| Untracked 
|  78|0x0000000705c00000, 0x0000000705c00000, 0x0000000705d00000|  0%| F|  |TAMS 0x0000000705c00000, 0x0000000705c00000| Untracked 
|  79|0x0000000705d00000, 0x0000000705d00000, 0x0000000705e00000|  0%| F|  |TAMS 0x0000000705d00000, 0x0000000705d00000| Untracked 
|  80|0x0000000705e00000, 0x0000000705e00000, 0x0000000705f00000|  0%| F|  |TAMS 0x0000000705e00000, 0x0000000705e00000| Untracked 
|  81|0x0000000705f00000, 0x0000000705f00000, 0x0000000706000000|  0%| F|  |TAMS 0x0000000705f00000, 0x0000000705f00000| Untracked 
|  82|0x0000000706000000, 0x0000000706000000, 0x0000000706100000|  0%| F|  |TAMS 0x0000000706000000, 0x0000000706000000| Untracked 
|  83|0x0000000706100000, 0x0000000706100000, 0x0000000706200000|  0%| F|  |TAMS 0x0000000706100000, 0x0000000706100000| Untracked 
|  84|0x0000000706200000, 0x0000000706200000, 0x0000000706300000|  0%| F|  |TAMS 0x0000000706200000, 0x0000000706200000| Untracked 
|  85|0x0000000706300000, 0x0000000706300000, 0x0000000706400000|  0%| F|  |TAMS 0x0000000706300000, 0x0000000706300000| Untracked 
|  86|0x0000000706400000, 0x0000000706400000, 0x0000000706500000|  0%| F|  |TAMS 0x0000000706400000, 0x0000000706400000| Untracked 
|  87|0x0000000706500000, 0x0000000706500000, 0x0000000706600000|  0%| F|  |TAMS 0x0000000706500000, 0x0000000706500000| Untracked 
|  88|0x0000000706600000, 0x0000000706600000, 0x0000000706700000|  0%| F|  |TAMS 0x0000000706600000, 0x0000000706600000| Untracked 
|  89|0x0000000706700000, 0x0000000706700000, 0x0000000706800000|  0%| F|  |TAMS 0x0000000706700000, 0x0000000706700000| Untracked 
|  90|0x0000000706800000, 0x0000000706800000, 0x0000000706900000|  0%| F|  |TAMS 0x0000000706800000, 0x0000000706800000| Untracked 
|  91|0x0000000706900000, 0x0000000706900000, 0x0000000706a00000|  0%| F|  |TAMS 0x0000000706900000, 0x0000000706900000| Untracked 
|  92|0x0000000706a00000, 0x0000000706a00000, 0x0000000706b00000|  0%| F|  |TAMS 0x0000000706a00000, 0x0000000706a00000| Untracked 
|  93|0x0000000706b00000, 0x0000000706b00000, 0x0000000706c00000|  0%| F|  |TAMS 0x0000000706b00000, 0x0000000706b00000| Untracked 
|  94|0x0000000706c00000, 0x0000000706c00000, 0x0000000706d00000|  0%| F|  |TAMS 0x0000000706c00000, 0x0000000706c00000| Untracked 
|  95|0x0000000706d00000, 0x0000000706d00000, 0x0000000706e00000|  0%| F|  |TAMS 0x0000000706d00000, 0x0000000706d00000| Untracked 
|  96|0x0000000706e00000, 0x0000000706e00000, 0x0000000706f00000|  0%| F|  |TAMS 0x0000000706e00000, 0x0000000706e00000| Untracked 
|  97|0x0000000706f00000, 0x0000000706f00000, 0x0000000707000000|  0%| F|  |TAMS 0x0000000706f00000, 0x0000000706f00000| Untracked 
|  98|0x0000000707000000, 0x0000000707000000, 0x0000000707100000|  0%| F|  |TAMS 0x0000000707000000, 0x0000000707000000| Untracked 
|  99|0x0000000707100000, 0x0000000707100000, 0x0000000707200000|  0%| F|  |TAMS 0x0000000707100000, 0x0000000707100000| Untracked 
| 100|0x0000000707200000, 0x0000000707200000, 0x0000000707300000|  0%| F|  |TAMS 0x0000000707200000, 0x0000000707200000| Untracked 
| 101|0x0000000707300000, 0x0000000707300000, 0x0000000707400000|  0%| F|  |TAMS 0x0000000707300000, 0x0000000707300000| Untracked 
| 102|0x0000000707400000, 0x0000000707400000, 0x0000000707500000|  0%| F|  |TAMS 0x0000000707400000, 0x0000000707400000| Untracked 
| 103|0x0000000707500000, 0x0000000707500000, 0x0000000707600000|  0%| F|  |TAMS 0x0000000707500000, 0x0000000707500000| Untracked 
| 104|0x0000000707600000, 0x0000000707600000, 0x0000000707700000|  0%| F|  |TAMS 0x0000000707600000, 0x0000000707600000| Untracked 
| 105|0x0000000707700000, 0x0000000707700000, 0x0000000707800000|  0%| F|  |TAMS 0x0000000707700000, 0x0000000707700000| Untracked 
| 106|0x0000000707800000, 0x0000000707800000, 0x0000000707900000|  0%| F|  |TAMS 0x0000000707800000, 0x0000000707800000| Untracked 
| 107|0x0000000707900000, 0x0000000707900000, 0x0000000707a00000|  0%| F|  |TAMS 0x0000000707900000, 0x0000000707900000| Untracked 
| 108|0x0000000707a00000, 0x0000000707a00000, 0x0000000707b00000|  0%| F|  |TAMS 0x0000000707a00000, 0x0000000707a00000| Untracked 
| 109|0x0000000707b00000, 0x0000000707b00000, 0x0000000707c00000|  0%| F|  |TAMS 0x0000000707b00000, 0x0000000707b00000| Untracked 
| 110|0x0000000707c00000, 0x0000000707c00000, 0x0000000707d00000|  0%| F|  |TAMS 0x0000000707c00000, 0x0000000707c00000| Untracked 
| 111|0x0000000707d00000, 0x0000000707d00000, 0x0000000707e00000|  0%| F|  |TAMS 0x0000000707d00000, 0x0000000707d00000| Untracked 
| 112|0x0000000707e00000, 0x0000000707e00000, 0x0000000707f00000|  0%| F|  |TAMS 0x0000000707e00000, 0x0000000707e00000| Untracked 
| 113|0x0000000707f00000, 0x0000000707f00000, 0x0000000708000000|  0%| F|  |TAMS 0x0000000707f00000, 0x0000000707f00000| Untracked 
| 114|0x0000000708000000, 0x0000000708000000, 0x0000000708100000|  0%| F|  |TAMS 0x0000000708000000, 0x0000000708000000| Untracked 
| 115|0x0000000708100000, 0x0000000708100000, 0x0000000708200000|  0%| F|  |TAMS 0x0000000708100000, 0x0000000708100000| Untracked 
| 116|0x0000000708200000, 0x0000000708200000, 0x0000000708300000|  0%| F|  |TAMS 0x0000000708200000, 0x0000000708200000| Untracked 
| 117|0x0000000708300000, 0x0000000708300000, 0x0000000708400000|  0%| F|  |TAMS 0x0000000708300000, 0x0000000708300000| Untracked 
| 118|0x0000000708400000, 0x0000000708400000, 0x0000000708500000|  0%| F|  |TAMS 0x0000000708400000, 0x0000000708400000| Untracked 
| 119|0x0000000708500000, 0x0000000708500000, 0x0000000708600000|  0%| F|  |TAMS 0x0000000708500000, 0x0000000708500000| Untracked 
| 120|0x0000000708600000, 0x0000000708600000, 0x0000000708700000|  0%| F|  |TAMS 0x0000000708600000, 0x0000000708600000| Untracked 
| 121|0x0000000708700000, 0x0000000708700000, 0x0000000708800000|  0%| F|  |TAMS 0x0000000708700000, 0x0000000708700000| Untracked 
| 122|0x0000000708800000, 0x0000000708800000, 0x0000000708900000|  0%| F|  |TAMS 0x0000000708800000, 0x0000000708800000| Untracked 
| 123|0x0000000708900000, 0x0000000708900000, 0x0000000708a00000|  0%| F|  |TAMS 0x0000000708900000, 0x0000000708900000| Untracked 
| 124|0x0000000708a00000, 0x0000000708a00000, 0x0000000708b00000|  0%| F|  |TAMS 0x0000000708a00000, 0x0000000708a00000| Untracked 
| 125|0x0000000708b00000, 0x0000000708b00000, 0x0000000708c00000|  0%| F|  |TAMS 0x0000000708b00000, 0x0000000708b00000| Untracked 
| 126|0x0000000708c00000, 0x0000000708c00000, 0x0000000708d00000|  0%| F|  |TAMS 0x0000000708c00000, 0x0000000708c00000| Untracked 
| 127|0x0000000708d00000, 0x0000000708d00000, 0x0000000708e00000|  0%| F|  |TAMS 0x0000000708d00000, 0x0000000708d00000| Untracked 
| 128|0x0000000708e00000, 0x0000000708e00000, 0x0000000708f00000|  0%| F|  |TAMS 0x0000000708e00000, 0x0000000708e00000| Untracked 
| 129|0x0000000708f00000, 0x0000000708f00000, 0x0000000709000000|  0%| F|  |TAMS 0x0000000708f00000, 0x0000000708f00000| Untracked 
| 130|0x0000000709000000, 0x0000000709000000, 0x0000000709100000|  0%| F|  |TAMS 0x0000000709000000, 0x0000000709000000| Untracked 
| 131|0x0000000709100000, 0x0000000709100000, 0x0000000709200000|  0%| F|  |TAMS 0x0000000709100000, 0x0000000709100000| Untracked 
| 132|0x0000000709200000, 0x0000000709200000, 0x0000000709300000|  0%| F|  |TAMS 0x0000000709200000, 0x0000000709200000| Untracked 
| 133|0x0000000709300000, 0x0000000709300000, 0x0000000709400000|  0%| F|  |TAMS 0x0000000709300000, 0x0000000709300000| Untracked 
| 134|0x0000000709400000, 0x0000000709400000, 0x0000000709500000|  0%| F|  |TAMS 0x0000000709400000, 0x0000000709400000| Untracked 
| 135|0x0000000709500000, 0x0000000709500000, 0x0000000709600000|  0%| F|  |TAMS 0x0000000709500000, 0x0000000709500000| Untracked 
| 136|0x0000000709600000, 0x0000000709600000, 0x0000000709700000|  0%| F|  |TAMS 0x0000000709600000, 0x0000000709600000| Untracked 
| 137|0x0000000709700000, 0x0000000709700000, 0x0000000709800000|  0%| F|  |TAMS 0x0000000709700000, 0x0000000709700000| Untracked 
| 138|0x0000000709800000, 0x0000000709800000, 0x0000000709900000|  0%| F|  |TAMS 0x0000000709800000, 0x0000000709800000| Untracked 
| 139|0x0000000709900000, 0x0000000709900000, 0x0000000709a00000|  0%| F|  |TAMS 0x0000000709900000, 0x0000000709900000| Untracked 
| 140|0x0000000709a00000, 0x0000000709a00000, 0x0000000709b00000|  0%| F|  |TAMS 0x0000000709a00000, 0x0000000709a00000| Untracked 
| 141|0x0000000709b00000, 0x0000000709b00000, 0x0000000709c00000|  0%| F|  |TAMS 0x0000000709b00000, 0x0000000709b00000| Untracked 
| 142|0x0000000709c00000, 0x0000000709c00000, 0x0000000709d00000|  0%| F|  |TAMS 0x0000000709c00000, 0x0000000709c00000| Untracked 
| 143|0x0000000709d00000, 0x0000000709d00000, 0x0000000709e00000|  0%| F|  |TAMS 0x0000000709d00000, 0x0000000709d00000| Untracked 
| 144|0x0000000709e00000, 0x0000000709e00000, 0x0000000709f00000|  0%| F|  |TAMS 0x0000000709e00000, 0x0000000709e00000| Untracked 
| 145|0x0000000709f00000, 0x0000000709f00000, 0x000000070a000000|  0%| F|  |TAMS 0x0000000709f00000, 0x0000000709f00000| Untracked 
| 146|0x000000070a000000, 0x000000070a000000, 0x000000070a100000|  0%| F|  |TAMS 0x000000070a000000, 0x000000070a000000| Untracked 
| 147|0x000000070a100000, 0x000000070a100000, 0x000000070a200000|  0%| F|  |TAMS 0x000000070a100000, 0x000000070a100000| Untracked 
| 148|0x000000070a200000, 0x000000070a200000, 0x000000070a300000|  0%| F|  |TAMS 0x000000070a200000, 0x000000070a200000| Untracked 
| 149|0x000000070a300000, 0x000000070a300000, 0x000000070a400000|  0%| F|  |TAMS 0x000000070a300000, 0x000000070a300000| Untracked 
| 150|0x000000070a400000, 0x000000070a400000, 0x000000070a500000|  0%| F|  |TAMS 0x000000070a400000, 0x000000070a400000| Untracked 
| 151|0x000000070a500000, 0x000000070a500000, 0x000000070a600000|  0%| F|  |TAMS 0x000000070a500000, 0x000000070a500000| Untracked 
| 152|0x000000070a600000, 0x000000070a600000, 0x000000070a700000|  0%| F|  |TAMS 0x000000070a600000, 0x000000070a600000| Untracked 
| 153|0x000000070a700000, 0x000000070a700000, 0x000000070a800000|  0%| F|  |TAMS 0x000000070a700000, 0x000000070a700000| Untracked 
| 154|0x000000070a800000, 0x000000070a800000, 0x000000070a900000|  0%| F|  |TAMS 0x000000070a800000, 0x000000070a800000| Untracked 
| 155|0x000000070a900000, 0x000000070a900000, 0x000000070aa00000|  0%| F|  |TAMS 0x000000070a900000, 0x000000070a900000| Untracked 
| 156|0x000000070aa00000, 0x000000070aa00000, 0x000000070ab00000|  0%| F|  |TAMS 0x000000070aa00000, 0x000000070aa00000| Untracked 
| 157|0x000000070ab00000, 0x000000070ab00000, 0x000000070ac00000|  0%| F|  |TAMS 0x000000070ab00000, 0x000000070ab00000| Untracked 
| 158|0x000000070ac00000, 0x000000070ac00000, 0x000000070ad00000|  0%| F|  |TAMS 0x000000070ac00000, 0x000000070ac00000| Untracked 
| 159|0x000000070ad00000, 0x000000070ad00000, 0x000000070ae00000|  0%| F|  |TAMS 0x000000070ad00000, 0x000000070ad00000| Untracked 
| 160|0x000000070ae00000, 0x000000070ae00000, 0x000000070af00000|  0%| F|  |TAMS 0x000000070ae00000, 0x000000070ae00000| Untracked 
| 161|0x000000070af00000, 0x000000070af00000, 0x000000070b000000|  0%| F|  |TAMS 0x000000070af00000, 0x000000070af00000| Untracked 
| 162|0x000000070b000000, 0x000000070b000000, 0x000000070b100000|  0%| F|  |TAMS 0x000000070b000000, 0x000000070b000000| Untracked 
| 163|0x000000070b100000, 0x000000070b100000, 0x000000070b200000|  0%| F|  |TAMS 0x000000070b100000, 0x000000070b100000| Untracked 
| 164|0x000000070b200000, 0x000000070b200000, 0x000000070b300000|  0%| F|  |TAMS 0x000000070b200000, 0x000000070b200000| Untracked 
| 165|0x000000070b300000, 0x000000070b300000, 0x000000070b400000|  0%| F|  |TAMS 0x000000070b300000, 0x000000070b300000| Untracked 
| 166|0x000000070b400000, 0x000000070b400000, 0x000000070b500000|  0%| F|  |TAMS 0x000000070b400000, 0x000000070b400000| Untracked 
| 167|0x000000070b500000, 0x000000070b500000, 0x000000070b600000|  0%| F|  |TAMS 0x000000070b500000, 0x000000070b500000| Untracked 
| 168|0x000000070b600000, 0x000000070b600000, 0x000000070b700000|  0%| F|  |TAMS 0x000000070b600000, 0x000000070b600000| Untracked 
| 169|0x000000070b700000, 0x000000070b700000, 0x000000070b800000|  0%| F|  |TAMS 0x000000070b700000, 0x000000070b700000| Untracked 
| 170|0x000000070b800000, 0x000000070b800000, 0x000000070b900000|  0%| F|  |TAMS 0x000000070b800000, 0x000000070b800000| Untracked 
| 171|0x000000070b900000, 0x000000070b900000, 0x000000070ba00000|  0%| F|  |TAMS 0x000000070b900000, 0x000000070b900000| Untracked 
| 172|0x000000070ba00000, 0x000000070ba00000, 0x000000070bb00000|  0%| F|  |TAMS 0x000000070ba00000, 0x000000070ba00000| Untracked 
| 173|0x000000070bb00000, 0x000000070bb00000, 0x000000070bc00000|  0%| F|  |TAMS 0x000000070bb00000, 0x000000070bb00000| Untracked 
| 174|0x000000070bc00000, 0x000000070bc00000, 0x000000070bd00000|  0%| F|  |TAMS 0x000000070bc00000, 0x000000070bc00000| Untracked 
| 175|0x000000070bd00000, 0x000000070bd00000, 0x000000070be00000|  0%| F|  |TAMS 0x000000070bd00000, 0x000000070bd00000| Untracked 
| 176|0x000000070be00000, 0x000000070be00000, 0x000000070bf00000|  0%| F|  |TAMS 0x000000070be00000, 0x000000070be00000| Untracked 
| 177|0x000000070bf00000, 0x000000070bf00000, 0x000000070c000000|  0%| F|  |TAMS 0x000000070bf00000, 0x000000070bf00000| Untracked 
| 178|0x000000070c000000, 0x000000070c000000, 0x000000070c100000|  0%| F|  |TAMS 0x000000070c000000, 0x000000070c000000| Untracked 
| 179|0x000000070c100000, 0x000000070c100000, 0x000000070c200000|  0%| F|  |TAMS 0x000000070c100000, 0x000000070c100000| Untracked 
| 180|0x000000070c200000, 0x000000070c200000, 0x000000070c300000|  0%| F|  |TAMS 0x000000070c200000, 0x000000070c200000| Untracked 
| 181|0x000000070c300000, 0x000000070c300000, 0x000000070c400000|  0%| F|  |TAMS 0x000000070c300000, 0x000000070c300000| Untracked 
| 182|0x000000070c400000, 0x000000070c400000, 0x000000070c500000|  0%| F|  |TAMS 0x000000070c400000, 0x000000070c400000| Untracked 
| 183|0x000000070c500000, 0x000000070c500000, 0x000000070c600000|  0%| F|  |TAMS 0x000000070c500000, 0x000000070c500000| Untracked 
| 184|0x000000070c600000, 0x000000070c600000, 0x000000070c700000|  0%| F|  |TAMS 0x000000070c600000, 0x000000070c600000| Untracked 
| 185|0x000000070c700000, 0x000000070c700000, 0x000000070c800000|  0%| F|  |TAMS 0x000000070c700000, 0x000000070c700000| Untracked 
| 186|0x000000070c800000, 0x000000070c800000, 0x000000070c900000|  0%| F|  |TAMS 0x000000070c800000, 0x000000070c800000| Untracked 
| 187|0x000000070c900000, 0x000000070c900000, 0x000000070ca00000|  0%| F|  |TAMS 0x000000070c900000, 0x000000070c900000| Untracked 
| 188|0x000000070ca00000, 0x000000070ca00000, 0x000000070cb00000|  0%| F|  |TAMS 0x000000070ca00000, 0x000000070ca00000| Untracked 
| 189|0x000000070cb00000, 0x000000070cb00000, 0x000000070cc00000|  0%| F|  |TAMS 0x000000070cb00000, 0x000000070cb00000| Untracked 
| 190|0x000000070cc00000, 0x000000070cc00000, 0x000000070cd00000|  0%| F|  |TAMS 0x000000070cc00000, 0x000000070cc00000| Untracked 
| 191|0x000000070cd00000, 0x000000070cd00000, 0x000000070ce00000|  0%| F|  |TAMS 0x000000070cd00000, 0x000000070cd00000| Untracked 
| 192|0x000000070ce00000, 0x000000070ce00000, 0x000000070cf00000|  0%| F|  |TAMS 0x000000070ce00000, 0x000000070ce00000| Untracked 
| 193|0x000000070cf00000, 0x000000070cf00000, 0x000000070d000000|  0%| F|  |TAMS 0x000000070cf00000, 0x000000070cf00000| Untracked 
| 194|0x000000070d000000, 0x000000070d000000, 0x000000070d100000|  0%| F|  |TAMS 0x000000070d000000, 0x000000070d000000| Untracked 
| 195|0x000000070d100000, 0x000000070d100000, 0x000000070d200000|  0%| F|  |TAMS 0x000000070d100000, 0x000000070d100000| Untracked 
| 196|0x000000070d200000, 0x000000070d200000, 0x000000070d300000|  0%| F|  |TAMS 0x000000070d200000, 0x000000070d200000| Untracked 
| 197|0x000000070d300000, 0x000000070d300000, 0x000000070d400000|  0%| F|  |TAMS 0x000000070d300000, 0x000000070d300000| Untracked 
| 198|0x000000070d400000, 0x000000070d400000, 0x000000070d500000|  0%| F|  |TAMS 0x000000070d400000, 0x000000070d400000| Untracked 
| 199|0x000000070d500000, 0x000000070d500000, 0x000000070d600000|  0%| F|  |TAMS 0x000000070d500000, 0x000000070d500000| Untracked 
| 200|0x000000070d600000, 0x000000070d600000, 0x000000070d700000|  0%| F|  |TAMS 0x000000070d600000, 0x000000070d600000| Untracked 
| 201|0x000000070d700000, 0x000000070d700000, 0x000000070d800000|  0%| F|  |TAMS 0x000000070d700000, 0x000000070d700000| Untracked 
| 202|0x000000070d800000, 0x000000070d800000, 0x000000070d900000|  0%| F|  |TAMS 0x000000070d800000, 0x000000070d800000| Untracked 
| 203|0x000000070d900000, 0x000000070d900000, 0x000000070da00000|  0%| F|  |TAMS 0x000000070d900000, 0x000000070d900000| Untracked 
| 204|0x000000070da00000, 0x000000070da00000, 0x000000070db00000|  0%| F|  |TAMS 0x000000070da00000, 0x000000070da00000| Untracked 
| 205|0x000000070db00000, 0x000000070db00000, 0x000000070dc00000|  0%| F|  |TAMS 0x000000070db00000, 0x000000070db00000| Untracked 
| 206|0x000000070dc00000, 0x000000070dc00000, 0x000000070dd00000|  0%| F|  |TAMS 0x000000070dc00000, 0x000000070dc00000| Untracked 
| 207|0x000000070dd00000, 0x000000070dd00000, 0x000000070de00000|  0%| F|  |TAMS 0x000000070dd00000, 0x000000070dd00000| Untracked 
| 208|0x000000070de00000, 0x000000070de00000, 0x000000070df00000|  0%| F|  |TAMS 0x000000070de00000, 0x000000070de00000| Untracked 
| 209|0x000000070df00000, 0x000000070df00000, 0x000000070e000000|  0%| F|  |TAMS 0x000000070df00000, 0x000000070df00000| Untracked 
| 210|0x000000070e000000, 0x000000070e000000, 0x000000070e100000|  0%| F|  |TAMS 0x000000070e000000, 0x000000070e000000| Untracked 
| 211|0x000000070e100000, 0x000000070e100000, 0x000000070e200000|  0%| F|  |TAMS 0x000000070e100000, 0x000000070e100000| Untracked 
| 212|0x000000070e200000, 0x000000070e200000, 0x000000070e300000|  0%| F|  |TAMS 0x000000070e200000, 0x000000070e200000| Untracked 
| 213|0x000000070e300000, 0x000000070e300000, 0x000000070e400000|  0%| F|  |TAMS 0x000000070e300000, 0x000000070e300000| Untracked 
| 214|0x000000070e400000, 0x000000070e400000, 0x000000070e500000|  0%| F|  |TAMS 0x000000070e400000, 0x000000070e400000| Untracked 
| 215|0x000000070e500000, 0x000000070e500000, 0x000000070e600000|  0%| F|  |TAMS 0x000000070e500000, 0x000000070e500000| Untracked 
| 216|0x000000070e600000, 0x000000070e600000, 0x000000070e700000|  0%| F|  |TAMS 0x000000070e600000, 0x000000070e600000| Untracked 
| 217|0x000000070e700000, 0x000000070e700000, 0x000000070e800000|  0%| F|  |TAMS 0x000000070e700000, 0x000000070e700000| Untracked 
| 218|0x000000070e800000, 0x000000070e800000, 0x000000070e900000|  0%| F|  |TAMS 0x000000070e800000, 0x000000070e800000| Untracked 
| 219|0x000000070e900000, 0x000000070e900000, 0x000000070ea00000|  0%| F|  |TAMS 0x000000070e900000, 0x000000070e900000| Untracked 
| 220|0x000000070ea00000, 0x000000070ea00000, 0x000000070eb00000|  0%| F|  |TAMS 0x000000070ea00000, 0x000000070ea00000| Untracked 
| 221|0x000000070eb00000, 0x000000070eb00000, 0x000000070ec00000|  0%| F|  |TAMS 0x000000070eb00000, 0x000000070eb00000| Untracked 
| 222|0x000000070ec00000, 0x000000070ec00000, 0x000000070ed00000|  0%| F|  |TAMS 0x000000070ec00000, 0x000000070ec00000| Untracked 
| 223|0x000000070ed00000, 0x000000070ed00000, 0x000000070ee00000|  0%| F|  |TAMS 0x000000070ed00000, 0x000000070ed00000| Untracked 
| 224|0x000000070ee00000, 0x000000070ee00000, 0x000000070ef00000|  0%| F|  |TAMS 0x000000070ee00000, 0x000000070ee00000| Untracked 
| 225|0x000000070ef00000, 0x000000070ef00000, 0x000000070f000000|  0%| F|  |TAMS 0x000000070ef00000, 0x000000070ef00000| Untracked 
| 226|0x000000070f000000, 0x000000070f000000, 0x000000070f100000|  0%| F|  |TAMS 0x000000070f000000, 0x000000070f000000| Untracked 
| 227|0x000000070f100000, 0x000000070f100000, 0x000000070f200000|  0%| F|  |TAMS 0x000000070f100000, 0x000000070f100000| Untracked 
| 228|0x000000070f200000, 0x000000070f200000, 0x000000070f300000|  0%| F|  |TAMS 0x000000070f200000, 0x000000070f200000| Untracked 
| 229|0x000000070f300000, 0x000000070f300000, 0x000000070f400000|  0%| F|  |TAMS 0x000000070f300000, 0x000000070f300000| Untracked 
| 230|0x000000070f400000, 0x000000070f400000, 0x000000070f500000|  0%| F|  |TAMS 0x000000070f400000, 0x000000070f400000| Untracked 
| 231|0x000000070f500000, 0x000000070f500000, 0x000000070f600000|  0%| F|  |TAMS 0x000000070f500000, 0x000000070f500000| Untracked 
| 232|0x000000070f600000, 0x000000070f600000, 0x000000070f700000|  0%| F|  |TAMS 0x000000070f600000, 0x000000070f600000| Untracked 
| 233|0x000000070f700000, 0x000000070f700000, 0x000000070f800000|  0%| F|  |TAMS 0x000000070f700000, 0x000000070f700000| Untracked 
| 234|0x000000070f800000, 0x000000070f800000, 0x000000070f900000|  0%| F|  |TAMS 0x000000070f800000, 0x000000070f800000| Untracked 
| 235|0x000000070f900000, 0x000000070f900000, 0x000000070fa00000|  0%| F|  |TAMS 0x000000070f900000, 0x000000070f900000| Untracked 
| 236|0x000000070fa00000, 0x000000070fa00000, 0x000000070fb00000|  0%| F|  |TAMS 0x000000070fa00000, 0x000000070fa00000| Untracked 
| 237|0x000000070fb00000, 0x000000070fb00000, 0x000000070fc00000|  0%| F|  |TAMS 0x000000070fb00000, 0x000000070fb00000| Untracked 
| 238|0x000000070fc00000, 0x000000070fc00000, 0x000000070fd00000|  0%| F|  |TAMS 0x000000070fc00000, 0x000000070fc00000| Untracked 
| 239|0x000000070fd00000, 0x000000070fd00000, 0x000000070fe00000|  0%| F|  |TAMS 0x000000070fd00000, 0x000000070fd00000| Untracked 
| 240|0x000000070fe00000, 0x000000070fe00000, 0x000000070ff00000|  0%| F|  |TAMS 0x000000070fe00000, 0x000000070fe00000| Untracked 
| 241|0x000000070ff00000, 0x000000070ff00000, 0x0000000710000000|  0%| F|  |TAMS 0x000000070ff00000, 0x000000070ff00000| Untracked 
| 242|0x0000000710000000, 0x0000000710000000, 0x0000000710100000|  0%| F|  |TAMS 0x0000000710000000, 0x0000000710000000| Untracked 
| 243|0x0000000710100000, 0x0000000710100000, 0x0000000710200000|  0%| F|  |TAMS 0x0000000710100000, 0x0000000710100000| Untracked 
| 244|0x0000000710200000, 0x0000000710200000, 0x0000000710300000|  0%| F|  |TAMS 0x0000000710200000, 0x0000000710200000| Untracked 
| 245|0x0000000710300000, 0x0000000710300000, 0x0000000710400000|  0%| F|  |TAMS 0x0000000710300000, 0x0000000710300000| Untracked 
| 246|0x0000000710400000, 0x0000000710400000, 0x0000000710500000|  0%| F|  |TAMS 0x0000000710400000, 0x0000000710400000| Untracked 
| 247|0x0000000710500000, 0x0000000710500000, 0x0000000710600000|  0%| F|  |TAMS 0x0000000710500000, 0x0000000710500000| Untracked 
| 248|0x0000000710600000, 0x0000000710600000, 0x0000000710700000|  0%| F|  |TAMS 0x0000000710600000, 0x0000000710600000| Untracked 
| 249|0x0000000710700000, 0x0000000710700000, 0x0000000710800000|  0%| F|  |TAMS 0x0000000710700000, 0x0000000710700000| Untracked 
| 250|0x0000000710800000, 0x0000000710800000, 0x0000000710900000|  0%| F|  |TAMS 0x0000000710800000, 0x0000000710800000| Untracked 
| 251|0x0000000710900000, 0x00000007109d93b0, 0x0000000710a00000| 84%| S|CS|TAMS 0x0000000710900000, 0x0000000710900000| Complete 
| 252|0x0000000710a00000, 0x0000000710b00000, 0x0000000710b00000|100%| S|CS|TAMS 0x0000000710a00000, 0x0000000710a00000| Complete 
| 253|0x0000000710b00000, 0x0000000710b00000, 0x0000000710c00000|  0%| F|  |TAMS 0x0000000710b00000, 0x0000000710b00000| Untracked 
| 254|0x0000000710c00000, 0x0000000710c00000, 0x0000000710d00000|  0%| F|  |TAMS 0x0000000710c00000, 0x0000000710c00000| Untracked 
| 255|0x0000000710d00000, 0x0000000710d00000, 0x0000000710e00000|  0%| F|  |TAMS 0x0000000710d00000, 0x0000000710d00000| Untracked 

Card table byte_map: [0x0000016bf44e0000,0x0000016bf4ce0000] _byte_map_base: 0x0000016bf0cd9000

Marking Bits (Prev, Next): (CMBitMap*) 0x0000016bdd3610b0, (CMBitMap*) 0x0000016bdd361078
 Prev Bits: [0x0000016bf94b0000, 0x0000016bfd478000)
 Next Bits: [0x0000016bf54e0000, 0x0000016bf94a8000)

Polling page: 0x0000016bdb1f0000

Metaspace:

Usage:
  Non-class:     18.63 MB capacity,    18.46 MB (>99%) used,   116.28 KB ( <1%) free+waste,    48.25 KB ( <1%) overhead. 
      Class:      2.32 MB capacity,     2.12 MB ( 92%) used,   173.50 KB (  7%) free+waste,    25.00 KB (  1%) overhead. 
       Both:     20.94 MB capacity,    20.59 MB ( 98%) used,   289.78 KB (  1%) free+waste,    73.25 KB ( <1%) overhead. 

Virtual space:
  Non-class space:       30.00 MB reserved,      18.67 MB ( 62%) committed 
      Class space:        1.00 GB reserved,       2.38 MB ( <1%) committed 
             Both:        1.03 GB reserved,      21.05 MB (  2%) committed 

Chunk freelists:
   Non-Class:  6.00 KB
       Class:  3.38 KB
        Both:  9.38 KB

CodeHeap 'non-profiled nmethods': size=120000Kb used=498Kb max_used=498Kb free=119502Kb
 bounds [0x0000016bec480000, 0x0000016bec6f0000, 0x0000016bf39b0000]
CodeHeap 'profiled nmethods': size=120000Kb used=2213Kb max_used=2213Kb free=117787Kb
 bounds [0x0000016be4f50000, 0x0000016be51c0000, 0x0000016bec480000]
CodeHeap 'non-nmethods': size=5760Kb used=1317Kb max_used=1331Kb free=4442Kb
 bounds [0x0000016be49b0000, 0x0000016be4c20000, 0x0000016be4f50000]
 total_blobs=1929 nmethods=1198 adapters=643
 compilation: enabled
              stopped_count=0, restarted_count=0
 full_count=0

Compilation events (10 events):
Event: 1.714 Thread 0x0000016b80ae3000 1192       4       java.net.URLStreamHandler::setURL (73 bytes)
Event: 1.720 Thread 0x0000016b80ae7800 1194   !   3       java.lang.ref.ReferenceQueue::enqueue (119 bytes)
Event: 1.721 Thread 0x0000016b80ae7800 nmethod 1194 0x0000016be5178090 code [0x0000016be5178280, 0x0000016be5178a48]
Event: 1.721 Thread 0x0000016b80ae7800 1195       3       java.lang.ref.ReferenceQueue::reallyPoll (65 bytes)
Event: 1.721 Thread 0x0000016b80ae7800 nmethod 1195 0x0000016be5178c10 code [0x0000016be5178de0, 0x0000016be5179318]
Event: 1.727 Thread 0x0000016b80ae7800 1198       1       androidx.compose.runtime.snapshots.Snapshot::getId (5 bytes)
Event: 1.727 Thread 0x0000016b80ae7800 nmethod 1198 0x0000016bec4fb090 code [0x0000016bec4fb220, 0x0000016bec4fb2d8]
Event: 1.730 Thread 0x0000016b80ae3000 nmethod 1192 0x0000016bec4fb390 code [0x0000016bec4fb540, 0x0000016bec4fc0c8]
Event: 1.730 Thread 0x0000016b80ae3000 1197       4       sun.net.util.IPAddressUtil::checkHostString (53 bytes)
Event: 1.731 Thread 0x0000016b80ae3000 nmethod 1197 0x0000016bec4fc510 code [0x0000016bec4fc680, 0x0000016bec4fc6f8]

GC Heap History (6 events):
Event: 0.699 GC heap before
{Heap before GC invocations=0 (full 0):
 garbage-first heap   total 262144K, used 24576K [0x0000000700e00000, 0x0000000800000000)
  region size 1024K, 24 young (24576K), 0 survivors (0K)
 Metaspace       used 13062K, capacity 13301K, committed 13568K, reserved 1060864K
  class space    used 1179K, capacity 1246K, committed 1280K, reserved 1048576K
}
Event: 0.702 GC heap after
{Heap after GC invocations=1 (full 0):
 garbage-first heap   total 262144K, used 2707K [0x0000000700e00000, 0x0000000800000000)
  region size 1024K, 3 young (3072K), 3 survivors (3072K)
 Metaspace       used 13062K, capacity 13301K, committed 13568K, reserved 1060864K
  class space    used 1179K, capacity 1246K, committed 1280K, reserved 1048576K
}
Event: 1.715 GC heap before
{Heap before GC invocations=1 (full 0):
 garbage-first heap   total 262144K, used 27283K [0x0000000700e00000, 0x0000000800000000)
  region size 1024K, 28 young (28672K), 3 survivors (3072K)
 Metaspace       used 20776K, capacity 21157K, committed 21296K, reserved 1069056K
  class space    used 2128K, capacity 2341K, committed 2432K, reserved 1048576K
}
Event: 1.719 GC heap after
{Heap after GC invocations=2 (full 0):
 garbage-first heap   total 262144K, used 4351K [0x0000000700e00000, 0x0000000800000000)
  region size 1024K, 5 young (5120K), 5 survivors (5120K)
 Metaspace       used 20776K, capacity 21157K, committed 21296K, reserved 1069056K
  class space    used 2128K, capacity 2341K, committed 2432K, reserved 1048576K
}
Event: 1.744 GC heap before
{Heap before GC invocations=3 (full 0):
 garbage-first heap   total 262144K, used 6399K [0x0000000700e00000, 0x0000000800000000)
  region size 1024K, 8 young (8192K), 5 survivors (5120K)
 Metaspace       used 21081K, capacity 21445K, committed 21552K, reserved 1077248K
  class space    used 2174K, capacity 2373K, committed 2432K, reserved 1048576K
}
Event: 1.748 GC heap after
{Heap after GC invocations=4 (full 0):
 garbage-first heap   total 262144K, used 4572K [0x0000000700e00000, 0x0000000800000000)
  region size 1024K, 2 young (2048K), 2 survivors (2048K)
 Metaspace       used 21081K, capacity 21445K, committed 21552K, reserved 1077248K
  class space    used 2174K, capacity 2373K, committed 2432K, reserved 1048576K
}

Deoptimization events (10 events):
Event: 0.793 Thread 0x0000016b815d3000 Uncommon trap: reason=unstable_if action=reinterpret pc=0x0000016bec4c1d50 method=java.lang.Integer.getChars(II[B)I @ 25 c2
Event: 0.801 Thread 0x0000016b815d3000 Uncommon trap: reason=unstable_if action=reinterpret pc=0x0000016bec49b8f4 method=java.lang.String.startsWith(Ljava/lang/String;I)Z @ 1 c2
Event: 0.833 Thread 0x0000016b815d3000 Uncommon trap: reason=unstable_if action=reinterpret pc=0x0000016bec4bfd44 method=java.io.WinNTFileSystem.normalize(Ljava/lang/String;)Ljava/lang/String; @ 40 c2
Event: 0.833 Thread 0x0000016b815d3000 Uncommon trap: reason=unstable_if action=reinterpret pc=0x0000016bec490ce0 method=java.io.WinNTFileSystem.isSlash(C)Z @ 9 c2
Event: 0.834 Thread 0x0000016b815d3000 Uncommon trap: reason=unstable_if action=reinterpret pc=0x0000016bec4c0fe8 method=java.util.jar.JarFile.checkForSpecialAttributes()V @ 4 c2
Event: 0.867 Thread 0x0000016b815d3000 Uncommon trap: reason=unstable_if action=reinterpret pc=0x0000016bec4ce68c method=jdk.internal.org.objectweb.asm.Type.getArgumentsAndReturnSizes(Ljava/lang/String;)I @ 88 c2
Event: 0.869 Thread 0x0000016b815d3000 Uncommon trap: reason=unstable_if action=reinterpret pc=0x0000016bec4dcd70 method=jdk.internal.org.objectweb.asm.Frame.execute(IILjdk/internal/org/objectweb/asm/ClassWriter;Ljdk/internal/org/objectweb/asm/Item;)V @ 1 c2
Event: 0.962 Thread 0x0000016b81374000 Uncommon trap: reason=unstable_if action=reinterpret pc=0x0000016bec48d2d0 method=java.util.HashMap.putVal(ILjava/lang/Object;Ljava/lang/Object;ZZ)Ljava/lang/Object; @ 181 c2
Event: 0.996 Thread 0x0000016b815d3000 Uncommon trap: reason=unstable_if action=reinterpret pc=0x0000016bec4bde08 method=java.lang.StringUTF16.compress([CI[BII)I @ 20 c2
Event: 1.010 Thread 0x0000016b815d3000 Uncommon trap: reason=unstable_if action=reinterpret pc=0x0000016bec4c257c method=java.lang.String.startsWith(Ljava/lang/String;I)Z @ 14 c2

Classes redefined (0 events):
No events

Internal exceptions (10 events):
Event: 0.783 Thread 0x0000016b815d3000 Exception <a 'java/lang/NoSuchMethodError'{0x0000000710afae58}: java.lang.invoke.DirectMethodHandle$Holder.invokeSpecial(Ljava/lang/Object;Ljava/lang/Object;ILjava/lang/Object;Ljava/lang/Object;Ljava/lang/Object;)Ljava/lang/Object;> (0x0000000710afae58) t
Event: 0.784 Thread 0x0000016b815d3000 Exception <a 'java/lang/NoSuchMethodError'{0x0000000710912ee0}: java.lang.invoke.DirectMethodHandle$Holder.invokeStatic(Ljava/lang/Object;ILjava/lang/Object;)Ljava/lang/Object;> (0x0000000710912ee0) thrown at [./open/src/hotspot/share/interpreter/linkReso
Event: 0.799 Thread 0x0000016b815d3000 Exception <a 'java/lang/ClassNotFoundException'{0x00000007109bd918}: com/sun/swing/internal/plaf/metal/resources/spi/metalProvider> (0x00000007109bd918) thrown at [./open/src/hotspot/share/classfile/systemDictionary.cpp, line 226]
Event: 0.800 Thread 0x0000016b815d3000 Exception <a 'java/lang/ClassNotFoundException'{0x00000007109c1d40}: com/sun/swing/internal/plaf/basic/resources/spi/basicProvider> (0x00000007109c1d40) thrown at [./open/src/hotspot/share/classfile/systemDictionary.cpp, line 226]
Event: 0.981 Thread 0x0000016b815d3000 Exception <a 'java/lang/NoSuchMethodError'{0x000000070fe9c4a8}: java.lang.invoke.DirectMethodHandle$Holder.invokeStaticInit(Ljava/lang/Object;)V> (0x000000070fe9c4a8) thrown at [./open/src/hotspot/share/interpreter/linkResolver.cpp, line 772]
Event: 1.014 Thread 0x0000016b815d3000 Exception <a 'java/lang/NoSuchMethodError'{0x000000070fc60fe8}: java.lang.invoke.DirectMethodHandle$Holder.invokeStatic(Ljava/lang/Object;Ljava/lang/Object;Ljava/lang/Object;Ljava/lang/Object;Ljava/lang/Object;Ljava/lang/Object;Ljava/lang/Object;Ljava/lan
Event: 1.015 Thread 0x0000016b815d3000 Exception <a 'java/lang/NoSuchMethodError'{0x000000070fc7f490}: java.lang.invoke.DirectMethodHandle$Holder.invokeStatic(Ljava/lang/Object;Ljava/lang/Object;Ljava/lang/Object;Ljava/lang/Object;Ljava/lang/Object;Ljava/lang/Object;Ljava/lang/Object;Ljava/lan
Event: 1.016 Thread 0x0000016b815d3000 Exception <a 'java/lang/NoSuchMethodError'{0x000000070fc9e918}: java.lang.invoke.DirectMethodHandle$Holder.invokeStatic(Ljava/lang/Object;Ljava/lang/Object;Ljava/lang/Object;Ljava/lang/Object;Ljava/lang/Object;Ljava/lang/Object;Ljava/lang/Object;Ljava/lan
Event: 1.018 Thread 0x0000016b815d3000 Exception <a 'java/lang/NoSuchMethodError'{0x000000070fcaab18}: java.lang.invoke.Invokers$Holder.linkToTargetMethod(Ljava/lang/Object;ILjava/lang/Object;)Ljava/lang/Object;> (0x000000070fcaab18) thrown at [./open/src/hotspot/share/interpreter/linkResolver
Event: 1.697 Thread 0x0000016b815d3000 Exception <a 'java/lang/NoSuchMethodError'{0x000000070f7bb678}: java.lang.invoke.DirectMethodHandle$Holder.invokeStaticInit(Ljava/lang/Object;Ljava/lang/Object;Ljava/lang/Object;)I> (0x000000070f7bb678) thrown at [./open/src/hotspot/share/interpreter/link

Events (10 events):
Event: 1.742 loading class androidx/compose/ui/node/MeasureAndLayoutDelegate$PostponedRequest done
Event: 1.742 loading class androidx/compose/ui/text/input/TextInputService
Event: 1.742 loading class androidx/compose/ui/text/input/TextInputService done
Event: 1.743 loading class androidx/compose/ui/text/platform/FontLoader
Event: 1.743 loading class androidx/compose/ui/text/platform/FontLoader done
Event: 1.743 loading class androidx/compose/ui/text/font/Font$ResourceLoader
Event: 1.743 loading class androidx/compose/ui/text/font/Font$ResourceLoader done
Event: 1.743 loading class androidx/compose/ui/text/platform/FontCache
Event: 1.743 loading class androidx/compose/ui/text/platform/FontCache done
Event: 1.744 Executing VM operation: CollectForMetadataAllocation


Dynamic libraries:
0x00007ff759ca0000 - 0x00007ff759caf000 	C:\Program Files\Java\jdk-11.0.15\bin\java.exe
0x00007ff8ee9b0000 - 0x00007ff8eeba8000 	C:\WINDOWS\SYSTEM32\ntdll.dll
0x00007ff8ecb30000 - 0x00007ff8ecbed000 	C:\WINDOWS\System32\KERNEL32.DLL
0x00007ff8ec310000 - 0x00007ff8ec606000 	C:\WINDOWS\System32\KERNELBASE.dll
0x00007ff8ec610000 - 0x00007ff8ec710000 	C:\WINDOWS\System32\ucrtbase.dll
0x00007ff8e97c0000 - 0x00007ff8e97d5000 	C:\Program Files\Java\jdk-11.0.15\bin\VCRUNTIME140.dll
0x00007ff8e9820000 - 0x00007ff8e9838000 	C:\Program Files\Java\jdk-11.0.15\bin\jli.dll
0x00007ff8ecbf0000 - 0x00007ff8ecc9f000 	C:\WINDOWS\System32\ADVAPI32.dll
0x00007ff8ed0f0000 - 0x00007ff8ed18e000 	C:\WINDOWS\System32\msvcrt.dll
0x00007ff8ed630000 - 0x00007ff8ed6cc000 	C:\WINDOWS\System32\sechost.dll
0x00007ff8ed1a0000 - 0x00007ff8ed2c6000 	C:\WINDOWS\System32\RPCRT4.dll
0x00007ff8ece30000 - 0x00007ff8ecfce000 	C:\WINDOWS\System32\USER32.dll
0x00007ff8e08e0000 - 0x00007ff8e0b7a000 	C:\WINDOWS\WinSxS\amd64_microsoft.windows.common-controls_6595b64144ccf1df_6.0.19041.3636_none_60b6a03d71f818d5\COMCTL32.dll
0x00007ff8ec710000 - 0x00007ff8ec732000 	C:\WINDOWS\System32\win32u.dll
0x00007ff8ed000000 - 0x00007ff8ed02c000 	C:\WINDOWS\System32\GDI32.dll
0x00007ff8ec740000 - 0x00007ff8ec85a000 	C:\WINDOWS\System32\gdi32full.dll
0x00007ff8ec270000 - 0x00007ff8ec30d000 	C:\WINDOWS\System32\msvcp_win.dll
0x00007ff8e55c0000 - 0x00007ff8e55ca000 	C:\WINDOWS\SYSTEM32\VERSION.dll
0x00007ff8ecfd0000 - 0x00007ff8ed000000 	C:\WINDOWS\System32\IMM32.DLL
0x00007ff8d1a90000 - 0x00007ff8d1b2b000 	C:\Program Files\Java\jdk-11.0.15\bin\msvcp140.dll
0x00007ff8ad6e0000 - 0x00007ff8ae1f6000 	C:\Program Files\Java\jdk-11.0.15\bin\server\jvm.dll
0x00007ff8ede30000 - 0x00007ff8ede38000 	C:\WINDOWS\System32\PSAPI.DLL
0x00007ff8d45c0000 - 0x00007ff8d45c9000 	C:\WINDOWS\SYSTEM32\WSOCK32.dll
0x00007ff8e0d30000 - 0x00007ff8e0d57000 	C:\WINDOWS\SYSTEM32\WINMM.dll
0x00007ff8edb40000 - 0x00007ff8edbab000 	C:\WINDOWS\System32\WS2_32.dll
0x00007ff8e9f50000 - 0x00007ff8e9f62000 	C:\WINDOWS\SYSTEM32\kernel.appcore.dll
0x00007ff8e7050000 - 0x00007ff8e7060000 	C:\Program Files\Java\jdk-11.0.15\bin\verify.dll
0x00007ff8d9df0000 - 0x00007ff8d9fd4000 	C:\WINDOWS\SYSTEM32\DBGHELP.DLL
0x00007ff8ddd50000 - 0x00007ff8ddd84000 	C:\WINDOWS\SYSTEM32\dbgcore.DLL
0x00007ff8ec910000 - 0x00007ff8ec992000 	C:\WINDOWS\System32\bcryptPrimitives.dll
0x00007ff8e7020000 - 0x00007ff8e7048000 	C:\Program Files\Java\jdk-11.0.15\bin\java.dll
0x00007ff8e7010000 - 0x00007ff8e701a000 	C:\Program Files\Java\jdk-11.0.15\bin\jimage.dll
0x00007ff8e6e20000 - 0x00007ff8e6e2e000 	C:\Program Files\Java\jdk-11.0.15\bin\instrument.dll
0x00007ff8e66e0000 - 0x00007ff8e66f6000 	C:\Program Files\Java\jdk-11.0.15\bin\zip.dll
0x00007ff8ee100000 - 0x00007ff8ee844000 	C:\WINDOWS\System32\SHELL32.dll
0x00007ff8ea150000 - 0x00007ff8ea8eb000 	C:\WINDOWS\SYSTEM32\windows.storage.dll
0x00007ff8ed2d0000 - 0x00007ff8ed624000 	C:\WINDOWS\System32\combase.dll
0x00007ff8ebad0000 - 0x00007ff8ebafd000 	C:\WINDOWS\SYSTEM32\Wldp.dll
0x00007ff8edd60000 - 0x00007ff8ede0d000 	C:\WINDOWS\System32\SHCORE.dll
0x00007ff8ed090000 - 0x00007ff8ed0e5000 	C:\WINDOWS\System32\shlwapi.dll
0x00007ff8ebfc0000 - 0x00007ff8ebfe5000 	C:\WINDOWS\SYSTEM32\profapi.dll
0x00007ff8e66c0000 - 0x00007ff8e66d9000 	C:\Program Files\Java\jdk-11.0.15\bin\net.dll
0x00007ff8e2c20000 - 0x00007ff8e2d2a000 	C:\WINDOWS\SYSTEM32\WINHTTP.dll
0x00007ff8eb830000 - 0x00007ff8eb89a000 	C:\WINDOWS\system32\mswsock.dll
0x00007ff8e53d0000 - 0x00007ff8e53e2000 	C:\Program Files\Java\jdk-11.0.15\bin\nio.dll
0x00007ff8e5d80000 - 0x00007ff8e5d9a000 	C:\Program Files\JetBrains\IntelliJ IDEA Community Edition 2023.1\bin\breakgen64.dll
0x00007ff8b7510000 - 0x00007ff8b76aa000 	C:\Program Files\Java\jdk-11.0.15\bin\awt.dll
0x00007ff8edea0000 - 0x00007ff8edf6d000 	C:\WINDOWS\System32\OLEAUT32.dll
0x00007ff8e98a0000 - 0x00007ff8e9930000 	C:\WINDOWS\SYSTEM32\apphelp.dll
0x00007ff8e9990000 - 0x00007ff8e9a2e000 	C:\WINDOWS\system32\uxtheme.dll
0x00007ff8ee850000 - 0x00007ff8ee964000 	C:\WINDOWS\System32\MSCTF.dll
0x00007ff8ecd00000 - 0x00007ff8ece2b000 	C:\WINDOWS\System32\ole32.dll
0x00007ff8e9d70000 - 0x00007ff8e9d9f000 	C:\WINDOWS\system32\DWMAPI.DLL
0x00007ff8bea10000 - 0x00007ff8beb35000 	C:\WINDOWS\system32\opengl32.dll
0x00007ff8d0f80000 - 0x00007ff8d0fac000 	C:\WINDOWS\SYSTEM32\GLU32.dll
0x00007ff8e14c0000 - 0x00007ff8e168d000 	C:\WINDOWS\system32\d3d9.dll
0x00007ff8e0ea0000 - 0x00007ff8e0f8e000 	C:\WINDOWS\System32\DriverStore\FileRepository\nvacegpu.inf_amd64_e25761f22983456f\nvldumdx.dll
0x00007ff8ec110000 - 0x00007ff8ec26d000 	C:\WINDOWS\System32\crypt32.dll
0x00007ff8ec9a0000 - 0x00007ff8eca07000 	C:\WINDOWS\System32\WINTRUST.DLL
0x00007ff8ebc60000 - 0x00007ff8ebc72000 	C:\WINDOWS\SYSTEM32\MSASN1.dll
0x00007ff8ede10000 - 0x00007ff8ede2d000 	C:\WINDOWS\System32\imagehlp.dll
0x00007ff8eba20000 - 0x00007ff8eba38000 	C:\WINDOWS\SYSTEM32\CRYPTSP.dll
0x00007ff8eb0f0000 - 0x00007ff8eb124000 	C:\WINDOWS\system32\rsaenh.dll
0x00007ff8ec0e0000 - 0x00007ff8ec107000 	C:\WINDOWS\System32\bcrypt.dll
0x00007ff8eba40000 - 0x00007ff8eba4c000 	C:\WINDOWS\SYSTEM32\CRYPTBASE.dll
0x00007ff896430000 - 0x00007ff8978cb000 	C:\WINDOWS\System32\DriverStore\FileRepository\nvacegpu.inf_amd64_e25761f22983456f\nvd3dumx.dll
0x00007ff8eb5f0000 - 0x00007ff8eb63b000 	C:\WINDOWS\system32\powrprof.dll
0x00007ff8eb4b0000 - 0x00007ff8eb4c2000 	C:\WINDOWS\SYSTEM32\UMPDC.dll
0x00007ff8bdb70000 - 0x00007ff8bde22000 	C:\WINDOWS\system32\nvspcap64.dll
0x00007ff8eb210000 - 0x00007ff8eb243000 	C:\WINDOWS\SYSTEM32\ntmarta.dll
0x00007ff8ea900000 - 0x00007ff8ea923000 	C:\WINDOWS\SYSTEM32\gpapi.dll
0x00007ff8e0770000 - 0x00007ff8e07a1000 	C:\WINDOWS\SYSTEM32\cryptnet.dll
0x00007ff8e17e0000 - 0x00007ff8e181b000 	C:\WINDOWS\SYSTEM32\dxcore.dll
0x00007ff8ec090000 - 0x00007ff8ec0de000 	C:\WINDOWS\System32\cfgmgr32.dll
0x00007ff8a9340000 - 0x00007ff8aa34f000 	C:\Users\Karl\.skiko\58752788008ddd92aea4562f2a41915f7f74e689ca70e0fbada57f009a92b9cf\skiko-windows-x64.dll
0x00007ff8e5620000 - 0x00007ff8e56a6000 	C:\Program Files\Java\jdk-11.0.15\bin\freetype.dll
0x00007ff8c9a40000 - 0x00007ff8c9ae5000 	C:\Program Files\Java\jdk-11.0.15\bin\fontmanager.dll
0x00007ff8e66a0000 - 0x00007ff8e66a7000 	C:\Program Files\Java\jdk-11.0.15\bin\jawt.dll
0x00007ff8ea950000 - 0x00007ff8eaa43000 	C:\WINDOWS\SYSTEM32\Dxgi.dll
0x00007ff8c9720000 - 0x00007ff8c9746000 	C:\WINDOWS\SYSTEM32\D3D12.dll
0x00007ff8b9410000 - 0x00007ff8b95dd000 	C:\WINDOWS\SYSTEM32\D3D12Core.dll
0x00007ff89f3d0000 - 0x00007ff8a1987000 	C:\WINDOWS\System32\DriverStore\FileRepository\nvacegpu.inf_amd64_e25761f22983456f\nvwgf2umx.dll
0x00007ff8c9610000 - 0x00007ff8c963a000 	C:\WINDOWS\SYSTEM32\D3DSCache.dll
0x00007ff8ebf80000 - 0x00007ff8ebfae000 	C:\WINDOWS\SYSTEM32\USERENV.dll
0x00007ff8e5870000 - 0x00007ff8e5a77000 	C:\WINDOWS\SYSTEM32\twinapi.appcore.dll
0x00007ff8ee050000 - 0x00007ff8ee0f9000 	C:\WINDOWS\System32\clbcatq.dll
0x00007ff8e5260000 - 0x00007ff8e5362000 	C:\Windows\System32\AppXDeploymentClient.dll
0x000000006fda0000 - 0x00000000724f1000 	C:\WINDOWS\System32\DriverStore\FileRepository\nvacegpu.inf_amd64_e25761f22983456f\nvoglv64.dll
0x00007ff8ed6d0000 - 0x00007ff8edb3e000 	C:\WINDOWS\System32\SETUPAPI.dll
0x00007ff8e7bf0000 - 0x00007ff8e7c04000 	C:\WINDOWS\SYSTEM32\WTSAPI32.dll
0x00007ff8ebe20000 - 0x00007ff8ebe53000 	C:\WINDOWS\System32\DEVOBJ.dll

dbghelp: loaded successfully - version: 4.0.5 - missing functions: none
symbol engine: initialized successfully - sym options: 0x614 - pdb path: .;C:\Program Files\Java\jdk-11.0.15\bin;C:\WINDOWS\SYSTEM32;C:\WINDOWS\WinSxS\amd64_microsoft.windows.common-controls_6595b64144ccf1df_6.0.19041.3636_none_60b6a03d71f818d5;C:\Program Files\Java\jdk-11.0.15\bin\server;C:\Program Files\JetBrains\IntelliJ IDEA Community Edition 2023.1\bin;C:\WINDOWS\System32\DriverStore\FileRepository\nvacegpu.inf_amd64_e25761f22983456f;C:\Users\Karl\.skiko\58752788008ddd92aea4562f2a41915f7f74e689ca70e0fbada57f009a92b9cf

VM Arguments:
jvm_args: -Djava.library.path=C:\Users\Karl\Kotlin_Projects\Bond_Graph\build\classes\kotlin\jvm\main;C:\Users\Karl\Kotlin_Projects\Bond_Graph\build\processedResources\jvm\main -javaagent:C:\Program Files\JetBrains\IntelliJ IDEA Community Edition 2023.1\lib\idea_rt.jar=51849:C:\Program Files\JetBrains\IntelliJ IDEA Community Edition 2023.1\bin -Dfile.encoding=UTF-8 
java_command: userInterface.MainKt
java_class_path (initial): C:\Users\Karl\Kotlin_Projects\Bond_Graph\build\classes\kotlin\jvm\main;C:\Users\Karl\Kotlin_Projects\Bond_Graph\build\processedResources\jvm\main;C:\Users\Karl\.gradle\caches\modules-2\files-2.1\org.jetbrains.kotlin\kotlin-stdlib-jdk8\1.8.0\ed04f49e186a116753ad70d34f0ac2925d1d8020\kotlin-stdlib-jdk8-1.8.0.jar;C:\Users\Karl\.gradle\caches\modules-2\files-2.1\org.jetbrains.kotlinx\kotlinx-serialization-cbor-jvm\1.6.1\ad02def02f1e4d492b5fcf1967f805d5eeb47eeb\kotlinx-serialization-cbor-jvm-1.6.1.jar;C:\Users\Karl\.gradle\caches\modules-2\files-2.1\org.jetbrains.kotlin\kotlin-stdlib-jdk7\1.8.0\3c91271347f678c239607abb676d4032a7898427\kotlin-stdlib-jdk7-1.8.0.jar;C:\Users\Karl\.gradle\caches\modules-2\files-2.1\org.jetbrains.skiko\skiko-awt-runtime-windows-x64\0.7.50\659400d4c3644bd9fa21db987698ccd87ceedf3d\skiko-awt-runtime-windows-x64-0.7.50.jar;C:\Users\Karl\.gradle\caches\modules-2\files-2.1\org.jetbrains.kotlin\kotlin-stdlib\1.9.20\e58b4816ac517e9cc5df1db051120c63d4cde669\kotlin-stdlib-1.9.20.jar;C:\Users\Karl\.gradle\caches\modules-2\files-2.1\org.jetbrains.compose.desktop\desktop-jvm\1.3.0\e2b2c3df64b02dab8673daba012294d9ef5efb49\desktop-jvm-1.3.0.jar;C:\Users\Karl\.gradle\caches\modules-2\files-2.1\org.jetbrains\annotations\13.0\919f0dfe192fb4e063e7dacadee7f8bb9a2672a9\annotations-13.0.jar;C:\Users\Karl\.gradle\caches\modules-2\files-2.1\org.jetbrains.kotlinx\kotlinx-serialization-core-jvm\1.6.1\986703783e1c8f07f0b66d86c9101d1e5aa5c71a\kotlinx-serialization-core-jvm-1.6.1.jar;C:\Users\Karl\.gradle\caches\modules-2\files-2.1\org.jetbrains.compose.material\material-desktop\1.3.0\aee6d5f9630e14e42be059bb1e0a1a409aa8076\material-desktop-1.3.0.jar;C:\Users\Karl\.gradle\caches\modules-2\files-2.1\org.jetbrains.compose.foundation\foundation-desktop\1.3.0\22ab58187358e52e14714a61b0224317fc9af567\foundation-desktop-1.3.0.jar;C:\Users\Karl\.gradle\caches\modules-2\files-2.1\org.jetbrains.compose.ui\ui-desktop\1.3.0\33fe21065b205dc251cdee9d457e45
Launcher Type: SUN_STANDARD

[Global flags]
     intx CICompilerCount                          = 4                                         {product} {ergonomic}
     uint ConcGCThreads                            = 2                                         {product} {ergonomic}
     uint G1ConcRefinementThreads                  = 8                                         {product} {ergonomic}
   size_t G1HeapRegionSize                         = 1048576                                   {product} {ergonomic}
    uintx GCDrainStackTargetSize                   = 64                                        {product} {ergonomic}
   size_t InitialHeapSize                          = 268435456                                 {product} {ergonomic}
   size_t MarkStackSize                            = 4194304                                   {product} {ergonomic}
   size_t MaxHeapSize                              = 4280287232                                {product} {ergonomic}
   size_t MaxNewSize                               = 2567962624                                {product} {ergonomic}
   size_t MinHeapDeltaBytes                        = 1048576                                   {product} {ergonomic}
    uintx NonNMethodCodeHeapSize                   = 5836300                                {pd product} {ergonomic}
    uintx NonProfiledCodeHeapSize                  = 122910970                              {pd product} {ergonomic}
    uintx ProfiledCodeHeapSize                     = 122910970                              {pd product} {ergonomic}
    uintx ReservedCodeCacheSize                    = 251658240                              {pd product} {ergonomic}
     bool SegmentedCodeCache                       = true                                      {product} {ergonomic}
     bool UseCompressedClassPointers               = true                                 {lp64_product} {ergonomic}
     bool UseCompressedOops                        = true                                 {lp64_product} {ergonomic}
     bool UseG1GC                                  = true                                      {product} {ergonomic}
     bool UseLargePagesIndividualAllocation        = false                                  {pd product} {ergonomic}

Logging:
Log output configuration:
 #0: stdout all=warning uptime,level,tags
 #1: stderr all=off uptime,level,tags

Environment Variables:
JAVA_HOME=C:\Program Files\Java\jdk11.0.15
PATH=C:\Program Files\Common Files\Oracle\Java\javapath;C:\Program Files\Oracle\VirtualBox;C:\Python27\Scripts;C:\Program Files\Java\jdk-10.0.2;C:\Program Files (x86)\Intel\iCLS Client\;C:\Program Files\Intel\iCLS Client\;C:\Windows\system32;C:\Windows;C:\Windows\System32\Wbem;C:\Windows\System32\WindowsPowerShell\v1.0\;C:\Program Files (x86)\NVIDIA Corporation\PhysX\Common;C:\Program Files (x86)\Intel\Intel(R) Management Engine Components\DAL;C:\Program Files\Intel\Intel(R) Management Engine Components\DAL;C:\Program Files (x86)\Intel\Intel(R) Management Engine Components\IPT;C:\Program Files\Intel\Intel(R) Management Engine Components\IPT;C:\WINDOWS\system32;C:\WINDOWS;C:\WINDOWS\System32\Wbem;C:\WINDOWS\System32\WindowsPowerShell\v1.0\;C:\WINDOWS\System32\OpenSSH\;C:\Program Files\FFMPEG;C:\Program Files\Java\jdk-10.0.2\bin;C:\Users\Karl\AppData\Local\Android\Sdk\platform-tools;C:\Program Files\dotnet\;C:\Program Files\Microsoft SQL Server\130\Tools\Binn\;C:\Program Files\Microsoft SQL Server\Client SDK\ODBC\170\Tools\Binn\;C:\Program Files\CMake\bin;C:\Program Files\NVIDIA Corporation\NVIDIA NvDLISR;C:\Program Files (x86)\IncrediBuild;C:\Program Files\Microsoft VS Code\bin;C:\Program Files (x86)\Yarn\bin\;C:\ProgramData\chocolatey\bin;C:\Program Files\nodejs\;C:\Program Files (x86)\Vagrant\bin;C:\WINDOWS\system32;C:\WINDOWS;C:\WINDOWS\System32\Wbem;C:\WINDOWS\System32\WindowsPowerShell\v1.0\;C:\WINDOWS\System32\OpenSSH\;C:\Program Files\Git\cmd;C:\Users\Karl\AppData\Local\Microsoft\WindowsApps;C:\Users\Karl\AppData\Local\Yarn\bin;C:\Users\Karl\AppData\Roaming\npm;C:\Program Files\JetBrains\IntelliJ IDEA Community Edition 2019.2.1\bin;C:\Program Files\Android\Android Studio;C:\Users\Karl\AppData\Local\gitkraken\bin;C:\Program Files\JetBrains\IntelliJ IDEA Community Edition 2023.1\bin;C:\Program Files (x86)\Pinnacle\Shared Files;C:\Program Files (x86)\Pinnacle\Shared Files\Filter
USERNAME=Karl
OS=Windows_NT
PROCESSOR_IDENTIFIER=Intel64 Family 6 Model 158 Stepping 9, GenuineIntel



---------------  S Y S T E M  ---------------

OS: Windows 10 , 64 bit Build 19041 (10.0.19041.3636)

CPU:total 8 (initial active 8) (4 cores per cpu, 2 threads per core) family 6 model 158 stepping 9 microcode 0xb4, cmov, cx8, fxsr, mmx, sse, sse2, sse3, ssse3, sse4.1, sse4.2, popcnt, avx, avx2, aes, clmul, erms, 3dnowpref, lzcnt, ht, tsc, tscinvbit, bmi1, bmi2, adx, fma

Memory: 4k page, system-wide physical 16324M (4135M free)
TotalPageFile size 19824M (AvailPageFile size 5M)
current process WorkingSet (physical memory assigned to process): 156M, peak: 156M
current process commit charge ("private bytes"): 421M, peak: 423M

vm_info: Java HotSpot(TM) 64-Bit Server VM (11.0.15+8-LTS-149) for windows-amd64 JRE (11.0.15+8-LTS-149), built on Mar  9 2022 22:42:32 by "mach5one" with MS VC++ 15.9 (VS2017)

END.
