#
# A fatal error has been detected by the Java Runtime Environment:
#
#  EXCEPTION_ACCESS_VIOLATION (0xc0000005) at pc=0x00007ffc38433658, pid=7240, tid=19416
#
# JRE version: Java(TM) SE Runtime Environment 18.9 (11.0.15+8) (build 11.0.15+8-LTS-149)
# Java VM: Java HotSpot(TM) 64-Bit Server VM 18.9 (11.0.15+8-LTS-149, mixed mode, tiered, compressed oops, g1 gc, windows-amd64)
# Problematic frame:
# V  [jvm.dll+0x3b3658]
#
# No core dump will be written. Minidumps are not enabled by default on client versions of Windows
#
# If you would like to submit a bug report, please visit:
#   https://bugreport.java.com/bugreport/crash.jsp
#

---------------  S U M M A R Y ------------

Command Line: -Djava.library.path=C:\Users\Karl\Kotlin_Projects\Bond_Graph\build\classes\kotlin\jvm\main;C:\Users\Karl\Kotlin_Projects\Bond_Graph\build\processedResources\jvm\main -javaagent:C:\Program Files\JetBrains\IntelliJ IDEA Community Edition 2023.1\lib\idea_rt.jar=63403:C:\Program Files\JetBrains\IntelliJ IDEA Community Edition 2023.1\bin -Dfile.encoding=UTF-8 userInterface.MainKt

Host: Intel(R) Core(TM) i7-7700HQ CPU @ 2.80GHz, 8 cores, 15G,  Windows 10 , 64 bit Build 19041 (10.0.19041.3636)
Time: Tue Jan  9 09:39:53 2024 Pacific Standard Time elapsed time: 1.938529 seconds (0d 0h 0m 1s)

---------------  T H R E A D  ---------------

Current thread (0x00000283883b7800):  JavaThread "AWT-EventQueue-0" [_thread_in_vm, id=19416, stack(0x000000ccea800000,0x000000ccea900000)]

Stack: [0x000000ccea800000,0x000000ccea900000],  sp=0x000000ccea8fb7c0,  free space=1005k
Native frames: (J=compiled Java code, j=interpreted, Vv=VM code, C=native code)
V  [jvm.dll+0x3b3658]
C  [skiko-windows-x64.dll+0x57d8c]

Java frames: (J=compiled Java code, j=interpreted, Vv=VM code)
j  org.jetbrains.skiko.context.Direct3DContextHandler.flush(JJ)V+0
j  org.jetbrains.skiko.context.Direct3DContextHandler.flush()V+30
j  org.jetbrains.skiko.context.ContextHandler.draw()V+87
j  org.jetbrains.skiko.redrawer.Direct3DRedrawer.drawAndSwap(Z)V+21
j  org.jetbrains.skiko.redrawer.Direct3DRedrawer.redrawImmediately()V+180
j  org.jetbrains.skiko.SkiaLayer.paint(Ljava/awt/Graphics;)V+51
j  androidx.compose.ui.awt.ComposeLayer$ComponentImpl.paint(Ljava/awt/Graphics;)V+12
j  javax.swing.JComponent.paintChildren(Ljava/awt/Graphics;)V+523 java.desktop@11.0.15
j  javax.swing.JComponent.paint(Ljava/awt/Graphics;)V+318 java.desktop@11.0.15
j  javax.swing.JLayeredPane.paint(Ljava/awt/Graphics;)V+73 java.desktop@11.0.15
j  javax.swing.JComponent.paintChildren(Ljava/awt/Graphics;)V+523 java.desktop@11.0.15
j  javax.swing.JComponent.paint(Ljava/awt/Graphics;)V+318 java.desktop@11.0.15
j  androidx.compose.ui.window.Window_desktopKt$Window$11$1.invoke(Landroidx/compose/ui/awt/ComposeWindow;)V+70
j  androidx.compose.ui.window.Window_desktopKt$Window$11$1.invoke(Ljava/lang/Object;)Ljava/lang/Object;+5
j  androidx.compose.ui.window.AwtWindow_desktopKt$AwtWindow$3.invoke()V+13
j  androidx.compose.ui.window.AwtWindow_desktopKt$AwtWindow$3.invoke()Ljava/lang/Object;+1
j  androidx.compose.ui.util.UpdateEffect_desktopKt$UpdateEffect$2$performUpdate$1.invoke()V+7
j  androidx.compose.ui.util.UpdateEffect_desktopKt$UpdateEffect$2$performUpdate$1.invoke()Ljava/lang/Object;+1
j  androidx.compose.runtime.snapshots.Snapshot$Companion.observe(Lkotlin/jvm/functions/Function1;Lkotlin/jvm/functions/Function1;Lkotlin/jvm/functions/Function0;)Ljava/lang/Object;+108
j  androidx.compose.runtime.snapshots.SnapshotStateObserver$observeReads$1$1.invoke()V+15
j  androidx.compose.runtime.snapshots.SnapshotStateObserver$observeReads$1$1.invoke()Ljava/lang/Object;+1
j  androidx.compose.runtime.SnapshotStateKt__DerivedStateKt.observeDerivedStateRecalculations(Lkotlin/jvm/functions/Function1;Lkotlin/jvm/functions/Function1;Lkotlin/jvm/functions/Function0;)V+94
j  androidx.compose.runtime.SnapshotStateKt.observeDerivedStateRecalculations(Lkotlin/jvm/functions/Function1;Lkotlin/jvm/functions/Function1;Lkotlin/jvm/functions/Function0;)V+3
j  androidx.compose.runtime.snapshots.SnapshotStateObserver.observeReads(Ljava/lang/Object;Lkotlin/jvm/functions/Function1;Lkotlin/jvm/functions/Function0;)V+184
j  androidx.compose.ui.util.UpdateEffect_desktopKt$UpdateEffect$2.invoke$performUpdate(Landroidx/compose/runtime/snapshots/SnapshotStateObserver;Lkotlin/jvm/internal/Ref$ObjectRef;Landroidx/compose/runtime/State;)V+38
j  androidx.compose.ui.util.UpdateEffect_desktopKt$UpdateEffect$2.invoke(Landroidx/compose/runtime/DisposableEffectScope;)Landroidx/compose/runtime/DisposableEffectResult;+59
j  androidx.compose.ui.util.UpdateEffect_desktopKt$UpdateEffect$2.invoke(Ljava/lang/Object;)Ljava/lang/Object;+5
j  androidx.compose.runtime.DisposableEffectImpl.onRemembered()V+8
j  androidx.compose.runtime.CompositionImpl$RememberEventDispatcher.dispatchRememberObservers()V+234
j  androidx.compose.runtime.CompositionImpl.applyChangesInLocked(Ljava/util/List;)V+246
j  androidx.compose.runtime.CompositionImpl.applyChanges()V+41
j  androidx.compose.runtime.Recomposer.composeInitial$runtime(Landroidx/compose/runtime/ControlledComposition;Lkotlin/jvm/functions/Function2;)V+271
j  androidx.compose.runtime.CompositionImpl.setContent(Lkotlin/jvm/functions/Function2;)V+55
j  androidx.compose.ui.window.Application_desktopKt$awaitApplication$2$1$2.invokeSuspend(Ljava/lang/Object;)Ljava/lang/Object;+89
j  kotlin.coroutines.jvm.internal.BaseContinuationImpl.resumeWith(Ljava/lang/Object;)V+44
j  kotlinx.coroutines.DispatchedTask.run()V+314
j  java.awt.event.InvocationEvent.dispatch()V+47 java.desktop@11.0.15
j  java.awt.EventQueue.dispatchEventImpl(Ljava/awt/AWTEvent;Ljava/lang/Object;)V+21 java.desktop@11.0.15
j  java.awt.EventQueue$4.run()Ljava/lang/Void;+32 java.desktop@11.0.15
j  java.awt.EventQueue$4.run()Ljava/lang/Object;+1 java.desktop@11.0.15
v  ~StubRoutines::call_stub
j  java.security.AccessController.doPrivileged(Ljava/security/PrivilegedAction;Ljava/security/AccessControlContext;)Ljava/lang/Object;+0 java.base@11.0.15
j  java.security.ProtectionDomain$JavaSecurityAccessImpl.doIntersectionPrivilege(Ljava/security/PrivilegedAction;Ljava/security/AccessControlContext;Ljava/security/AccessControlContext;)Ljava/lang/Object;+18 java.base@11.0.15
j  java.awt.EventQueue.dispatchEvent(Ljava/awt/AWTEvent;)V+46 java.desktop@11.0.15
j  java.awt.EventDispatchThread.pumpOneEventForFilters(I)V+78 java.desktop@11.0.15
j  java.awt.EventDispatchThread.pumpEventsForFilter(ILjava/awt/Conditional;Ljava/awt/EventFilter;)V+35 java.desktop@11.0.15
j  java.awt.EventDispatchThread.pumpEventsForHierarchy(ILjava/awt/Conditional;Ljava/awt/Component;)V+11 java.desktop@11.0.15
j  java.awt.EventDispatchThread.pumpEvents(ILjava/awt/Conditional;)V+4 java.desktop@11.0.15
j  java.awt.EventDispatchThread.pumpEvents(Ljava/awt/Conditional;)V+3 java.desktop@11.0.15
j  java.awt.EventDispatchThread.run()V+9 java.desktop@11.0.15
v  ~StubRoutines::call_stub

siginfo: EXCEPTION_ACCESS_VIOLATION (0xc0000005), reading address 0x0000000000000000


Register to memory mapping:

RIP=0x00007ffc38433658 jvm.dll
RAX=0x0 is NULL
RBX=0x00000283883b7800 is a thread
RCX=0xeefcee7443c70000 is an unknown value
RDX=0x0000000000000006 is an unknown value
RSP=0x000000ccea8fb7c0 is pointing into the stack for thread: 0x00000283883b7800
RBP=0x00000283883b7b48 points into unknown readable memory: 0x00007ffc38a61d10 | 10 1d a6 38 fc 7f 00 00
RSI=0x0 is NULL
RDI=0x00000283883b7800 is a thread
R8 =0x0 is NULL
R9 =0x000000ccea8fb8c8 is pointing into the stack for thread: 0x00000283883b7800
R10=0x00000283883b7800 is a thread
R11=0x000000ccea8fb7b8 is pointing into the stack for thread: 0x00000283883b7800
R12=0x0 is NULL
R13={method} {0x000002839323b378} 'flush' '(JJ)V' in 'org/jetbrains/skiko/context/Direct3DContextHandler'
R14=0x0 is NULL
R15=0x000000ccea8fb8c8 is pointing into the stack for thread: 0x00000283883b7800


Registers:
RAX=0x0000000000000000, RBX=0x00000283883b7800, RCX=0xeefcee7443c70000, RDX=0x0000000000000006
RSP=0x000000ccea8fb7c0, RBP=0x00000283883b7b48, RSI=0x0000000000000000, RDI=0x00000283883b7800
R8 =0x0000000000000000, R9 =0x000000ccea8fb8c8, R10=0x00000283883b7800, R11=0x000000ccea8fb7b8
R12=0x0000000000000000, R13=0x000002839323b370, R14=0x0000000000000000, R15=0x000000ccea8fb8c8
RIP=0x00007ffc38433658, EFLAGS=0x0000000000010202

Top of Stack: (sp=0x000000ccea8fb7c0)
0x000000ccea8fb7c0:   00000283883b7800 0000000000000000
0x000000ccea8fb7d0:   00000283883b7800 0000000000000081
0x000000ccea8fb7e0:   000002839323b370 0000000000000010
0x000000ccea8fb7f0:   0000000000000000 00007ffc384594cb
0x000000ccea8fb800:   0000000000000000 00000283883b7800
0x000000ccea8fb810:   00000283883b7800 0000028388132668
0x000000ccea8fb820:   000000cc00000556 00007ffc388fc8d8
0x000000ccea8fb830:   0000000000000000 0000000000000000
0x000000ccea8fb840:   0000000000000000 00007ffc3841ed9a
0x000000ccea8fb850:   00000283883b7800 00000283883b7800
0x000000ccea8fb860:   00000283883b7800 000000ccea8fbb38
0x000000ccea8fb870:   000002838979dbd4 00007ffc04a57d8c
0x000000ccea8fb880:   00000283883b7800 00000283883b7b48
0x000000ccea8fb890:   000000ccea8fbaf8 0000000000000000
0x000000ccea8fb8a0:   000002838979dbd4 00007ffc04a5824c
0x000000ccea8fb8b0:   00000283883b7800 00000283883b7b48 

Instructions: (pc=0x00007ffc38433658)
0x00007ffc38433638:   ff 48 83 7b 08 00 48 89 5c 24 50 48 c7 44 24 58
0x00007ffc38433648:   00 00 00 00 74 0a 48 8d 4c 24 50 e8 f8 78 2a 00
0x00007ffc38433658:   49 8b 06 48 8d 4c 24 70 c7 44 24 40 0e 00 00 00
0x00007ffc38433668:   48 8b 50 08 0f b7 42 2c 48 8b 52 08 48 8b 54 c2 


Stack slot to memory mapping:
stack at sp + 0 slots: 0x00000283883b7800 is a thread
stack at sp + 1 slots: 0x0 is NULL
stack at sp + 2 slots: 0x00000283883b7800 is a thread
stack at sp + 3 slots: 0x0000000000000081 is an unknown value
stack at sp + 4 slots: {method} {0x000002839323b378} 'flush' '(JJ)V' in 'org/jetbrains/skiko/context/Direct3DContextHandler'
stack at sp + 5 slots: 0x0000000000000010 is an unknown value
stack at sp + 6 slots: 0x0 is NULL
stack at sp + 7 slots: 0x00007ffc384594cb jvm.dll


---------------  P R O C E S S  ---------------

Threads class SMR info:
_java_thread_list=0x00000283891c35c0, length=22, elements={
0x00000283e4541000, 0x00000283ff29b000, 0x00000283ffb4a000, 0x00000283ffb9b800,
0x00000283ffb9c800, 0x00000283ffb9e000, 0x00000283ffba5800, 0x00000283ffbb4800,
0x00000283ffbb6800, 0x00000283ffd1f800, 0x000002838805c000, 0x00000283884d9000,
0x00000283885c4800, 0x00000283885c5800, 0x00000283883b7800, 0x000002838921d800,
0x00000283895e3000, 0x000002838977f800, 0x00000283891d3000, 0x00000283893a5000,
0x00000283895d7000, 0x00000283895d8000
}

Java Threads: ( => current thread )
  0x00000283e4541000 JavaThread "main" [_thread_blocked, id=10220, stack(0x000000cce9200000,0x000000cce9300000)]
  0x00000283ff29b000 JavaThread "Reference Handler" daemon [_thread_blocked, id=10156, stack(0x000000cce9900000,0x000000cce9a00000)]
  0x00000283ffb4a000 JavaThread "Finalizer" daemon [_thread_blocked, id=16868, stack(0x000000cce9a00000,0x000000cce9b00000)]
  0x00000283ffb9b800 JavaThread "Signal Dispatcher" daemon [_thread_blocked, id=20100, stack(0x000000cce9b00000,0x000000cce9c00000)]
  0x00000283ffb9c800 JavaThread "Attach Listener" daemon [_thread_blocked, id=24756, stack(0x000000cce9c00000,0x000000cce9d00000)]
  0x00000283ffb9e000 JavaThread "Service Thread" daemon [_thread_blocked, id=19364, stack(0x000000cce9d00000,0x000000cce9e00000)]
  0x00000283ffba5800 JavaThread "C2 CompilerThread0" daemon [_thread_blocked, id=524, stack(0x000000cce9e00000,0x000000cce9f00000)]
  0x00000283ffbb4800 JavaThread "C1 CompilerThread0" daemon [_thread_blocked, id=7544, stack(0x000000cce9f00000,0x000000ccea000000)]
  0x00000283ffbb6800 JavaThread "Sweeper thread" daemon [_thread_blocked, id=22052, stack(0x000000ccea000000,0x000000ccea100000)]
  0x00000283ffd1f800 JavaThread "Common-Cleaner" daemon [_thread_blocked, id=16260, stack(0x000000ccea100000,0x000000ccea200000)]
  0x000002838805c000 JavaThread "Monitor Ctrl-Break" daemon [_thread_in_native, id=2292, stack(0x000000ccea300000,0x000000ccea400000)]
  0x00000283884d9000 JavaThread "Java2D Disposer" daemon [_thread_blocked, id=14524, stack(0x000000ccea500000,0x000000ccea600000)]
  0x00000283885c4800 JavaThread "AWT-Shutdown" [_thread_blocked, id=14512, stack(0x000000ccea600000,0x000000ccea700000)]
  0x00000283885c5800 JavaThread "AWT-Windows" daemon [_thread_in_native, id=25576, stack(0x000000ccea700000,0x000000ccea800000)]
=>0x00000283883b7800 JavaThread "AWT-EventQueue-0" [_thread_in_vm, id=19416, stack(0x000000ccea800000,0x000000ccea900000)]
  0x000002838921d800 JavaThread "C2 CompilerThread1" daemon [_thread_blocked, id=14292, stack(0x000000cceaf00000,0x000000cceb000000)]
  0x00000283895e3000 JavaThread "DefaultDispatcher-worker-1" daemon [_thread_blocked, id=4304, stack(0x000000cceb000000,0x000000cceb100000)]
  0x000002838977f800 JavaThread "DefaultDispatcher-worker-2" daemon [_thread_blocked, id=21428, stack(0x000000cceb100000,0x000000cceb200000)]
  0x00000283891d3000 JavaThread "DefaultDispatcher-worker-3" daemon [_thread_blocked, id=18532, stack(0x000000cceb200000,0x000000cceb300000)]
  0x00000283893a5000 JavaThread "kotlinx.coroutines.DefaultExecutor" daemon [_thread_blocked, id=25900, stack(0x000000cceb300000,0x000000cceb400000)]
  0x00000283895d7000 JavaThread "Reference Cleaner" daemon [_thread_blocked, id=4104, stack(0x000000cceb400000,0x000000cceb500000)]
  0x00000283895d8000 JavaThread "D3D Screen Updater" daemon [_thread_blocked, id=13480, stack(0x000000cceb900000,0x000000cceba00000)]

Other Threads:
  0x00000283ff298800 VMThread "VM Thread" [stack: 0x000000cce9800000,0x000000cce9900000] [id=12016]
  0x000002838805c800 WatcherThread [stack: 0x000000ccea400000,0x000000ccea500000] [id=24820]
  0x00000283e4556800 GCTaskThread "GC Thread#0" [stack: 0x000000cce9300000,0x000000cce9400000] [id=21120]
  0x00000283890b6000 GCTaskThread "GC Thread#1" [stack: 0x000000ccea200000,0x000000ccea300000] [id=23988]
  0x00000283890b7000 GCTaskThread "GC Thread#2" [stack: 0x000000cceab00000,0x000000cceac00000] [id=22632]
  0x00000283890bb000 GCTaskThread "GC Thread#3" [stack: 0x000000cceac00000,0x000000ccead00000] [id=22544]
  0x00000283890c7800 GCTaskThread "GC Thread#4" [stack: 0x000000ccead00000,0x000000cceae00000] [id=22068]
  0x00000283890c8800 GCTaskThread "GC Thread#5" [stack: 0x000000cceae00000,0x000000cceaf00000] [id=9828]
  0x00000283e45b2800 ConcurrentGCThread "G1 Main Marker" [stack: 0x000000cce9400000,0x000000cce9500000] [id=9284]
  0x00000283e45b4000 ConcurrentGCThread "G1 Conc#0" [stack: 0x000000cce9500000,0x000000cce9600000] [id=22492]
  0x00000283890e9800 ConcurrentGCThread "G1 Conc#1" [stack: 0x000000cceb700000,0x000000cceb800000] [id=20992]
  0x00000283ff178000 ConcurrentGCThread "G1 Refine#0" [stack: 0x000000cce9600000,0x000000cce9700000] [id=21664]
  0x00000283ff179000 ConcurrentGCThread "G1 Young RemSet Sampling" [stack: 0x000000cce9700000,0x000000cce9800000] [id=16932]

Threads with active compile tasks:

VM state:not at safepoint (normal execution)

VM Mutex/Monitor currently owned by a thread: None

Heap address: 0x0000000700e00000, size: 4082 MB, Compressed Oops mode: Zero based, Oop shift amount: 3
Narrow klass base: 0x0000000800000000, Narrow klass shift: 0
Compressed class space size: 1073741824 Address: 0x0000000800000000

Heap:
 garbage-first heap   total 262144K, used 39365K [0x0000000700e00000, 0x0000000800000000)
  region size 1024K, 40 young (40960K), 5 survivors (5120K)
 Metaspace       used 27187K, capacity 27610K, committed 27824K, reserved 1075200K
  class space    used 2862K, capacity 3066K, committed 3072K, reserved 1048576K
Heap Regions: E=young(eden), S=young(survivor), O=old, HS=humongous(starts), HC=humongous(continues), CS=collection set, F=free, A=archive, TAMS=top-at-mark-start (previous, next)
|   0|0x0000000700e00000, 0x0000000700e00000, 0x0000000700f00000|  0%| F|  |TAMS 0x0000000700e00000, 0x0000000700e00000| Untracked 
|   1|0x0000000700f00000, 0x0000000700f00000, 0x0000000701000000|  0%| F|  |TAMS 0x0000000700f00000, 0x0000000700f00000| Untracked 
|   2|0x0000000701000000, 0x0000000701000000, 0x0000000701100000|  0%| F|  |TAMS 0x0000000701000000, 0x0000000701000000| Untracked 
|   3|0x0000000701100000, 0x0000000701100000, 0x0000000701200000|  0%| F|  |TAMS 0x0000000701100000, 0x0000000701100000| Untracked 
|   4|0x0000000701200000, 0x0000000701200000, 0x0000000701300000|  0%| F|  |TAMS 0x0000000701200000, 0x0000000701200000| Untracked 
|   5|0x0000000701300000, 0x0000000701300000, 0x0000000701400000|  0%| F|  |TAMS 0x0000000701300000, 0x0000000701300000| Untracked 
|   6|0x0000000701400000, 0x0000000701400000, 0x0000000701500000|  0%| F|  |TAMS 0x0000000701400000, 0x0000000701400000| Untracked 
|   7|0x0000000701500000, 0x0000000701500000, 0x0000000701600000|  0%| F|  |TAMS 0x0000000701500000, 0x0000000701500000| Untracked 
|   8|0x0000000701600000, 0x0000000701600000, 0x0000000701700000|  0%| F|  |TAMS 0x0000000701600000, 0x0000000701600000| Untracked 
|   9|0x0000000701700000, 0x0000000701700000, 0x0000000701800000|  0%| F|  |TAMS 0x0000000701700000, 0x0000000701700000| Untracked 
|  10|0x0000000701800000, 0x0000000701800000, 0x0000000701900000|  0%| F|  |TAMS 0x0000000701800000, 0x0000000701800000| Untracked 
|  11|0x0000000701900000, 0x0000000701900000, 0x0000000701a00000|  0%| F|  |TAMS 0x0000000701900000, 0x0000000701900000| Untracked 
|  12|0x0000000701a00000, 0x0000000701a00000, 0x0000000701b00000|  0%| F|  |TAMS 0x0000000701a00000, 0x0000000701a00000| Untracked 
|  13|0x0000000701b00000, 0x0000000701b00000, 0x0000000701c00000|  0%| F|  |TAMS 0x0000000701b00000, 0x0000000701b00000| Untracked 
|  14|0x0000000701c00000, 0x0000000701c00000, 0x0000000701d00000|  0%| F|  |TAMS 0x0000000701c00000, 0x0000000701c00000| Untracked 
|  15|0x0000000701d00000, 0x0000000701d00000, 0x0000000701e00000|  0%| F|  |TAMS 0x0000000701d00000, 0x0000000701d00000| Untracked 
|  16|0x0000000701e00000, 0x0000000701e00000, 0x0000000701f00000|  0%| F|  |TAMS 0x0000000701e00000, 0x0000000701e00000| Untracked 
|  17|0x0000000701f00000, 0x0000000701f00000, 0x0000000702000000|  0%| F|  |TAMS 0x0000000701f00000, 0x0000000701f00000| Untracked 
|  18|0x0000000702000000, 0x0000000702000000, 0x0000000702100000|  0%| F|  |TAMS 0x0000000702000000, 0x0000000702000000| Untracked 
|  19|0x0000000702100000, 0x0000000702100000, 0x0000000702200000|  0%| F|  |TAMS 0x0000000702100000, 0x0000000702100000| Untracked 
|  20|0x0000000702200000, 0x0000000702200000, 0x0000000702300000|  0%| F|  |TAMS 0x0000000702200000, 0x0000000702200000| Untracked 
|  21|0x0000000702300000, 0x0000000702300000, 0x0000000702400000|  0%| F|  |TAMS 0x0000000702300000, 0x0000000702300000| Untracked 
|  22|0x0000000702400000, 0x0000000702400000, 0x0000000702500000|  0%| F|  |TAMS 0x0000000702400000, 0x0000000702400000| Untracked 
|  23|0x0000000702500000, 0x0000000702500000, 0x0000000702600000|  0%| F|  |TAMS 0x0000000702500000, 0x0000000702500000| Untracked 
|  24|0x0000000702600000, 0x0000000702600000, 0x0000000702700000|  0%| F|  |TAMS 0x0000000702600000, 0x0000000702600000| Untracked 
|  25|0x0000000702700000, 0x0000000702700000, 0x0000000702800000|  0%| F|  |TAMS 0x0000000702700000, 0x0000000702700000| Untracked 
|  26|0x0000000702800000, 0x0000000702800000, 0x0000000702900000|  0%| F|  |TAMS 0x0000000702800000, 0x0000000702800000| Untracked 
|  27|0x0000000702900000, 0x0000000702900000, 0x0000000702a00000|  0%| F|  |TAMS 0x0000000702900000, 0x0000000702900000| Untracked 
|  28|0x0000000702a00000, 0x0000000702a00000, 0x0000000702b00000|  0%| F|  |TAMS 0x0000000702a00000, 0x0000000702a00000| Untracked 
|  29|0x0000000702b00000, 0x0000000702b00000, 0x0000000702c00000|  0%| F|  |TAMS 0x0000000702b00000, 0x0000000702b00000| Untracked 
|  30|0x0000000702c00000, 0x0000000702c00000, 0x0000000702d00000|  0%| F|  |TAMS 0x0000000702c00000, 0x0000000702c00000| Untracked 
|  31|0x0000000702d00000, 0x0000000702d00000, 0x0000000702e00000|  0%| F|  |TAMS 0x0000000702d00000, 0x0000000702d00000| Untracked 
|  32|0x0000000702e00000, 0x0000000702e00000, 0x0000000702f00000|  0%| F|  |TAMS 0x0000000702e00000, 0x0000000702e00000| Untracked 
|  33|0x0000000702f00000, 0x0000000702f00000, 0x0000000703000000|  0%| F|  |TAMS 0x0000000702f00000, 0x0000000702f00000| Untracked 
|  34|0x0000000703000000, 0x0000000703000000, 0x0000000703100000|  0%| F|  |TAMS 0x0000000703000000, 0x0000000703000000| Untracked 
|  35|0x0000000703100000, 0x0000000703100000, 0x0000000703200000|  0%| F|  |TAMS 0x0000000703100000, 0x0000000703100000| Untracked 
|  36|0x0000000703200000, 0x0000000703200000, 0x0000000703300000|  0%| F|  |TAMS 0x0000000703200000, 0x0000000703200000| Untracked 
|  37|0x0000000703300000, 0x0000000703300000, 0x0000000703400000|  0%| F|  |TAMS 0x0000000703300000, 0x0000000703300000| Untracked 
|  38|0x0000000703400000, 0x0000000703400000, 0x0000000703500000|  0%| F|  |TAMS 0x0000000703400000, 0x0000000703400000| Untracked 
|  39|0x0000000703500000, 0x0000000703500000, 0x0000000703600000|  0%| F|  |TAMS 0x0000000703500000, 0x0000000703500000| Untracked 
|  40|0x0000000703600000, 0x0000000703600000, 0x0000000703700000|  0%| F|  |TAMS 0x0000000703600000, 0x0000000703600000| Untracked 
|  41|0x0000000703700000, 0x0000000703700000, 0x0000000703800000|  0%| F|  |TAMS 0x0000000703700000, 0x0000000703700000| Untracked 
|  42|0x0000000703800000, 0x0000000703800000, 0x0000000703900000|  0%| F|  |TAMS 0x0000000703800000, 0x0000000703800000| Untracked 
|  43|0x0000000703900000, 0x0000000703900000, 0x0000000703a00000|  0%| F|  |TAMS 0x0000000703900000, 0x0000000703900000| Untracked 
|  44|0x0000000703a00000, 0x0000000703a00000, 0x0000000703b00000|  0%| F|  |TAMS 0x0000000703a00000, 0x0000000703a00000| Untracked 
|  45|0x0000000703b00000, 0x0000000703b00000, 0x0000000703c00000|  0%| F|  |TAMS 0x0000000703b00000, 0x0000000703b00000| Untracked 
|  46|0x0000000703c00000, 0x0000000703c00000, 0x0000000703d00000|  0%| F|  |TAMS 0x0000000703c00000, 0x0000000703c00000| Untracked 
|  47|0x0000000703d00000, 0x0000000703d00000, 0x0000000703e00000|  0%| F|  |TAMS 0x0000000703d00000, 0x0000000703d00000| Untracked 
|  48|0x0000000703e00000, 0x0000000703e00000, 0x0000000703f00000|  0%| F|  |TAMS 0x0000000703e00000, 0x0000000703e00000| Untracked 
|  49|0x0000000703f00000, 0x0000000703f00000, 0x0000000704000000|  0%| F|  |TAMS 0x0000000703f00000, 0x0000000703f00000| Untracked 
|  50|0x0000000704000000, 0x0000000704000000, 0x0000000704100000|  0%| F|  |TAMS 0x0000000704000000, 0x0000000704000000| Untracked 
|  51|0x0000000704100000, 0x0000000704100000, 0x0000000704200000|  0%| F|  |TAMS 0x0000000704100000, 0x0000000704100000| Untracked 
|  52|0x0000000704200000, 0x0000000704200000, 0x0000000704300000|  0%| F|  |TAMS 0x0000000704200000, 0x0000000704200000| Untracked 
|  53|0x0000000704300000, 0x0000000704300000, 0x0000000704400000|  0%| F|  |TAMS 0x0000000704300000, 0x0000000704300000| Untracked 
|  54|0x0000000704400000, 0x0000000704400000, 0x0000000704500000|  0%| F|  |TAMS 0x0000000704400000, 0x0000000704400000| Untracked 
|  55|0x0000000704500000, 0x0000000704500000, 0x0000000704600000|  0%| F|  |TAMS 0x0000000704500000, 0x0000000704500000| Untracked 
|  56|0x0000000704600000, 0x0000000704600000, 0x0000000704700000|  0%| F|  |TAMS 0x0000000704600000, 0x0000000704600000| Untracked 
|  57|0x0000000704700000, 0x0000000704700000, 0x0000000704800000|  0%| F|  |TAMS 0x0000000704700000, 0x0000000704700000| Untracked 
|  58|0x0000000704800000, 0x0000000704800000, 0x0000000704900000|  0%| F|  |TAMS 0x0000000704800000, 0x0000000704800000| Untracked 
|  59|0x0000000704900000, 0x0000000704900000, 0x0000000704a00000|  0%| F|  |TAMS 0x0000000704900000, 0x0000000704900000| Untracked 
|  60|0x0000000704a00000, 0x0000000704a00000, 0x0000000704b00000|  0%| F|  |TAMS 0x0000000704a00000, 0x0000000704a00000| Untracked 
|  61|0x0000000704b00000, 0x0000000704b00000, 0x0000000704c00000|  0%| F|  |TAMS 0x0000000704b00000, 0x0000000704b00000| Untracked 
|  62|0x0000000704c00000, 0x0000000704c00000, 0x0000000704d00000|  0%| F|  |TAMS 0x0000000704c00000, 0x0000000704c00000| Untracked 
|  63|0x0000000704d00000, 0x0000000704d00000, 0x0000000704e00000|  0%| F|  |TAMS 0x0000000704d00000, 0x0000000704d00000| Untracked 
|  64|0x0000000704e00000, 0x0000000704e00000, 0x0000000704f00000|  0%| F|  |TAMS 0x0000000704e00000, 0x0000000704e00000| Untracked 
|  65|0x0000000704f00000, 0x0000000704f00000, 0x0000000705000000|  0%| F|  |TAMS 0x0000000704f00000, 0x0000000704f00000| Untracked 
|  66|0x0000000705000000, 0x0000000705000000, 0x0000000705100000|  0%| F|  |TAMS 0x0000000705000000, 0x0000000705000000| Untracked 
|  67|0x0000000705100000, 0x0000000705100000, 0x0000000705200000|  0%| F|  |TAMS 0x0000000705100000, 0x0000000705100000| Untracked 
|  68|0x0000000705200000, 0x0000000705200000, 0x0000000705300000|  0%| F|  |TAMS 0x0000000705200000, 0x0000000705200000| Untracked 
|  69|0x0000000705300000, 0x0000000705300000, 0x0000000705400000|  0%| F|  |TAMS 0x0000000705300000, 0x0000000705300000| Untracked 
|  70|0x0000000705400000, 0x0000000705400000, 0x0000000705500000|  0%| F|  |TAMS 0x0000000705400000, 0x0000000705400000| Untracked 
|  71|0x0000000705500000, 0x0000000705500000, 0x0000000705600000|  0%| F|  |TAMS 0x0000000705500000, 0x0000000705500000| Untracked 
|  72|0x0000000705600000, 0x0000000705600000, 0x0000000705700000|  0%| F|  |TAMS 0x0000000705600000, 0x0000000705600000| Untracked 
|  73|0x0000000705700000, 0x0000000705700000, 0x0000000705800000|  0%| F|  |TAMS 0x0000000705700000, 0x0000000705700000| Untracked 
|  74|0x0000000705800000, 0x0000000705800000, 0x0000000705900000|  0%| F|  |TAMS 0x0000000705800000, 0x0000000705800000| Untracked 
|  75|0x0000000705900000, 0x0000000705900000, 0x0000000705a00000|  0%| F|  |TAMS 0x0000000705900000, 0x0000000705900000| Untracked 
|  76|0x0000000705a00000, 0x0000000705a00000, 0x0000000705b00000|  0%| F|  |TAMS 0x0000000705a00000, 0x0000000705a00000| Untracked 
|  77|0x0000000705b00000, 0x0000000705b00000, 0x0000000705c00000|  0%| F|  |TAMS 0x0000000705b00000, 0x0000000705b00000| Untracked 
|  78|0x0000000705c00000, 0x0000000705c00000, 0x0000000705d00000|  0%| F|  |TAMS 0x0000000705c00000, 0x0000000705c00000| Untracked 
|  79|0x0000000705d00000, 0x0000000705d00000, 0x0000000705e00000|  0%| F|  |TAMS 0x0000000705d00000, 0x0000000705d00000| Untracked 
|  80|0x0000000705e00000, 0x0000000705e00000, 0x0000000705f00000|  0%| F|  |TAMS 0x0000000705e00000, 0x0000000705e00000| Untracked 
|  81|0x0000000705f00000, 0x0000000705f00000, 0x0000000706000000|  0%| F|  |TAMS 0x0000000705f00000, 0x0000000705f00000| Untracked 
|  82|0x0000000706000000, 0x0000000706000000, 0x0000000706100000|  0%| F|  |TAMS 0x0000000706000000, 0x0000000706000000| Untracked 
|  83|0x0000000706100000, 0x0000000706100000, 0x0000000706200000|  0%| F|  |TAMS 0x0000000706100000, 0x0000000706100000| Untracked 
|  84|0x0000000706200000, 0x0000000706200000, 0x0000000706300000|  0%| F|  |TAMS 0x0000000706200000, 0x0000000706200000| Untracked 
|  85|0x0000000706300000, 0x0000000706300000, 0x0000000706400000|  0%| F|  |TAMS 0x0000000706300000, 0x0000000706300000| Untracked 
|  86|0x0000000706400000, 0x0000000706400000, 0x0000000706500000|  0%| F|  |TAMS 0x0000000706400000, 0x0000000706400000| Untracked 
|  87|0x0000000706500000, 0x0000000706500000, 0x0000000706600000|  0%| F|  |TAMS 0x0000000706500000, 0x0000000706500000| Untracked 
|  88|0x0000000706600000, 0x0000000706600000, 0x0000000706700000|  0%| F|  |TAMS 0x0000000706600000, 0x0000000706600000| Untracked 
|  89|0x0000000706700000, 0x0000000706700000, 0x0000000706800000|  0%| F|  |TAMS 0x0000000706700000, 0x0000000706700000| Untracked 
|  90|0x0000000706800000, 0x0000000706800000, 0x0000000706900000|  0%| F|  |TAMS 0x0000000706800000, 0x0000000706800000| Untracked 
|  91|0x0000000706900000, 0x0000000706900000, 0x0000000706a00000|  0%| F|  |TAMS 0x0000000706900000, 0x0000000706900000| Untracked 
|  92|0x0000000706a00000, 0x0000000706a00000, 0x0000000706b00000|  0%| F|  |TAMS 0x0000000706a00000, 0x0000000706a00000| Untracked 
|  93|0x0000000706b00000, 0x0000000706b00000, 0x0000000706c00000|  0%| F|  |TAMS 0x0000000706b00000, 0x0000000706b00000| Untracked 
|  94|0x0000000706c00000, 0x0000000706c00000, 0x0000000706d00000|  0%| F|  |TAMS 0x0000000706c00000, 0x0000000706c00000| Untracked 
|  95|0x0000000706d00000, 0x0000000706d00000, 0x0000000706e00000|  0%| F|  |TAMS 0x0000000706d00000, 0x0000000706d00000| Untracked 
|  96|0x0000000706e00000, 0x0000000706e00000, 0x0000000706f00000|  0%| F|  |TAMS 0x0000000706e00000, 0x0000000706e00000| Untracked 
|  97|0x0000000706f00000, 0x0000000706f00000, 0x0000000707000000|  0%| F|  |TAMS 0x0000000706f00000, 0x0000000706f00000| Untracked 
|  98|0x0000000707000000, 0x0000000707000000, 0x0000000707100000|  0%| F|  |TAMS 0x0000000707000000, 0x0000000707000000| Untracked 
|  99|0x0000000707100000, 0x0000000707100000, 0x0000000707200000|  0%| F|  |TAMS 0x0000000707100000, 0x0000000707100000| Untracked 
| 100|0x0000000707200000, 0x0000000707200000, 0x0000000707300000|  0%| F|  |TAMS 0x0000000707200000, 0x0000000707200000| Untracked 
| 101|0x0000000707300000, 0x0000000707300000, 0x0000000707400000|  0%| F|  |TAMS 0x0000000707300000, 0x0000000707300000| Untracked 
| 102|0x0000000707400000, 0x0000000707400000, 0x0000000707500000|  0%| F|  |TAMS 0x0000000707400000, 0x0000000707400000| Untracked 
| 103|0x0000000707500000, 0x0000000707500000, 0x0000000707600000|  0%| F|  |TAMS 0x0000000707500000, 0x0000000707500000| Untracked 
| 104|0x0000000707600000, 0x0000000707600000, 0x0000000707700000|  0%| F|  |TAMS 0x0000000707600000, 0x0000000707600000| Untracked 
| 105|0x0000000707700000, 0x0000000707700000, 0x0000000707800000|  0%| F|  |TAMS 0x0000000707700000, 0x0000000707700000| Untracked 
| 106|0x0000000707800000, 0x0000000707800000, 0x0000000707900000|  0%| F|  |TAMS 0x0000000707800000, 0x0000000707800000| Untracked 
| 107|0x0000000707900000, 0x0000000707900000, 0x0000000707a00000|  0%| F|  |TAMS 0x0000000707900000, 0x0000000707900000| Untracked 
| 108|0x0000000707a00000, 0x0000000707a00000, 0x0000000707b00000|  0%| F|  |TAMS 0x0000000707a00000, 0x0000000707a00000| Untracked 
| 109|0x0000000707b00000, 0x0000000707b00000, 0x0000000707c00000|  0%| F|  |TAMS 0x0000000707b00000, 0x0000000707b00000| Untracked 
| 110|0x0000000707c00000, 0x0000000707c00000, 0x0000000707d00000|  0%| F|  |TAMS 0x0000000707c00000, 0x0000000707c00000| Untracked 
| 111|0x0000000707d00000, 0x0000000707d00000, 0x0000000707e00000|  0%| F|  |TAMS 0x0000000707d00000, 0x0000000707d00000| Untracked 
| 112|0x0000000707e00000, 0x0000000707e00000, 0x0000000707f00000|  0%| F|  |TAMS 0x0000000707e00000, 0x0000000707e00000| Untracked 
| 113|0x0000000707f00000, 0x0000000707f00000, 0x0000000708000000|  0%| F|  |TAMS 0x0000000707f00000, 0x0000000707f00000| Untracked 
| 114|0x0000000708000000, 0x0000000708000000, 0x0000000708100000|  0%| F|  |TAMS 0x0000000708000000, 0x0000000708000000| Untracked 
| 115|0x0000000708100000, 0x0000000708100000, 0x0000000708200000|  0%| F|  |TAMS 0x0000000708100000, 0x0000000708100000| Untracked 
| 116|0x0000000708200000, 0x0000000708200000, 0x0000000708300000|  0%| F|  |TAMS 0x0000000708200000, 0x0000000708200000| Untracked 
| 117|0x0000000708300000, 0x0000000708300000, 0x0000000708400000|  0%| F|  |TAMS 0x0000000708300000, 0x0000000708300000| Untracked 
| 118|0x0000000708400000, 0x0000000708400000, 0x0000000708500000|  0%| F|  |TAMS 0x0000000708400000, 0x0000000708400000| Untracked 
| 119|0x0000000708500000, 0x0000000708500000, 0x0000000708600000|  0%| F|  |TAMS 0x0000000708500000, 0x0000000708500000| Untracked 
| 120|0x0000000708600000, 0x0000000708600000, 0x0000000708700000|  0%| F|  |TAMS 0x0000000708600000, 0x0000000708600000| Untracked 
| 121|0x0000000708700000, 0x0000000708700000, 0x0000000708800000|  0%| F|  |TAMS 0x0000000708700000, 0x0000000708700000| Untracked 
| 122|0x0000000708800000, 0x0000000708800000, 0x0000000708900000|  0%| F|  |TAMS 0x0000000708800000, 0x0000000708800000| Untracked 
| 123|0x0000000708900000, 0x0000000708900000, 0x0000000708a00000|  0%| F|  |TAMS 0x0000000708900000, 0x0000000708900000| Untracked 
| 124|0x0000000708a00000, 0x0000000708a00000, 0x0000000708b00000|  0%| F|  |TAMS 0x0000000708a00000, 0x0000000708a00000| Untracked 
| 125|0x0000000708b00000, 0x0000000708b00000, 0x0000000708c00000|  0%| F|  |TAMS 0x0000000708b00000, 0x0000000708b00000| Untracked 
| 126|0x0000000708c00000, 0x0000000708c00000, 0x0000000708d00000|  0%| F|  |TAMS 0x0000000708c00000, 0x0000000708c00000| Untracked 
| 127|0x0000000708d00000, 0x0000000708d00000, 0x0000000708e00000|  0%| F|  |TAMS 0x0000000708d00000, 0x0000000708d00000| Untracked 
| 128|0x0000000708e00000, 0x0000000708e00000, 0x0000000708f00000|  0%| F|  |TAMS 0x0000000708e00000, 0x0000000708e00000| Untracked 
| 129|0x0000000708f00000, 0x0000000708f00000, 0x0000000709000000|  0%| F|  |TAMS 0x0000000708f00000, 0x0000000708f00000| Untracked 
| 130|0x0000000709000000, 0x0000000709000000, 0x0000000709100000|  0%| F|  |TAMS 0x0000000709000000, 0x0000000709000000| Untracked 
| 131|0x0000000709100000, 0x0000000709100000, 0x0000000709200000|  0%| F|  |TAMS 0x0000000709100000, 0x0000000709100000| Untracked 
| 132|0x0000000709200000, 0x0000000709200000, 0x0000000709300000|  0%| F|  |TAMS 0x0000000709200000, 0x0000000709200000| Untracked 
| 133|0x0000000709300000, 0x0000000709300000, 0x0000000709400000|  0%| F|  |TAMS 0x0000000709300000, 0x0000000709300000| Untracked 
| 134|0x0000000709400000, 0x0000000709400000, 0x0000000709500000|  0%| F|  |TAMS 0x0000000709400000, 0x0000000709400000| Untracked 
| 135|0x0000000709500000, 0x0000000709500000, 0x0000000709600000|  0%| F|  |TAMS 0x0000000709500000, 0x0000000709500000| Untracked 
| 136|0x0000000709600000, 0x0000000709600000, 0x0000000709700000|  0%| F|  |TAMS 0x0000000709600000, 0x0000000709600000| Untracked 
| 137|0x0000000709700000, 0x0000000709700000, 0x0000000709800000|  0%| F|  |TAMS 0x0000000709700000, 0x0000000709700000| Untracked 
| 138|0x0000000709800000, 0x0000000709800000, 0x0000000709900000|  0%| F|  |TAMS 0x0000000709800000, 0x0000000709800000| Untracked 
| 139|0x0000000709900000, 0x0000000709900000, 0x0000000709a00000|  0%| F|  |TAMS 0x0000000709900000, 0x0000000709900000| Untracked 
| 140|0x0000000709a00000, 0x0000000709a00000, 0x0000000709b00000|  0%| F|  |TAMS 0x0000000709a00000, 0x0000000709a00000| Untracked 
| 141|0x0000000709b00000, 0x0000000709b00000, 0x0000000709c00000|  0%| F|  |TAMS 0x0000000709b00000, 0x0000000709b00000| Untracked 
| 142|0x0000000709c00000, 0x0000000709c00000, 0x0000000709d00000|  0%| F|  |TAMS 0x0000000709c00000, 0x0000000709c00000| Untracked 
| 143|0x0000000709d00000, 0x0000000709d00000, 0x0000000709e00000|  0%| F|  |TAMS 0x0000000709d00000, 0x0000000709d00000| Untracked 
| 144|0x0000000709e00000, 0x0000000709e00000, 0x0000000709f00000|  0%| F|  |TAMS 0x0000000709e00000, 0x0000000709e00000| Untracked 
| 145|0x0000000709f00000, 0x0000000709f00000, 0x000000070a000000|  0%| F|  |TAMS 0x0000000709f00000, 0x0000000709f00000| Untracked 
| 146|0x000000070a000000, 0x000000070a000000, 0x000000070a100000|  0%| F|  |TAMS 0x000000070a000000, 0x000000070a000000| Untracked 
| 147|0x000000070a100000, 0x000000070a100000, 0x000000070a200000|  0%| F|  |TAMS 0x000000070a100000, 0x000000070a100000| Untracked 
| 148|0x000000070a200000, 0x000000070a200000, 0x000000070a300000|  0%| F|  |TAMS 0x000000070a200000, 0x000000070a200000| Untracked 
| 149|0x000000070a300000, 0x000000070a300000, 0x000000070a400000|  0%| F|  |TAMS 0x000000070a300000, 0x000000070a300000| Untracked 
| 150|0x000000070a400000, 0x000000070a400000, 0x000000070a500000|  0%| F|  |TAMS 0x000000070a400000, 0x000000070a400000| Untracked 
| 151|0x000000070a500000, 0x000000070a500000, 0x000000070a600000|  0%| F|  |TAMS 0x000000070a500000, 0x000000070a500000| Untracked 
| 152|0x000000070a600000, 0x000000070a600000, 0x000000070a700000|  0%| F|  |TAMS 0x000000070a600000, 0x000000070a600000| Untracked 
| 153|0x000000070a700000, 0x000000070a700000, 0x000000070a800000|  0%| F|  |TAMS 0x000000070a700000, 0x000000070a700000| Untracked 
| 154|0x000000070a800000, 0x000000070a800000, 0x000000070a900000|  0%| F|  |TAMS 0x000000070a800000, 0x000000070a800000| Untracked 
| 155|0x000000070a900000, 0x000000070a900000, 0x000000070aa00000|  0%| F|  |TAMS 0x000000070a900000, 0x000000070a900000| Untracked 
| 156|0x000000070aa00000, 0x000000070aa00000, 0x000000070ab00000|  0%| F|  |TAMS 0x000000070aa00000, 0x000000070aa00000| Untracked 
| 157|0x000000070ab00000, 0x000000070ab00000, 0x000000070ac00000|  0%| F|  |TAMS 0x000000070ab00000, 0x000000070ab00000| Untracked 
| 158|0x000000070ac00000, 0x000000070ac00000, 0x000000070ad00000|  0%| F|  |TAMS 0x000000070ac00000, 0x000000070ac00000| Untracked 
| 159|0x000000070ad00000, 0x000000070ad00000, 0x000000070ae00000|  0%| F|  |TAMS 0x000000070ad00000, 0x000000070ad00000| Untracked 
| 160|0x000000070ae00000, 0x000000070ae00000, 0x000000070af00000|  0%| F|  |TAMS 0x000000070ae00000, 0x000000070ae00000| Untracked 
| 161|0x000000070af00000, 0x000000070af00000, 0x000000070b000000|  0%| F|  |TAMS 0x000000070af00000, 0x000000070af00000| Untracked 
| 162|0x000000070b000000, 0x000000070b000000, 0x000000070b100000|  0%| F|  |TAMS 0x000000070b000000, 0x000000070b000000| Untracked 
| 163|0x000000070b100000, 0x000000070b100000, 0x000000070b200000|  0%| F|  |TAMS 0x000000070b100000, 0x000000070b100000| Untracked 
| 164|0x000000070b200000, 0x000000070b200000, 0x000000070b300000|  0%| F|  |TAMS 0x000000070b200000, 0x000000070b200000| Untracked 
| 165|0x000000070b300000, 0x000000070b300000, 0x000000070b400000|  0%| F|  |TAMS 0x000000070b300000, 0x000000070b300000| Untracked 
| 166|0x000000070b400000, 0x000000070b400000, 0x000000070b500000|  0%| F|  |TAMS 0x000000070b400000, 0x000000070b400000| Untracked 
| 167|0x000000070b500000, 0x000000070b500000, 0x000000070b600000|  0%| F|  |TAMS 0x000000070b500000, 0x000000070b500000| Untracked 
| 168|0x000000070b600000, 0x000000070b600000, 0x000000070b700000|  0%| F|  |TAMS 0x000000070b600000, 0x000000070b600000| Untracked 
| 169|0x000000070b700000, 0x000000070b700000, 0x000000070b800000|  0%| F|  |TAMS 0x000000070b700000, 0x000000070b700000| Untracked 
| 170|0x000000070b800000, 0x000000070b800000, 0x000000070b900000|  0%| F|  |TAMS 0x000000070b800000, 0x000000070b800000| Untracked 
| 171|0x000000070b900000, 0x000000070b900000, 0x000000070ba00000|  0%| F|  |TAMS 0x000000070b900000, 0x000000070b900000| Untracked 
| 172|0x000000070ba00000, 0x000000070ba00000, 0x000000070bb00000|  0%| F|  |TAMS 0x000000070ba00000, 0x000000070ba00000| Untracked 
| 173|0x000000070bb00000, 0x000000070bb00000, 0x000000070bc00000|  0%| F|  |TAMS 0x000000070bb00000, 0x000000070bb00000| Untracked 
| 174|0x000000070bc00000, 0x000000070bc00000, 0x000000070bd00000|  0%| F|  |TAMS 0x000000070bc00000, 0x000000070bc00000| Untracked 
| 175|0x000000070bd00000, 0x000000070bd00000, 0x000000070be00000|  0%| F|  |TAMS 0x000000070bd00000, 0x000000070bd00000| Untracked 
| 176|0x000000070be00000, 0x000000070be00000, 0x000000070bf00000|  0%| F|  |TAMS 0x000000070be00000, 0x000000070be00000| Untracked 
| 177|0x000000070bf00000, 0x000000070bf00000, 0x000000070c000000|  0%| F|  |TAMS 0x000000070bf00000, 0x000000070bf00000| Untracked 
| 178|0x000000070c000000, 0x000000070c000000, 0x000000070c100000|  0%| F|  |TAMS 0x000000070c000000, 0x000000070c000000| Untracked 
| 179|0x000000070c100000, 0x000000070c100000, 0x000000070c200000|  0%| F|  |TAMS 0x000000070c100000, 0x000000070c100000| Untracked 
| 180|0x000000070c200000, 0x000000070c200000, 0x000000070c300000|  0%| F|  |TAMS 0x000000070c200000, 0x000000070c200000| Untracked 
| 181|0x000000070c300000, 0x000000070c300000, 0x000000070c400000|  0%| F|  |TAMS 0x000000070c300000, 0x000000070c300000| Untracked 
| 182|0x000000070c400000, 0x000000070c400000, 0x000000070c500000|  0%| F|  |TAMS 0x000000070c400000, 0x000000070c400000| Untracked 
| 183|0x000000070c500000, 0x000000070c500000, 0x000000070c600000|  0%| F|  |TAMS 0x000000070c500000, 0x000000070c500000| Untracked 
| 184|0x000000070c600000, 0x000000070c600000, 0x000000070c700000|  0%| F|  |TAMS 0x000000070c600000, 0x000000070c600000| Untracked 
| 185|0x000000070c700000, 0x000000070c700000, 0x000000070c800000|  0%| F|  |TAMS 0x000000070c700000, 0x000000070c700000| Untracked 
| 186|0x000000070c800000, 0x000000070c800000, 0x000000070c900000|  0%| F|  |TAMS 0x000000070c800000, 0x000000070c800000| Untracked 
| 187|0x000000070c900000, 0x000000070c900000, 0x000000070ca00000|  0%| F|  |TAMS 0x000000070c900000, 0x000000070c900000| Untracked 
| 188|0x000000070ca00000, 0x000000070ca00000, 0x000000070cb00000|  0%| F|  |TAMS 0x000000070ca00000, 0x000000070ca00000| Untracked 
| 189|0x000000070cb00000, 0x000000070cb00000, 0x000000070cc00000|  0%| F|  |TAMS 0x000000070cb00000, 0x000000070cb00000| Untracked 
| 190|0x000000070cc00000, 0x000000070cc00000, 0x000000070cd00000|  0%| F|  |TAMS 0x000000070cc00000, 0x000000070cc00000| Untracked 
| 191|0x000000070cd00000, 0x000000070cd00000, 0x000000070ce00000|  0%| F|  |TAMS 0x000000070cd00000, 0x000000070cd00000| Untracked 
| 192|0x000000070ce00000, 0x000000070ce00000, 0x000000070cf00000|  0%| F|  |TAMS 0x000000070ce00000, 0x000000070ce00000| Untracked 
| 193|0x000000070cf00000, 0x000000070cf00000, 0x000000070d000000|  0%| F|  |TAMS 0x000000070cf00000, 0x000000070cf00000| Untracked 
| 194|0x000000070d000000, 0x000000070d000000, 0x000000070d100000|  0%| F|  |TAMS 0x000000070d000000, 0x000000070d000000| Untracked 
| 195|0x000000070d100000, 0x000000070d100000, 0x000000070d200000|  0%| F|  |TAMS 0x000000070d100000, 0x000000070d100000| Untracked 
| 196|0x000000070d200000, 0x000000070d200000, 0x000000070d300000|  0%| F|  |TAMS 0x000000070d200000, 0x000000070d200000| Untracked 
| 197|0x000000070d300000, 0x000000070d300000, 0x000000070d400000|  0%| F|  |TAMS 0x000000070d300000, 0x000000070d300000| Untracked 
| 198|0x000000070d400000, 0x000000070d400000, 0x000000070d500000|  0%| F|  |TAMS 0x000000070d400000, 0x000000070d400000| Untracked 
| 199|0x000000070d500000, 0x000000070d500000, 0x000000070d600000|  0%| F|  |TAMS 0x000000070d500000, 0x000000070d500000| Untracked 
| 200|0x000000070d600000, 0x000000070d600000, 0x000000070d700000|  0%| F|  |TAMS 0x000000070d600000, 0x000000070d600000| Untracked 
| 201|0x000000070d700000, 0x000000070d700000, 0x000000070d800000|  0%| F|  |TAMS 0x000000070d700000, 0x000000070d700000| Untracked 
| 202|0x000000070d800000, 0x000000070d800000, 0x000000070d900000|  0%| F|  |TAMS 0x000000070d800000, 0x000000070d800000| Untracked 
| 203|0x000000070d900000, 0x000000070d900000, 0x000000070da00000|  0%| F|  |TAMS 0x000000070d900000, 0x000000070d900000| Untracked 
| 204|0x000000070da00000, 0x000000070da00000, 0x000000070db00000|  0%| F|  |TAMS 0x000000070da00000, 0x000000070da00000| Untracked 
| 205|0x000000070db00000, 0x000000070db00000, 0x000000070dc00000|  0%| F|  |TAMS 0x000000070db00000, 0x000000070db00000| Untracked 
| 206|0x000000070dc00000, 0x000000070dc00000, 0x000000070dd00000|  0%| F|  |TAMS 0x000000070dc00000, 0x000000070dc00000| Untracked 
| 207|0x000000070dd00000, 0x000000070dd00000, 0x000000070de00000|  0%| F|  |TAMS 0x000000070dd00000, 0x000000070dd00000| Untracked 
| 208|0x000000070de00000, 0x000000070de00000, 0x000000070df00000|  0%| F|  |TAMS 0x000000070de00000, 0x000000070de00000| Untracked 
| 209|0x000000070df00000, 0x000000070df00000, 0x000000070e000000|  0%| F|  |TAMS 0x000000070df00000, 0x000000070df00000| Untracked 
| 210|0x000000070e000000, 0x000000070e000000, 0x000000070e100000|  0%| F|  |TAMS 0x000000070e000000, 0x000000070e000000| Untracked 
| 211|0x000000070e100000, 0x000000070e100000, 0x000000070e200000|  0%| F|  |TAMS 0x000000070e100000, 0x000000070e100000| Untracked 
| 212|0x000000070e200000, 0x000000070e200000, 0x000000070e300000|  0%| F|  |TAMS 0x000000070e200000, 0x000000070e200000| Untracked 
| 213|0x000000070e300000, 0x000000070e300000, 0x000000070e400000|  0%| F|  |TAMS 0x000000070e300000, 0x000000070e300000| Untracked 
| 214|0x000000070e400000, 0x000000070e400000, 0x000000070e500000|  0%| F|  |TAMS 0x000000070e400000, 0x000000070e400000| Untracked 
| 215|0x000000070e500000, 0x000000070e500000, 0x000000070e600000|  0%| F|  |TAMS 0x000000070e500000, 0x000000070e500000| Untracked 
| 216|0x000000070e600000, 0x000000070e700000, 0x000000070e700000|100%| E|  |TAMS 0x000000070e600000, 0x000000070e600000| Complete 
| 217|0x000000070e700000, 0x000000070e800000, 0x000000070e800000|100%| E|CS|TAMS 0x000000070e700000, 0x000000070e700000| Complete 
| 218|0x000000070e800000, 0x000000070e900000, 0x000000070e900000|100%| E|CS|TAMS 0x000000070e800000, 0x000000070e800000| Complete 
| 219|0x000000070e900000, 0x000000070ea00000, 0x000000070ea00000|100%| E|CS|TAMS 0x000000070e900000, 0x000000070e900000| Complete 
| 220|0x000000070ea00000, 0x000000070eb00000, 0x000000070eb00000|100%| E|CS|TAMS 0x000000070ea00000, 0x000000070ea00000| Complete 
| 221|0x000000070eb00000, 0x000000070ec00000, 0x000000070ec00000|100%| E|CS|TAMS 0x000000070eb00000, 0x000000070eb00000| Complete 
| 222|0x000000070ec00000, 0x000000070ed00000, 0x000000070ed00000|100%| E|CS|TAMS 0x000000070ec00000, 0x000000070ec00000| Complete 
| 223|0x000000070ed00000, 0x000000070ee00000, 0x000000070ee00000|100%| E|CS|TAMS 0x000000070ed00000, 0x000000070ed00000| Complete 
| 224|0x000000070ee00000, 0x000000070ee716a0, 0x000000070ef00000| 44%| S|CS|TAMS 0x000000070ee00000, 0x000000070ee00000| Complete 
| 225|0x000000070ef00000, 0x000000070f000000, 0x000000070f000000|100%| S|CS|TAMS 0x000000070ef00000, 0x000000070ef00000| Complete 
| 226|0x000000070f000000, 0x000000070f100000, 0x000000070f100000|100%| S|CS|TAMS 0x000000070f000000, 0x000000070f000000| Complete 
| 227|0x000000070f100000, 0x000000070f200000, 0x000000070f200000|100%| S|CS|TAMS 0x000000070f100000, 0x000000070f100000| Complete 
| 228|0x000000070f200000, 0x000000070f300000, 0x000000070f300000|100%| S|CS|TAMS 0x000000070f200000, 0x000000070f200000| Complete 
| 229|0x000000070f300000, 0x000000070f400000, 0x000000070f400000|100%| E|CS|TAMS 0x000000070f300000, 0x000000070f300000| Complete 
| 230|0x000000070f400000, 0x000000070f500000, 0x000000070f500000|100%| E|CS|TAMS 0x000000070f400000, 0x000000070f400000| Complete 
| 231|0x000000070f500000, 0x000000070f600000, 0x000000070f600000|100%| E|CS|TAMS 0x000000070f500000, 0x000000070f500000| Complete 
| 232|0x000000070f600000, 0x000000070f700000, 0x000000070f700000|100%| E|CS|TAMS 0x000000070f600000, 0x000000070f600000| Complete 
| 233|0x000000070f700000, 0x000000070f800000, 0x000000070f800000|100%| E|CS|TAMS 0x000000070f700000, 0x000000070f700000| Complete 
| 234|0x000000070f800000, 0x000000070f900000, 0x000000070f900000|100%| E|CS|TAMS 0x000000070f800000, 0x000000070f800000| Complete 
| 235|0x000000070f900000, 0x000000070fa00000, 0x000000070fa00000|100%| E|CS|TAMS 0x000000070f900000, 0x000000070f900000| Complete 
| 236|0x000000070fa00000, 0x000000070fb00000, 0x000000070fb00000|100%| E|CS|TAMS 0x000000070fa00000, 0x000000070fa00000| Complete 
| 237|0x000000070fb00000, 0x000000070fc00000, 0x000000070fc00000|100%| E|CS|TAMS 0x000000070fb00000, 0x000000070fb00000| Complete 
| 238|0x000000070fc00000, 0x000000070fd00000, 0x000000070fd00000|100%| E|CS|TAMS 0x000000070fc00000, 0x000000070fc00000| Complete 
| 239|0x000000070fd00000, 0x000000070fe00000, 0x000000070fe00000|100%| E|CS|TAMS 0x000000070fd00000, 0x000000070fd00000| Complete 
| 240|0x000000070fe00000, 0x000000070ff00000, 0x000000070ff00000|100%| E|CS|TAMS 0x000000070fe00000, 0x000000070fe00000| Complete 
| 241|0x000000070ff00000, 0x0000000710000000, 0x0000000710000000|100%| E|CS|TAMS 0x000000070ff00000, 0x000000070ff00000| Complete 
| 242|0x0000000710000000, 0x0000000710100000, 0x0000000710100000|100%| E|CS|TAMS 0x0000000710000000, 0x0000000710000000| Complete 
| 243|0x0000000710100000, 0x0000000710200000, 0x0000000710200000|100%| E|CS|TAMS 0x0000000710100000, 0x0000000710100000| Complete 
| 244|0x0000000710200000, 0x0000000710300000, 0x0000000710300000|100%| E|CS|TAMS 0x0000000710200000, 0x0000000710200000| Complete 
| 245|0x0000000710300000, 0x0000000710400000, 0x0000000710400000|100%| E|CS|TAMS 0x0000000710300000, 0x0000000710300000| Complete 
| 246|0x0000000710400000, 0x0000000710500000, 0x0000000710500000|100%| E|CS|TAMS 0x0000000710400000, 0x0000000710400000| Complete 
| 247|0x0000000710500000, 0x0000000710600000, 0x0000000710600000|100%| E|CS|TAMS 0x0000000710500000, 0x0000000710500000| Complete 
| 248|0x0000000710600000, 0x0000000710700000, 0x0000000710700000|100%| E|CS|TAMS 0x0000000710600000, 0x0000000710600000| Complete 
| 249|0x0000000710700000, 0x0000000710800000, 0x0000000710800000|100%| E|CS|TAMS 0x0000000710700000, 0x0000000710700000| Complete 
| 250|0x0000000710800000, 0x0000000710900000, 0x0000000710900000|100%| E|CS|TAMS 0x0000000710800000, 0x0000000710800000| Complete 
| 251|0x0000000710900000, 0x0000000710a00000, 0x0000000710a00000|100%| E|CS|TAMS 0x0000000710900000, 0x0000000710900000| Complete 
| 252|0x0000000710a00000, 0x0000000710b00000, 0x0000000710b00000|100%| E|CS|TAMS 0x0000000710a00000, 0x0000000710a00000| Complete 
| 253|0x0000000710b00000, 0x0000000710c00000, 0x0000000710c00000|100%| E|CS|TAMS 0x0000000710b00000, 0x0000000710b00000| Complete 
| 254|0x0000000710c00000, 0x0000000710d00000, 0x0000000710d00000|100%| E|CS|TAMS 0x0000000710c00000, 0x0000000710c00000| Complete 
| 255|0x0000000710d00000, 0x0000000710e00000, 0x0000000710e00000|100%| E|CS|TAMS 0x0000000710d00000, 0x0000000710d00000| Complete 

Card table byte_map: [0x00000283fb730000,0x00000283fbf30000] _byte_map_base: 0x00000283f7f29000

Marking Bits (Prev, Next): (CMBitMap*) 0x00000283e45a1fe0, (CMBitMap*) 0x00000283e45a1fa8
 Prev Bits: [0x0000028383fd0000, 0x0000028387f98000)
 Next Bits: [0x0000028380000000, 0x0000028383fc8000)

Polling page: 0x00000283e24e0000

Metaspace:

Usage:
  Non-class:     23.97 MB capacity,    23.75 MB (>99%) used,   160.20 KB ( <1%) free+waste,    59.50 KB ( <1%) overhead. 
      Class:      2.99 MB capacity,     2.80 MB ( 93%) used,   173.46 KB (  6%) free+waste,    29.56 KB ( <1%) overhead. 
       Both:     26.96 MB capacity,    26.55 MB ( 98%) used,   333.66 KB (  1%) free+waste,    89.06 KB ( <1%) overhead. 

Virtual space:
  Non-class space:       26.00 MB reserved,      24.17 MB ( 93%) committed 
      Class space:        1.00 GB reserved,       3.00 MB ( <1%) committed 
             Both:        1.03 GB reserved,      27.17 MB (  3%) committed 

Chunk freelists:
   Non-Class:  10.00 KB
       Class:  768 bytes
        Both:  10.75 KB

CodeHeap 'non-profiled nmethods': size=120000Kb used=844Kb max_used=844Kb free=119155Kb
 bounds [0x00000283f36c0000, 0x00000283f3930000, 0x00000283fabf0000]
CodeHeap 'profiled nmethods': size=120000Kb used=3459Kb max_used=3459Kb free=116540Kb
 bounds [0x00000283ec190000, 0x00000283ec500000, 0x00000283f36c0000]
CodeHeap 'non-nmethods': size=5760Kb used=1513Kb max_used=1519Kb free=4246Kb
 bounds [0x00000283ebbf0000, 0x00000283ebe60000, 0x00000283ec190000]
 total_blobs=2970 nmethods=1960 adapters=921
 compilation: enabled
              stopped_count=0, restarted_count=0
 full_count=0

Compilation events (10 events):
Event: 1.896 Thread 0x00000283ffbb4800 1949       3       androidx.compose.ui.text.font.FontStyle::equals (9 bytes)
Event: 1.896 Thread 0x00000283ffbb4800 nmethod 1949 0x00000283ec4eff10 code [0x00000283ec4f00c0, 0x00000283ec4f04d8]
Event: 1.896 Thread 0x00000283ffbb4800 1957       3       androidx.compose.runtime.snapshots.TransparentObserverMutableSnapshot::dispose (28 bytes)
Event: 1.897 Thread 0x00000283ffbb4800 nmethod 1957 0x00000283ec4f0610 code [0x00000283ec4f07c0, 0x00000283ec4f0a28]
Event: 1.897 Thread 0x00000283ffbb4800 1955       3       androidx.compose.ui.unit.TextUnit::equals-impl0 (12 bytes)
Event: 1.897 Thread 0x00000283ffbb4800 nmethod 1955 0x00000283ec4f0b10 code [0x00000283ec4f0ca0, 0x00000283ec4f0dd8]
Event: 1.897 Thread 0x00000283ffbb4800 1960       1       androidx.compose.ui.text.TextLayoutResult::getLayoutInput (5 bytes)
Event: 1.897 Thread 0x00000283ffbb4800 nmethod 1960 0x00000283f3792a90 code [0x00000283f3792c20, 0x00000283f3792cd8]
Event: 1.897 Thread 0x00000283ffbb4800 1959       1       androidx.compose.ui.graphics.drawscope.CanvasDrawScope::getDrawContext (5 bytes)
Event: 1.897 Thread 0x00000283ffbb4800 nmethod 1959 0x00000283f3792d90 code [0x00000283f3792f20, 0x00000283f3792fd8]

GC Heap History (4 events):
Event: 0.712 GC heap before
{Heap before GC invocations=0 (full 0):
 garbage-first heap   total 262144K, used 24576K [0x0000000700e00000, 0x0000000800000000)
  region size 1024K, 24 young (24576K), 0 survivors (0K)
 Metaspace       used 13059K, capacity 13301K, committed 13568K, reserved 1060864K
  class space    used 1177K, capacity 1246K, committed 1280K, reserved 1048576K
}
Event: 0.715 GC heap after
{Heap after GC invocations=1 (full 0):
 garbage-first heap   total 262144K, used 2706K [0x0000000700e00000, 0x0000000800000000)
  region size 1024K, 3 young (3072K), 3 survivors (3072K)
 Metaspace       used 13059K, capacity 13301K, committed 13568K, reserved 1060864K
  class space    used 1177K, capacity 1246K, committed 1280K, reserved 1048576K
}
Event: 1.308 GC heap before
{Heap before GC invocations=1 (full 0):
 garbage-first heap   total 262144K, used 26258K [0x0000000700e00000, 0x0000000800000000)
  region size 1024K, 27 young (27648K), 3 survivors (3072K)
 Metaspace       used 20671K, capacity 21078K, committed 21296K, reserved 1069056K
  class space    used 2109K, capacity 2318K, committed 2432K, reserved 1048576K
}
Event: 1.312 GC heap after
{Heap after GC invocations=2 (full 0):
 garbage-first heap   total 262144K, used 4549K [0x0000000700e00000, 0x0000000800000000)
  region size 1024K, 5 young (5120K), 5 survivors (5120K)
 Metaspace       used 20671K, capacity 21078K, committed 21296K, reserved 1069056K
  class space    used 2109K, capacity 2318K, committed 2432K, reserved 1048576K
}

Deoptimization events (10 events):
Event: 1.102 Thread 0x00000283883b7800 Uncommon trap: reason=unstable_if action=reinterpret pc=0x00000283f36fdf7c method=java.lang.String.startsWith(Ljava/lang/String;I)Z @ 14 c2
Event: 1.690 Thread 0x00000283883b7800 Uncommon trap: reason=unstable_if action=reinterpret pc=0x00000283f3769e60 method=androidx.compose.runtime.SlotWriter.dataAnchorToDataIndex(III)I @ 1 c2
Event: 1.730 Thread 0x00000283883b7800 Uncommon trap: reason=unstable_if action=reinterpret pc=0x00000283f374b4a4 method=java.lang.String.indexOf([BBILjava/lang/String;I)I @ 21 c2
Event: 1.803 Thread 0x00000283883b7800 Uncommon trap: reason=class_check action=maybe_recompile pc=0x00000283f377350c method=java.util.HashMap.getNode(ILjava/lang/Object;)Ljava/util/HashMap$Node; @ 126 c2
Event: 1.805 Thread 0x00000283883b7800 Uncommon trap: reason=class_check action=maybe_recompile pc=0x00000283f377350c method=java.util.HashMap.getNode(ILjava/lang/Object;)Ljava/util/HashMap$Node; @ 126 c2
Event: 1.805 Thread 0x00000283883b7800 Uncommon trap: reason=class_check action=maybe_recompile pc=0x00000283f377350c method=java.util.HashMap.getNode(ILjava/lang/Object;)Ljava/util/HashMap$Node; @ 126 c2
Event: 1.807 Thread 0x00000283883b7800 Uncommon trap: reason=class_check action=maybe_recompile pc=0x00000283f377350c method=java.util.HashMap.getNode(ILjava/lang/Object;)Ljava/util/HashMap$Node; @ 126 c2
Event: 1.812 Thread 0x00000283883b7800 Uncommon trap: reason=class_check action=maybe_recompile pc=0x00000283f373d5e0 method=java.util.HashMap.getNode(ILjava/lang/Object;)Ljava/util/HashMap$Node; @ 126 c2
Event: 1.831 Thread 0x00000283883b7800 Uncommon trap: reason=null_assert_or_unreached0 action=make_not_entrant pc=0x00000283f377fa20 method=androidx.compose.ui.node.NodeCoordinator.invalidateLayer()V @ 4 c2
Event: 1.897 Thread 0x00000283895d8000 Uncommon trap: reason=intrinsic_or_type_checked_inlining action=make_not_entrant pc=0x00000283f377dce0 method=java.util.Arrays.copyOf([Ljava/lang/Object;ILjava/lang/Class;)[Ljava/lang/Object; @ 35 c2

Classes redefined (0 events):
No events

Internal exceptions (10 events):
Event: 0.898 Thread 0x00000283883b7800 Exception <a 'java/lang/ClassNotFoundException'{0x00000007104086a8}: com/sun/swing/internal/plaf/metal/resources/spi/metalProvider> (0x00000007104086a8) thrown at [./open/src/hotspot/share/classfile/systemDictionary.cpp, line 226]
Event: 0.898 Thread 0x00000283883b7800 Exception <a 'java/lang/ClassNotFoundException'{0x000000071040cad0}: com/sun/swing/internal/plaf/basic/resources/spi/basicProvider> (0x000000071040cad0) thrown at [./open/src/hotspot/share/classfile/systemDictionary.cpp, line 226]
Event: 0.903 Thread 0x00000283883b7800 Implicit null exception at 0x00000283f3720158 to 0x00000283f37201ea
Event: 1.078 Thread 0x00000283883b7800 Exception <a 'java/lang/NoSuchMethodError'{0x000000070fbfe808}: java.lang.invoke.DirectMethodHandle$Holder.invokeStaticInit(Ljava/lang/Object;)V> (0x000000070fbfe808) thrown at [./open/src/hotspot/share/interpreter/linkResolver.cpp, line 772]
Event: 1.104 Thread 0x00000283883b7800 Exception <a 'java/lang/NoSuchMethodError'{0x000000070f9c5048}: java.lang.invoke.DirectMethodHandle$Holder.invokeStatic(Ljava/lang/Object;Ljava/lang/Object;Ljava/lang/Object;Ljava/lang/Object;Ljava/lang/Object;Ljava/lang/Object;Ljava/lang/Object;Ljava/lan
Event: 1.105 Thread 0x00000283883b7800 Exception <a 'java/lang/NoSuchMethodError'{0x000000070f9e34f0}: java.lang.invoke.DirectMethodHandle$Holder.invokeStatic(Ljava/lang/Object;Ljava/lang/Object;Ljava/lang/Object;Ljava/lang/Object;Ljava/lang/Object;Ljava/lang/Object;Ljava/lang/Object;Ljava/lan
Event: 1.106 Thread 0x00000283883b7800 Exception <a 'java/lang/NoSuchMethodError'{0x000000070f802bc0}: java.lang.invoke.DirectMethodHandle$Holder.invokeStatic(Ljava/lang/Object;Ljava/lang/Object;Ljava/lang/Object;Ljava/lang/Object;Ljava/lang/Object;Ljava/lang/Object;Ljava/lang/Object;Ljava/lan
Event: 1.107 Thread 0x00000283883b7800 Exception <a 'java/lang/NoSuchMethodError'{0x000000070f80edc0}: java.lang.invoke.Invokers$Holder.linkToTargetMethod(Ljava/lang/Object;ILjava/lang/Object;)Ljava/lang/Object;> (0x000000070f80edc0) thrown at [./open/src/hotspot/share/interpreter/linkResolver
Event: 1.337 Thread 0x00000283883b7800 Exception <a 'java/lang/NoSuchMethodError'{0x0000000710b372c0}: java.lang.invoke.DirectMethodHandle$Holder.invokeStaticInit(Ljava/lang/Object;Ljava/lang/Object;Ljava/lang/Object;)I> (0x0000000710b372c0) thrown at [./open/src/hotspot/share/interpreter/link
Event: 1.933 Thread 0x00000283883b7800 Exception <a 'java/lang/NoSuchMethodError'{0x000000070e6bced8}: static Lorg/jetbrains/skiko/RenderExceptionsHandler;.throwException(Ljava/lang/String;)V> (0x000000070e6bced8) thrown at [./open/src/hotspot/share/prims/jni.cpp, line 1366]

Events (10 events):
Event: 1.907 loading class org/jetbrains/skia/Surface$Companion
Event: 1.907 loading class org/jetbrains/skia/Surface$Companion done
Event: 1.908 loading class org/jetbrains/skia/SurfaceKt
Event: 1.908 loading class org/jetbrains/skia/SurfaceKt done
Event: 1.909 loading class org/jetbrains/skiko/SkiaLayer$draw$2
Event: 1.909 loading class org/jetbrains/skiko/SkiaLayer$draw$2 done
Event: 1.932 loading class org/jetbrains/skiko/RenderExceptionsHandler
Event: 1.932 loading class org/jetbrains/skiko/RenderExceptionsHandler done
Event: 1.933 loading class org/jetbrains/skiko/RenderExceptionsHandler$Companion
Event: 1.933 loading class org/jetbrains/skiko/RenderExceptionsHandler$Companion done


Dynamic libraries:
0x00007ff6471f0000 - 0x00007ff6471ff000 	C:\Program Files\Java\jdk-11.0.15\bin\java.exe
0x00007ffc6f930000 - 0x00007ffc6fb28000 	C:\WINDOWS\SYSTEM32\ntdll.dll
0x00007ffc6e7f0000 - 0x00007ffc6e8ad000 	C:\WINDOWS\System32\KERNEL32.DLL
0x00007ffc6d430000 - 0x00007ffc6d726000 	C:\WINDOWS\System32\KERNELBASE.dll
0x00007ffc6d730000 - 0x00007ffc6d830000 	C:\WINDOWS\System32\ucrtbase.dll
0x00007ffc67f00000 - 0x00007ffc67f15000 	C:\Program Files\Java\jdk-11.0.15\bin\VCRUNTIME140.dll
0x00007ffc67580000 - 0x00007ffc67598000 	C:\Program Files\Java\jdk-11.0.15\bin\jli.dll
0x00007ffc6eaa0000 - 0x00007ffc6eb4f000 	C:\WINDOWS\System32\ADVAPI32.dll
0x00007ffc6efd0000 - 0x00007ffc6f06e000 	C:\WINDOWS\System32\msvcrt.dll
0x00007ffc6f1f0000 - 0x00007ffc6f28c000 	C:\WINDOWS\System32\sechost.dll
0x00007ffc6f530000 - 0x00007ffc6f656000 	C:\WINDOWS\System32\RPCRT4.dll
0x00007ffc6f290000 - 0x00007ffc6f42e000 	C:\WINDOWS\System32\USER32.dll
0x00007ffc6d8e0000 - 0x00007ffc6d902000 	C:\WINDOWS\System32\win32u.dll
0x00007ffc5eee0000 - 0x00007ffc5f17a000 	C:\WINDOWS\WinSxS\amd64_microsoft.windows.common-controls_6595b64144ccf1df_6.0.19041.3636_none_60b6a03d71f818d5\COMCTL32.dll
0x00007ffc6f850000 - 0x00007ffc6f87c000 	C:\WINDOWS\System32\GDI32.dll
0x00007ffc6d010000 - 0x00007ffc6d12a000 	C:\WINDOWS\System32\gdi32full.dll
0x00007ffc6d300000 - 0x00007ffc6d39d000 	C:\WINDOWS\System32\msvcp_win.dll
0x00007ffc66420000 - 0x00007ffc6642a000 	C:\WINDOWS\SYSTEM32\VERSION.dll
0x00007ffc6ea70000 - 0x00007ffc6eaa0000 	C:\WINDOWS\System32\IMM32.DLL
0x00007ffc4bd80000 - 0x00007ffc4be1b000 	C:\Program Files\Java\jdk-11.0.15\bin\msvcp140.dll
0x00007ffc38080000 - 0x00007ffc38b96000 	C:\Program Files\Java\jdk-11.0.15\bin\server\jvm.dll
0x00007ffc6e5d0000 - 0x00007ffc6e5d8000 	C:\WINDOWS\System32\PSAPI.DLL
0x00007ffc543e0000 - 0x00007ffc543e9000 	C:\WINDOWS\SYSTEM32\WSOCK32.dll
0x00007ffc5f340000 - 0x00007ffc5f367000 	C:\WINDOWS\SYSTEM32\WINMM.dll
0x00007ffc6f880000 - 0x00007ffc6f8eb000 	C:\WINDOWS\System32\WS2_32.dll
0x00007ffc6aed0000 - 0x00007ffc6aee2000 	C:\WINDOWS\SYSTEM32\kernel.appcore.dll
0x00007ffc68c30000 - 0x00007ffc68c40000 	C:\Program Files\Java\jdk-11.0.15\bin\verify.dll
0x00007ffc583e0000 - 0x00007ffc585c4000 	C:\WINDOWS\SYSTEM32\DBGHELP.DLL
0x00007ffc582b0000 - 0x00007ffc582e4000 	C:\WINDOWS\SYSTEM32\dbgcore.DLL
0x00007ffc6d3a0000 - 0x00007ffc6d422000 	C:\WINDOWS\System32\bcryptPrimitives.dll
0x00007ffc66500000 - 0x00007ffc66528000 	C:\Program Files\Java\jdk-11.0.15\bin\java.dll
0x00007ffc671f0000 - 0x00007ffc671fa000 	C:\Program Files\Java\jdk-11.0.15\bin\jimage.dll
0x00007ffc66530000 - 0x00007ffc6653e000 	C:\Program Files\Java\jdk-11.0.15\bin\instrument.dll
0x00007ffc66ad0000 - 0x00007ffc66ae6000 	C:\Program Files\Java\jdk-11.0.15\bin\zip.dll
0x00007ffc6dd50000 - 0x00007ffc6e495000 	C:\WINDOWS\System32\SHELL32.dll
0x00007ffc6b0d0000 - 0x00007ffc6b86b000 	C:\WINDOWS\SYSTEM32\windows.storage.dll
0x00007ffc6d990000 - 0x00007ffc6dce4000 	C:\WINDOWS\System32\combase.dll
0x00007ffc6ca50000 - 0x00007ffc6ca7d000 	C:\WINDOWS\SYSTEM32\Wldp.dll
0x00007ffc6f6c0000 - 0x00007ffc6f76d000 	C:\WINDOWS\System32\SHCORE.dll
0x00007ffc6f190000 - 0x00007ffc6f1e5000 	C:\WINDOWS\System32\shlwapi.dll
0x00007ffc6cf40000 - 0x00007ffc6cf65000 	C:\WINDOWS\SYSTEM32\profapi.dll
0x00007ffc4dca0000 - 0x00007ffc4dcb9000 	C:\Program Files\Java\jdk-11.0.15\bin\net.dll
0x00007ffc64940000 - 0x00007ffc64a4a000 	C:\WINDOWS\SYSTEM32\WINHTTP.dll
0x00007ffc6c7b0000 - 0x00007ffc6c81a000 	C:\WINDOWS\system32\mswsock.dll
0x00007ffc4dc60000 - 0x00007ffc4dc72000 	C:\Program Files\Java\jdk-11.0.15\bin\nio.dll
0x00007ffc4dc20000 - 0x00007ffc4dc3a000 	C:\Program Files\JetBrains\IntelliJ IDEA Community Edition 2023.1\bin\breakgen64.dll
0x00007ffc3f720000 - 0x00007ffc3f8ba000 	C:\Program Files\Java\jdk-11.0.15\bin\awt.dll
0x00007ffc6e690000 - 0x00007ffc6e75d000 	C:\WINDOWS\System32\OLEAUT32.dll
0x00007ffc6a820000 - 0x00007ffc6a8b0000 	C:\WINDOWS\SYSTEM32\apphelp.dll
0x00007ffc6a910000 - 0x00007ffc6a9ae000 	C:\WINDOWS\system32\uxtheme.dll
0x00007ffc6f070000 - 0x00007ffc6f184000 	C:\WINDOWS\System32\MSCTF.dll
0x00007ffc6e4a0000 - 0x00007ffc6e5cb000 	C:\WINDOWS\System32\ole32.dll
0x00007ffc6acf0000 - 0x00007ffc6ad1f000 	C:\WINDOWS\system32\DWMAPI.DLL
0x00007ffc4ce00000 - 0x00007ffc4cf25000 	C:\WINDOWS\system32\opengl32.dll
0x00007ffc67290000 - 0x00007ffc672bc000 	C:\WINDOWS\SYSTEM32\GLU32.dll
0x00007ffc62000000 - 0x00007ffc621cd000 	C:\WINDOWS\system32\d3d9.dll
0x00007ffc62490000 - 0x00007ffc6257e000 	C:\WINDOWS\System32\DriverStore\FileRepository\nvacegpu.inf_amd64_e25761f22983456f\nvldumdx.dll
0x00007ffc6d1a0000 - 0x00007ffc6d2fd000 	C:\WINDOWS\System32\crypt32.dll
0x00007ffc6d130000 - 0x00007ffc6d197000 	C:\WINDOWS\System32\WINTRUST.DLL
0x00007ffc6cbe0000 - 0x00007ffc6cbf2000 	C:\WINDOWS\SYSTEM32\MSASN1.dll
0x00007ffc6f510000 - 0x00007ffc6f52d000 	C:\WINDOWS\System32\imagehlp.dll
0x00007ffc6c9a0000 - 0x00007ffc6c9b8000 	C:\WINDOWS\SYSTEM32\CRYPTSP.dll
0x00007ffc6c070000 - 0x00007ffc6c0a4000 	C:\WINDOWS\system32\rsaenh.dll
0x00007ffc6d910000 - 0x00007ffc6d937000 	C:\WINDOWS\System32\bcrypt.dll
0x00007ffc6c9c0000 - 0x00007ffc6c9cc000 	C:\WINDOWS\SYSTEM32\CRYPTBASE.dll
0x00007ffc17780000 - 0x00007ffc18c1b000 	C:\WINDOWS\System32\DriverStore\FileRepository\nvacegpu.inf_amd64_e25761f22983456f\nvd3dumx.dll
0x00007ffc6c5c0000 - 0x00007ffc6c60b000 	C:\WINDOWS\system32\powrprof.dll
0x00007ffc6c430000 - 0x00007ffc6c442000 	C:\WINDOWS\SYSTEM32\UMPDC.dll
0x00007ffc3e530000 - 0x00007ffc3e7e2000 	C:\WINDOWS\system32\nvspcap64.dll
0x00007ffc6c190000 - 0x00007ffc6c1c3000 	C:\WINDOWS\SYSTEM32\ntmarta.dll
0x00007ffc6b880000 - 0x00007ffc6b8a3000 	C:\WINDOWS\SYSTEM32\gpapi.dll
0x00007ffc61960000 - 0x00007ffc61991000 	C:\WINDOWS\SYSTEM32\cryptnet.dll
0x00007ffc628b0000 - 0x00007ffc628eb000 	C:\WINDOWS\SYSTEM32\dxcore.dll
0x00007ffc6d940000 - 0x00007ffc6d98e000 	C:\WINDOWS\System32\cfgmgr32.dll
0x00007ffc04a00000 - 0x00007ffc05a0f000 	C:\Users\Karl\.skiko\58752788008ddd92aea4562f2a41915f7f74e689ca70e0fbada57f009a92b9cf\skiko-windows-x64.dll
0x00007ffc4c650000 - 0x00007ffc4c6d6000 	C:\Program Files\Java\jdk-11.0.15\bin\freetype.dll
0x00007ffc4c510000 - 0x00007ffc4c5b5000 	C:\Program Files\Java\jdk-11.0.15\bin\fontmanager.dll
0x00007ffc4ef70000 - 0x00007ffc4ef77000 	C:\Program Files\Java\jdk-11.0.15\bin\jawt.dll
0x00007ffc6b8d0000 - 0x00007ffc6b9c3000 	C:\WINDOWS\SYSTEM32\Dxgi.dll
0x00007ffc4da70000 - 0x00007ffc4da96000 	C:\WINDOWS\SYSTEM32\D3D12.dll
0x00007ffc3eb90000 - 0x00007ffc3ed5d000 	C:\WINDOWS\SYSTEM32\D3D12Core.dll
0x00007ffbe18b0000 - 0x00007ffbe3e67000 	C:\WINDOWS\System32\DriverStore\FileRepository\nvacegpu.inf_amd64_e25761f22983456f\nvwgf2umx.dll
0x00007ffc4cd00000 - 0x00007ffc4cd2a000 	C:\WINDOWS\SYSTEM32\D3DSCache.dll
0x00007ffc6cf00000 - 0x00007ffc6cf2e000 	C:\WINDOWS\SYSTEM32\USERENV.dll
0x00007ffc661f0000 - 0x00007ffc663f3000 	C:\WINDOWS\SYSTEM32\twinapi.appcore.dll
0x00007ffc48610000 - 0x00007ffc4888f000 	C:\WINDOWS\SYSTEM32\dwrite.dll
0x00007ffc69c30000 - 0x00007ffc69e13000 	C:\WINDOWS\SYSTEM32\dcomp.dll

dbghelp: loaded successfully - version: 4.0.5 - missing functions: none
symbol engine: initialized successfully - sym options: 0x614 - pdb path: .;C:\Program Files\Java\jdk-11.0.15\bin;C:\WINDOWS\SYSTEM32;C:\WINDOWS\WinSxS\amd64_microsoft.windows.common-controls_6595b64144ccf1df_6.0.19041.3636_none_60b6a03d71f818d5;C:\Program Files\Java\jdk-11.0.15\bin\server;C:\Program Files\JetBrains\IntelliJ IDEA Community Edition 2023.1\bin;C:\WINDOWS\System32\DriverStore\FileRepository\nvacegpu.inf_amd64_e25761f22983456f;C:\Users\Karl\.skiko\58752788008ddd92aea4562f2a41915f7f74e689ca70e0fbada57f009a92b9cf

VM Arguments:
jvm_args: -Djava.library.path=C:\Users\Karl\Kotlin_Projects\Bond_Graph\build\classes\kotlin\jvm\main;C:\Users\Karl\Kotlin_Projects\Bond_Graph\build\processedResources\jvm\main -javaagent:C:\Program Files\JetBrains\IntelliJ IDEA Community Edition 2023.1\lib\idea_rt.jar=63403:C:\Program Files\JetBrains\IntelliJ IDEA Community Edition 2023.1\bin -Dfile.encoding=UTF-8 
java_command: userInterface.MainKt
java_class_path (initial): C:\Users\Karl\Kotlin_Projects\Bond_Graph\build\classes\kotlin\jvm\main;C:\Users\Karl\Kotlin_Projects\Bond_Graph\build\processedResources\jvm\main;C:\Users\Karl\.gradle\caches\modules-2\files-2.1\org.jetbrains.kotlin\kotlin-stdlib-jdk8\1.8.0\ed04f49e186a116753ad70d34f0ac2925d1d8020\kotlin-stdlib-jdk8-1.8.0.jar;C:\Users\Karl\.gradle\caches\modules-2\files-2.1\org.jetbrains.kotlinx\kotlinx-serialization-cbor-jvm\1.6.1\ad02def02f1e4d492b5fcf1967f805d5eeb47eeb\kotlinx-serialization-cbor-jvm-1.6.1.jar;C:\Users\Karl\.gradle\caches\modules-2\files-2.1\org.jetbrains.kotlin\kotlin-stdlib-jdk7\1.8.0\3c91271347f678c239607abb676d4032a7898427\kotlin-stdlib-jdk7-1.8.0.jar;C:\Users\Karl\.gradle\caches\modules-2\files-2.1\org.jetbrains.skiko\skiko-awt-runtime-windows-x64\0.7.50\659400d4c3644bd9fa21db987698ccd87ceedf3d\skiko-awt-runtime-windows-x64-0.7.50.jar;C:\Users\Karl\.gradle\caches\modules-2\files-2.1\org.jetbrains.kotlin\kotlin-stdlib\1.9.20\e58b4816ac517e9cc5df1db051120c63d4cde669\kotlin-stdlib-1.9.20.jar;C:\Users\Karl\.gradle\caches\modules-2\files-2.1\org.jetbrains.compose.desktop\desktop-jvm\1.3.0\e2b2c3df64b02dab8673daba012294d9ef5efb49\desktop-jvm-1.3.0.jar;C:\Users\Karl\.gradle\caches\modules-2\files-2.1\org.jetbrains\annotations\13.0\919f0dfe192fb4e063e7dacadee7f8bb9a2672a9\annotations-13.0.jar;C:\Users\Karl\.gradle\caches\modules-2\files-2.1\org.jetbrains.kotlinx\kotlinx-serialization-core-jvm\1.6.1\986703783e1c8f07f0b66d86c9101d1e5aa5c71a\kotlinx-serialization-core-jvm-1.6.1.jar;C:\Users\Karl\.gradle\caches\modules-2\files-2.1\org.jetbrains.compose.material\material-desktop\1.3.0\aee6d5f9630e14e42be059bb1e0a1a409aa8076\material-desktop-1.3.0.jar;C:\Users\Karl\.gradle\caches\modules-2\files-2.1\org.jetbrains.compose.foundation\foundation-desktop\1.3.0\22ab58187358e52e14714a61b0224317fc9af567\foundation-desktop-1.3.0.jar;C:\Users\Karl\.gradle\caches\modules-2\files-2.1\org.jetbrains.compose.ui\ui-desktop\1.3.0\33fe21065b205dc251cdee9d457e45
Launcher Type: SUN_STANDARD

[Global flags]
     intx CICompilerCount                          = 4                                         {product} {ergonomic}
     uint ConcGCThreads                            = 2                                         {product} {ergonomic}
     uint G1ConcRefinementThreads                  = 8                                         {product} {ergonomic}
   size_t G1HeapRegionSize                         = 1048576                                   {product} {ergonomic}
    uintx GCDrainStackTargetSize                   = 64                                        {product} {ergonomic}
   size_t InitialHeapSize                          = 268435456                                 {product} {ergonomic}
   size_t MarkStackSize                            = 4194304                                   {product} {ergonomic}
   size_t MaxHeapSize                              = 4280287232                                {product} {ergonomic}
   size_t MaxNewSize                               = 2567962624                                {product} {ergonomic}
   size_t MinHeapDeltaBytes                        = 1048576                                   {product} {ergonomic}
    uintx NonNMethodCodeHeapSize                   = 5836300                                {pd product} {ergonomic}
    uintx NonProfiledCodeHeapSize                  = 122910970                              {pd product} {ergonomic}
    uintx ProfiledCodeHeapSize                     = 122910970                              {pd product} {ergonomic}
    uintx ReservedCodeCacheSize                    = 251658240                              {pd product} {ergonomic}
     bool SegmentedCodeCache                       = true                                      {product} {ergonomic}
     bool UseCompressedClassPointers               = true                                 {lp64_product} {ergonomic}
     bool UseCompressedOops                        = true                                 {lp64_product} {ergonomic}
     bool UseG1GC                                  = true                                      {product} {ergonomic}
     bool UseLargePagesIndividualAllocation        = false                                  {pd product} {ergonomic}

Logging:
Log output configuration:
 #0: stdout all=warning uptime,level,tags
 #1: stderr all=off uptime,level,tags

Environment Variables:
JAVA_HOME=C:\Program Files\Java\jdk11.0.15
PATH=C:\Program Files\Common Files\Oracle\Java\javapath;C:\Program Files\Oracle\VirtualBox;C:\Python27\Scripts;C:\Program Files\Java\jdk-10.0.2;C:\Program Files (x86)\Intel\iCLS Client\;C:\Program Files\Intel\iCLS Client\;C:\Windows\system32;C:\Windows;C:\Windows\System32\Wbem;C:\Windows\System32\WindowsPowerShell\v1.0\;C:\Program Files (x86)\NVIDIA Corporation\PhysX\Common;C:\Program Files (x86)\Intel\Intel(R) Management Engine Components\DAL;C:\Program Files\Intel\Intel(R) Management Engine Components\DAL;C:\Program Files (x86)\Intel\Intel(R) Management Engine Components\IPT;C:\Program Files\Intel\Intel(R) Management Engine Components\IPT;C:\WINDOWS\system32;C:\WINDOWS;C:\WINDOWS\System32\Wbem;C:\WINDOWS\System32\WindowsPowerShell\v1.0\;C:\WINDOWS\System32\OpenSSH\;C:\Program Files\FFMPEG;C:\Program Files\Java\jdk-10.0.2\bin;C:\Users\Karl\AppData\Local\Android\Sdk\platform-tools;C:\Program Files\dotnet\;C:\Program Files\Microsoft SQL Server\130\Tools\Binn\;C:\Program Files\Microsoft SQL Server\Client SDK\ODBC\170\Tools\Binn\;C:\Program Files\CMake\bin;C:\Program Files\NVIDIA Corporation\NVIDIA NvDLISR;C:\Program Files (x86)\IncrediBuild;C:\Program Files\Microsoft VS Code\bin;C:\Program Files (x86)\Yarn\bin\;C:\ProgramData\chocolatey\bin;C:\Program Files\nodejs\;C:\Program Files (x86)\Vagrant\bin;C:\WINDOWS\system32;C:\WINDOWS;C:\WINDOWS\System32\Wbem;C:\WINDOWS\System32\WindowsPowerShell\v1.0\;C:\WINDOWS\System32\OpenSSH\;C:\Program Files\Git\cmd;C:\Users\Karl\AppData\Local\Microsoft\WindowsApps;C:\Users\Karl\AppData\Local\Yarn\bin;C:\Users\Karl\AppData\Roaming\npm;C:\Program Files\JetBrains\IntelliJ IDEA Community Edition 2019.2.1\bin;C:\Program Files\Android\Android Studio;C:\Users\Karl\AppData\Local\gitkraken\bin;C:\Program Files\JetBrains\IntelliJ IDEA Community Edition 2023.1\bin;C:\Program Files (x86)\Pinnacle\Shared Files;C:\Program Files (x86)\Pinnacle\Shared Files\Filter
USERNAME=Karl
OS=Windows_NT
PROCESSOR_IDENTIFIER=Intel64 Family 6 Model 158 Stepping 9, GenuineIntel



---------------  S Y S T E M  ---------------

OS: Windows 10 , 64 bit Build 19041 (10.0.19041.3636)

CPU:total 8 (initial active 8) (4 cores per cpu, 2 threads per core) family 6 model 158 stepping 9 microcode 0xb4, cmov, cx8, fxsr, mmx, sse, sse2, sse3, ssse3, sse4.1, sse4.2, popcnt, avx, avx2, aes, clmul, erms, 3dnowpref, lzcnt, ht, tsc, tscinvbit, bmi1, bmi2, adx, fma

Memory: 4k page, system-wide physical 16324M (3996M free)
TotalPageFile size 19824M (AvailPageFile size 12M)
current process WorkingSet (physical memory assigned to process): 215M, peak: 215M
current process commit charge ("private bytes"): 481M, peak: 512M

vm_info: Java HotSpot(TM) 64-Bit Server VM (11.0.15+8-LTS-149) for windows-amd64 JRE (11.0.15+8-LTS-149), built on Mar  9 2022 22:42:32 by "mach5one" with MS VC++ 15.9 (VS2017)

END.
