#
# A fatal error has been detected by the Java Runtime Environment:
#
#  EXCEPTION_ACCESS_VIOLATION (0xc0000005) at pc=0x00007ffcf8f23658, pid=808, tid=2428
#
# JRE version: Java(TM) SE Runtime Environment 18.9 (11.0.15+8) (build 11.0.15+8-LTS-149)
# Java VM: Java HotSpot(TM) 64-Bit Server VM 18.9 (11.0.15+8-LTS-149, mixed mode, tiered, compressed oops, g1 gc, windows-amd64)
# Problematic frame:
# V  [jvm.dll+0x3b3658]
#
# No core dump will be written. Minidumps are not enabled by default on client versions of Windows
#
# If you would like to submit a bug report, please visit:
#   https://bugreport.java.com/bugreport/crash.jsp
#

---------------  S U M M A R Y ------------

Command Line: -Djava.library.path=C:\Users\Karl\Kotlin_Projects\Bond_Graph\build\classes\kotlin\jvm\main;C:\Users\Karl\Kotlin_Projects\Bond_Graph\build\processedResources\jvm\main -javaagent:C:\Program Files\JetBrains\IntelliJ IDEA Community Edition 2023.1\lib\idea_rt.jar=51851:C:\Program Files\JetBrains\IntelliJ IDEA Community Edition 2023.1\bin -Dfile.encoding=UTF-8 MainKt

Host: Intel(R) Core(TM) i7-7700HQ CPU @ 2.80GHz, 8 cores, 15G,  Windows 10 , 64 bit Build 19041 (10.0.19041.3570)
Time: Wed Oct 25 09:51:57 2023 Pacific Daylight Time elapsed time: 1.848773 seconds (0d 0h 0m 1s)

---------------  T H R E A D  ---------------

Current thread (0x000001722e700800):  JavaThread "AWT-EventQueue-0" [_thread_in_vm, id=2428, stack(0x0000005236a00000,0x0000005236b00000)]

Stack: [0x0000005236a00000,0x0000005236b00000],  sp=0x0000005236afb760,  free space=1005k
Native frames: (J=compiled Java code, j=interpreted, Vv=VM code, C=native code)
V  [jvm.dll+0x3b3658]
C  [skiko-windows-x64.dll+0x57d8c]

Java frames: (J=compiled Java code, j=interpreted, Vv=VM code)
j  org.jetbrains.skiko.context.Direct3DContextHandler.flush(JJ)V+0
j  org.jetbrains.skiko.context.Direct3DContextHandler.flush()V+30
j  org.jetbrains.skiko.context.ContextHandler.draw()V+87
j  org.jetbrains.skiko.redrawer.Direct3DRedrawer.drawAndSwap(Z)V+21
j  org.jetbrains.skiko.redrawer.Direct3DRedrawer.redrawImmediately()V+180
j  org.jetbrains.skiko.SkiaLayer.paint(Ljava/awt/Graphics;)V+51
j  androidx.compose.ui.awt.ComposeLayer$ComponentImpl.paint(Ljava/awt/Graphics;)V+12
j  javax.swing.JComponent.paintChildren(Ljava/awt/Graphics;)V+523 java.desktop@11.0.15
j  javax.swing.JComponent.paint(Ljava/awt/Graphics;)V+318 java.desktop@11.0.15
j  javax.swing.JLayeredPane.paint(Ljava/awt/Graphics;)V+73 java.desktop@11.0.15
j  javax.swing.JComponent.paintChildren(Ljava/awt/Graphics;)V+523 java.desktop@11.0.15
j  javax.swing.JComponent.paint(Ljava/awt/Graphics;)V+318 java.desktop@11.0.15
j  androidx.compose.ui.window.Window_desktopKt$Window$11$1.invoke(Landroidx/compose/ui/awt/ComposeWindow;)V+70
j  androidx.compose.ui.window.Window_desktopKt$Window$11$1.invoke(Ljava/lang/Object;)Ljava/lang/Object;+5
j  androidx.compose.ui.window.AwtWindow_desktopKt$AwtWindow$3.invoke()V+13
j  androidx.compose.ui.window.AwtWindow_desktopKt$AwtWindow$3.invoke()Ljava/lang/Object;+1
j  androidx.compose.ui.util.UpdateEffect_desktopKt$UpdateEffect$2$performUpdate$1.invoke()V+7
j  androidx.compose.ui.util.UpdateEffect_desktopKt$UpdateEffect$2$performUpdate$1.invoke()Ljava/lang/Object;+1
j  androidx.compose.runtime.snapshots.Snapshot$Companion.observe(Lkotlin/jvm/functions/Function1;Lkotlin/jvm/functions/Function1;Lkotlin/jvm/functions/Function0;)Ljava/lang/Object;+108
j  androidx.compose.runtime.snapshots.SnapshotStateObserver$observeReads$1$1.invoke()V+15
j  androidx.compose.runtime.snapshots.SnapshotStateObserver$observeReads$1$1.invoke()Ljava/lang/Object;+1
j  androidx.compose.runtime.SnapshotStateKt__DerivedStateKt.observeDerivedStateRecalculations(Lkotlin/jvm/functions/Function1;Lkotlin/jvm/functions/Function1;Lkotlin/jvm/functions/Function0;)V+94
j  androidx.compose.runtime.SnapshotStateKt.observeDerivedStateRecalculations(Lkotlin/jvm/functions/Function1;Lkotlin/jvm/functions/Function1;Lkotlin/jvm/functions/Function0;)V+3
j  androidx.compose.runtime.snapshots.SnapshotStateObserver.observeReads(Ljava/lang/Object;Lkotlin/jvm/functions/Function1;Lkotlin/jvm/functions/Function0;)V+184
j  androidx.compose.ui.util.UpdateEffect_desktopKt$UpdateEffect$2.invoke$performUpdate(Landroidx/compose/runtime/snapshots/SnapshotStateObserver;Lkotlin/jvm/internal/Ref$ObjectRef;Landroidx/compose/runtime/State;)V+38
j  androidx.compose.ui.util.UpdateEffect_desktopKt$UpdateEffect$2.invoke(Landroidx/compose/runtime/DisposableEffectScope;)Landroidx/compose/runtime/DisposableEffectResult;+59
j  androidx.compose.ui.util.UpdateEffect_desktopKt$UpdateEffect$2.invoke(Ljava/lang/Object;)Ljava/lang/Object;+5
j  androidx.compose.runtime.DisposableEffectImpl.onRemembered()V+8
j  androidx.compose.runtime.CompositionImpl$RememberEventDispatcher.dispatchRememberObservers()V+234
j  androidx.compose.runtime.CompositionImpl.applyChangesInLocked(Ljava/util/List;)V+246
j  androidx.compose.runtime.CompositionImpl.applyChanges()V+41
j  androidx.compose.runtime.Recomposer.composeInitial$runtime(Landroidx/compose/runtime/ControlledComposition;Lkotlin/jvm/functions/Function2;)V+271
j  androidx.compose.runtime.CompositionImpl.setContent(Lkotlin/jvm/functions/Function2;)V+55
j  androidx.compose.ui.window.Application_desktopKt$awaitApplication$2$1$2.invokeSuspend(Ljava/lang/Object;)Ljava/lang/Object;+89
j  kotlin.coroutines.jvm.internal.BaseContinuationImpl.resumeWith(Ljava/lang/Object;)V+44
j  kotlinx.coroutines.DispatchedTask.run()V+314
j  java.awt.event.InvocationEvent.dispatch()V+47 java.desktop@11.0.15
j  java.awt.EventQueue.dispatchEventImpl(Ljava/awt/AWTEvent;Ljava/lang/Object;)V+21 java.desktop@11.0.15
j  java.awt.EventQueue$4.run()Ljava/lang/Void;+32 java.desktop@11.0.15
j  java.awt.EventQueue$4.run()Ljava/lang/Object;+1 java.desktop@11.0.15
v  ~StubRoutines::call_stub
j  java.security.AccessController.doPrivileged(Ljava/security/PrivilegedAction;Ljava/security/AccessControlContext;)Ljava/lang/Object;+0 java.base@11.0.15
j  java.security.ProtectionDomain$JavaSecurityAccessImpl.doIntersectionPrivilege(Ljava/security/PrivilegedAction;Ljava/security/AccessControlContext;Ljava/security/AccessControlContext;)Ljava/lang/Object;+18 java.base@11.0.15
j  java.awt.EventQueue.dispatchEvent(Ljava/awt/AWTEvent;)V+46 java.desktop@11.0.15
j  java.awt.EventDispatchThread.pumpOneEventForFilters(I)V+78 java.desktop@11.0.15
j  java.awt.EventDispatchThread.pumpEventsForFilter(ILjava/awt/Conditional;Ljava/awt/EventFilter;)V+35 java.desktop@11.0.15
j  java.awt.EventDispatchThread.pumpEventsForHierarchy(ILjava/awt/Conditional;Ljava/awt/Component;)V+11 java.desktop@11.0.15
j  java.awt.EventDispatchThread.pumpEvents(ILjava/awt/Conditional;)V+4 java.desktop@11.0.15
j  java.awt.EventDispatchThread.pumpEvents(Ljava/awt/Conditional;)V+3 java.desktop@11.0.15
j  java.awt.EventDispatchThread.run()V+9 java.desktop@11.0.15
v  ~StubRoutines::call_stub

siginfo: EXCEPTION_ACCESS_VIOLATION (0xc0000005), reading address 0x0000000000000000


Register to memory mapping:

RIP=0x00007ffcf8f23658 jvm.dll
RAX=0x0 is NULL
RBX=0x000001722e700800 is a thread
RCX=0xa2f749bce1da0000 is an unknown value
RDX=0x0000000000000006 is an unknown value
RSP=0x0000005236afb760 is pointing into the stack for thread: 0x000001722e700800
RBP=0x000001722e700b48 points into unknown readable memory: 0x00007ffcf9551d10 | 10 1d 55 f9 fc 7f 00 00
RSI=0x0 is NULL
RDI=0x000001722e700800 is a thread
R8 =0x0 is NULL
R9 =0x0000005236afb868 is pointing into the stack for thread: 0x000001722e700800
R10=0x000001722e700800 is a thread
R11=0x0000005236afb758 is pointing into the stack for thread: 0x000001722e700800
R12=0x0 is NULL
R13={method} {0x000001723889ce70} 'flush' '(JJ)V' in 'org/jetbrains/skiko/context/Direct3DContextHandler'
R14=0x0 is NULL
R15=0x0000005236afb868 is pointing into the stack for thread: 0x000001722e700800


Registers:
RAX=0x0000000000000000, RBX=0x000001722e700800, RCX=0xa2f749bce1da0000, RDX=0x0000000000000006
RSP=0x0000005236afb760, RBP=0x000001722e700b48, RSI=0x0000000000000000, RDI=0x000001722e700800
R8 =0x0000000000000000, R9 =0x0000005236afb868, R10=0x000001722e700800, R11=0x0000005236afb758
R12=0x0000000000000000, R13=0x000001723889ce68, R14=0x0000000000000000, R15=0x0000005236afb868
RIP=0x00007ffcf8f23658, EFLAGS=0x0000000000010206

Top of Stack: (sp=0x0000005236afb760)
0x0000005236afb760:   000001722e700800 0000000000000000
0x0000005236afb770:   000001722e700800 0000000000000081
0x0000005236afb780:   000001723889ce68 0000000000000010
0x0000005236afb790:   0000000000000000 00007ffcf8f494cb
0x0000005236afb7a0:   0000000000000000 000001722e700800
0x0000005236afb7b0:   000001722e700800 000001722e346358
0x0000005236afb7c0:   0000005200000556 00007ffcf93ec8d8
0x0000005236afb7d0:   0000000000000000 0000000000000000
0x0000005236afb7e0:   0000000000000000 00007ffcf8f0ed9a
0x0000005236afb7f0:   000001722e700800 000001722e700800
0x0000005236afb800:   000001722e700800 0000005236afbad8
0x0000005236afb810:   000001722f102ae4 00007ffcf7bb7d8c
0x0000005236afb820:   000001722e700800 000001722e700b48
0x0000005236afb830:   0000005236afba98 0000000000000000
0x0000005236afb840:   000001722f102ae4 00007ffcf7bb824c
0x0000005236afb850:   000001722e700800 000001722e700b48 

Instructions: (pc=0x00007ffcf8f23658)
0x00007ffcf8f23638:   ff 48 83 7b 08 00 48 89 5c 24 50 48 c7 44 24 58
0x00007ffcf8f23648:   00 00 00 00 74 0a 48 8d 4c 24 50 e8 f8 78 2a 00
0x00007ffcf8f23658:   49 8b 06 48 8d 4c 24 70 c7 44 24 40 0e 00 00 00
0x00007ffcf8f23668:   48 8b 50 08 0f b7 42 2c 48 8b 52 08 48 8b 54 c2 


Stack slot to memory mapping:
stack at sp + 0 slots: 0x000001722e700800 is a thread
stack at sp + 1 slots: 0x0 is NULL
stack at sp + 2 slots: 0x000001722e700800 is a thread
stack at sp + 3 slots: 0x0000000000000081 is an unknown value
stack at sp + 4 slots: {method} {0x000001723889ce70} 'flush' '(JJ)V' in 'org/jetbrains/skiko/context/Direct3DContextHandler'
stack at sp + 5 slots: 0x0000000000000010 is an unknown value
stack at sp + 6 slots: 0x0 is NULL
stack at sp + 7 slots: 0x00007ffcf8f494cb jvm.dll


---------------  P R O C E S S  ---------------

Threads class SMR info:
_java_thread_list=0x000001722ef6c630, length=21, elements={
0x000001720a4bf000, 0x000001722d1b3000, 0x000001722da6a000, 0x000001722d1d9800,
0x000001722d1da800, 0x000001722d1dd800, 0x000001722dac7800, 0x000001722dace000,
0x000001722dacf000, 0x000001722dc32000, 0x000001722df50800, 0x000001722e6be800,
0x000001722e31d800, 0x000001722e31e800, 0x000001722e700800, 0x000001722f175800,
0x000001722f0c2800, 0x000001722f55c800, 0x000001722f6a8000, 0x0000017236cb4800,
0x0000017236cb2000
}

Java Threads: ( => current thread )
  0x000001720a4bf000 JavaThread "main" [_thread_blocked, id=20816, stack(0x0000005235400000,0x0000005235500000)]
  0x000001722d1b3000 JavaThread "Reference Handler" daemon [_thread_blocked, id=21904, stack(0x0000005235b00000,0x0000005235c00000)]
  0x000001722da6a000 JavaThread "Finalizer" daemon [_thread_blocked, id=6344, stack(0x0000005235c00000,0x0000005235d00000)]
  0x000001722d1d9800 JavaThread "Signal Dispatcher" daemon [_thread_blocked, id=29828, stack(0x0000005235d00000,0x0000005235e00000)]
  0x000001722d1da800 JavaThread "Attach Listener" daemon [_thread_blocked, id=2052, stack(0x0000005235e00000,0x0000005235f00000)]
  0x000001722d1dd800 JavaThread "Service Thread" daemon [_thread_blocked, id=20584, stack(0x0000005235f00000,0x0000005236000000)]
  0x000001722dac7800 JavaThread "C2 CompilerThread0" daemon [_thread_blocked, id=31620, stack(0x0000005236000000,0x0000005236100000)]
  0x000001722dace000 JavaThread "C1 CompilerThread0" daemon [_thread_blocked, id=15592, stack(0x0000005236100000,0x0000005236200000)]
  0x000001722dacf000 JavaThread "Sweeper thread" daemon [_thread_blocked, id=19348, stack(0x0000005236200000,0x0000005236300000)]
  0x000001722dc32000 JavaThread "Common-Cleaner" daemon [_thread_blocked, id=11652, stack(0x0000005236300000,0x0000005236400000)]
  0x000001722df50800 JavaThread "Monitor Ctrl-Break" daemon [_thread_in_native, id=17280, stack(0x0000005236500000,0x0000005236600000)]
  0x000001722e6be800 JavaThread "Java2D Disposer" daemon [_thread_blocked, id=30644, stack(0x0000005236700000,0x0000005236800000)]
  0x000001722e31d800 JavaThread "AWT-Shutdown" [_thread_blocked, id=9144, stack(0x0000005236800000,0x0000005236900000)]
  0x000001722e31e800 JavaThread "AWT-Windows" daemon [_thread_in_native, id=9868, stack(0x0000005236900000,0x0000005236a00000)]
=>0x000001722e700800 JavaThread "AWT-EventQueue-0" [_thread_in_vm, id=2428, stack(0x0000005236a00000,0x0000005236b00000)]
  0x000001722f175800 JavaThread "DefaultDispatcher-worker-1" daemon [_thread_blocked, id=4896, stack(0x0000005237300000,0x0000005237400000)]
  0x000001722f0c2800 JavaThread "DefaultDispatcher-worker-2" daemon [_thread_blocked, id=25384, stack(0x0000005237400000,0x0000005237500000)]
  0x000001722f55c800 JavaThread "DefaultDispatcher-worker-3" daemon [_thread_blocked, id=25164, stack(0x0000005237500000,0x0000005237600000)]
  0x000001722f6a8000 JavaThread "kotlinx.coroutines.DefaultExecutor" daemon [_thread_blocked, id=22720, stack(0x0000005237600000,0x0000005237700000)]
  0x0000017236cb4800 JavaThread "Reference Cleaner" daemon [_thread_blocked, id=28152, stack(0x0000005237700000,0x0000005237800000)]
  0x0000017236cb2000 JavaThread "D3D Screen Updater" daemon [_thread_blocked, id=21644, stack(0x0000005237a00000,0x0000005237b00000)]

Other Threads:
  0x000001722d1b0000 VMThread "VM Thread" [stack: 0x0000005235a00000,0x0000005235b00000] [id=31700]
  0x000001722e00d800 WatcherThread [stack: 0x0000005236600000,0x0000005236700000] [id=25376]
  0x000001720a4d3000 GCTaskThread "GC Thread#0" [stack: 0x0000005235500000,0x0000005235600000] [id=6468]
  0x000001722ef06800 GCTaskThread "GC Thread#1" [stack: 0x0000005236d00000,0x0000005236e00000] [id=18532]
  0x000001722ef24000 GCTaskThread "GC Thread#2" [stack: 0x0000005236e00000,0x0000005236f00000] [id=15960]
  0x000001722ef24800 GCTaskThread "GC Thread#3" [stack: 0x0000005236f00000,0x0000005237000000] [id=24928]
  0x000001722ef27000 GCTaskThread "GC Thread#4" [stack: 0x0000005237000000,0x0000005237100000] [id=26824]
  0x000001722ef28000 GCTaskThread "GC Thread#5" [stack: 0x0000005237100000,0x0000005237200000] [id=7032]
  0x000001720a530800 ConcurrentGCThread "G1 Main Marker" [stack: 0x0000005235600000,0x0000005235700000] [id=16932]
  0x000001720a532000 ConcurrentGCThread "G1 Conc#0" [stack: 0x0000005235700000,0x0000005235800000] [id=24780]
  0x000001722ef77000 ConcurrentGCThread "G1 Conc#1" [stack: 0x0000005237200000,0x0000005237300000] [id=25644]
  0x000001722d096000 ConcurrentGCThread "G1 Refine#0" [stack: 0x0000005235800000,0x0000005235900000] [id=22536]
  0x000001722d097000 ConcurrentGCThread "G1 Young RemSet Sampling" [stack: 0x0000005235900000,0x0000005235a00000] [id=5928]

Threads with active compile tasks:

VM state:not at safepoint (normal execution)

VM Mutex/Monitor currently owned by a thread: None

Heap address: 0x0000000700e00000, size: 4082 MB, Compressed Oops mode: Zero based, Oop shift amount: 3
Narrow klass base: 0x0000000800000000, Narrow klass shift: 0
Compressed class space size: 1073741824 Address: 0x0000000800000000

Heap:
 garbage-first heap   total 262144K, used 30077K [0x0000000700e00000, 0x0000000800000000)
  region size 1024K, 31 young (31744K), 5 survivors (5120K)
 Metaspace       used 25695K, capacity 26091K, committed 26160K, reserved 1073152K
  class space    used 2696K, capacity 2904K, committed 2944K, reserved 1048576K
Heap Regions: E=young(eden), S=young(survivor), O=old, HS=humongous(starts), HC=humongous(continues), CS=collection set, F=free, A=archive, TAMS=top-at-mark-start (previous, next)
|   0|0x0000000700e00000, 0x0000000700e00000, 0x0000000700f00000|  0%| F|  |TAMS 0x0000000700e00000, 0x0000000700e00000| Untracked 
|   1|0x0000000700f00000, 0x0000000700f00000, 0x0000000701000000|  0%| F|  |TAMS 0x0000000700f00000, 0x0000000700f00000| Untracked 
|   2|0x0000000701000000, 0x0000000701000000, 0x0000000701100000|  0%| F|  |TAMS 0x0000000701000000, 0x0000000701000000| Untracked 
|   3|0x0000000701100000, 0x0000000701100000, 0x0000000701200000|  0%| F|  |TAMS 0x0000000701100000, 0x0000000701100000| Untracked 
|   4|0x0000000701200000, 0x0000000701200000, 0x0000000701300000|  0%| F|  |TAMS 0x0000000701200000, 0x0000000701200000| Untracked 
|   5|0x0000000701300000, 0x0000000701300000, 0x0000000701400000|  0%| F|  |TAMS 0x0000000701300000, 0x0000000701300000| Untracked 
|   6|0x0000000701400000, 0x0000000701400000, 0x0000000701500000|  0%| F|  |TAMS 0x0000000701400000, 0x0000000701400000| Untracked 
|   7|0x0000000701500000, 0x0000000701500000, 0x0000000701600000|  0%| F|  |TAMS 0x0000000701500000, 0x0000000701500000| Untracked 
|   8|0x0000000701600000, 0x0000000701600000, 0x0000000701700000|  0%| F|  |TAMS 0x0000000701600000, 0x0000000701600000| Untracked 
|   9|0x0000000701700000, 0x0000000701700000, 0x0000000701800000|  0%| F|  |TAMS 0x0000000701700000, 0x0000000701700000| Untracked 
|  10|0x0000000701800000, 0x0000000701800000, 0x0000000701900000|  0%| F|  |TAMS 0x0000000701800000, 0x0000000701800000| Untracked 
|  11|0x0000000701900000, 0x0000000701900000, 0x0000000701a00000|  0%| F|  |TAMS 0x0000000701900000, 0x0000000701900000| Untracked 
|  12|0x0000000701a00000, 0x0000000701a00000, 0x0000000701b00000|  0%| F|  |TAMS 0x0000000701a00000, 0x0000000701a00000| Untracked 
|  13|0x0000000701b00000, 0x0000000701b00000, 0x0000000701c00000|  0%| F|  |TAMS 0x0000000701b00000, 0x0000000701b00000| Untracked 
|  14|0x0000000701c00000, 0x0000000701c00000, 0x0000000701d00000|  0%| F|  |TAMS 0x0000000701c00000, 0x0000000701c00000| Untracked 
|  15|0x0000000701d00000, 0x0000000701d00000, 0x0000000701e00000|  0%| F|  |TAMS 0x0000000701d00000, 0x0000000701d00000| Untracked 
|  16|0x0000000701e00000, 0x0000000701e00000, 0x0000000701f00000|  0%| F|  |TAMS 0x0000000701e00000, 0x0000000701e00000| Untracked 
|  17|0x0000000701f00000, 0x0000000701f00000, 0x0000000702000000|  0%| F|  |TAMS 0x0000000701f00000, 0x0000000701f00000| Untracked 
|  18|0x0000000702000000, 0x0000000702000000, 0x0000000702100000|  0%| F|  |TAMS 0x0000000702000000, 0x0000000702000000| Untracked 
|  19|0x0000000702100000, 0x0000000702100000, 0x0000000702200000|  0%| F|  |TAMS 0x0000000702100000, 0x0000000702100000| Untracked 
|  20|0x0000000702200000, 0x0000000702200000, 0x0000000702300000|  0%| F|  |TAMS 0x0000000702200000, 0x0000000702200000| Untracked 
|  21|0x0000000702300000, 0x0000000702300000, 0x0000000702400000|  0%| F|  |TAMS 0x0000000702300000, 0x0000000702300000| Untracked 
|  22|0x0000000702400000, 0x0000000702400000, 0x0000000702500000|  0%| F|  |TAMS 0x0000000702400000, 0x0000000702400000| Untracked 
|  23|0x0000000702500000, 0x0000000702500000, 0x0000000702600000|  0%| F|  |TAMS 0x0000000702500000, 0x0000000702500000| Untracked 
|  24|0x0000000702600000, 0x0000000702600000, 0x0000000702700000|  0%| F|  |TAMS 0x0000000702600000, 0x0000000702600000| Untracked 
|  25|0x0000000702700000, 0x0000000702700000, 0x0000000702800000|  0%| F|  |TAMS 0x0000000702700000, 0x0000000702700000| Untracked 
|  26|0x0000000702800000, 0x0000000702800000, 0x0000000702900000|  0%| F|  |TAMS 0x0000000702800000, 0x0000000702800000| Untracked 
|  27|0x0000000702900000, 0x0000000702900000, 0x0000000702a00000|  0%| F|  |TAMS 0x0000000702900000, 0x0000000702900000| Untracked 
|  28|0x0000000702a00000, 0x0000000702a00000, 0x0000000702b00000|  0%| F|  |TAMS 0x0000000702a00000, 0x0000000702a00000| Untracked 
|  29|0x0000000702b00000, 0x0000000702b00000, 0x0000000702c00000|  0%| F|  |TAMS 0x0000000702b00000, 0x0000000702b00000| Untracked 
|  30|0x0000000702c00000, 0x0000000702c00000, 0x0000000702d00000|  0%| F|  |TAMS 0x0000000702c00000, 0x0000000702c00000| Untracked 
|  31|0x0000000702d00000, 0x0000000702d00000, 0x0000000702e00000|  0%| F|  |TAMS 0x0000000702d00000, 0x0000000702d00000| Untracked 
|  32|0x0000000702e00000, 0x0000000702e00000, 0x0000000702f00000|  0%| F|  |TAMS 0x0000000702e00000, 0x0000000702e00000| Untracked 
|  33|0x0000000702f00000, 0x0000000702f00000, 0x0000000703000000|  0%| F|  |TAMS 0x0000000702f00000, 0x0000000702f00000| Untracked 
|  34|0x0000000703000000, 0x0000000703000000, 0x0000000703100000|  0%| F|  |TAMS 0x0000000703000000, 0x0000000703000000| Untracked 
|  35|0x0000000703100000, 0x0000000703100000, 0x0000000703200000|  0%| F|  |TAMS 0x0000000703100000, 0x0000000703100000| Untracked 
|  36|0x0000000703200000, 0x0000000703200000, 0x0000000703300000|  0%| F|  |TAMS 0x0000000703200000, 0x0000000703200000| Untracked 
|  37|0x0000000703300000, 0x0000000703300000, 0x0000000703400000|  0%| F|  |TAMS 0x0000000703300000, 0x0000000703300000| Untracked 
|  38|0x0000000703400000, 0x0000000703400000, 0x0000000703500000|  0%| F|  |TAMS 0x0000000703400000, 0x0000000703400000| Untracked 
|  39|0x0000000703500000, 0x0000000703500000, 0x0000000703600000|  0%| F|  |TAMS 0x0000000703500000, 0x0000000703500000| Untracked 
|  40|0x0000000703600000, 0x0000000703600000, 0x0000000703700000|  0%| F|  |TAMS 0x0000000703600000, 0x0000000703600000| Untracked 
|  41|0x0000000703700000, 0x0000000703700000, 0x0000000703800000|  0%| F|  |TAMS 0x0000000703700000, 0x0000000703700000| Untracked 
|  42|0x0000000703800000, 0x0000000703800000, 0x0000000703900000|  0%| F|  |TAMS 0x0000000703800000, 0x0000000703800000| Untracked 
|  43|0x0000000703900000, 0x0000000703900000, 0x0000000703a00000|  0%| F|  |TAMS 0x0000000703900000, 0x0000000703900000| Untracked 
|  44|0x0000000703a00000, 0x0000000703a00000, 0x0000000703b00000|  0%| F|  |TAMS 0x0000000703a00000, 0x0000000703a00000| Untracked 
|  45|0x0000000703b00000, 0x0000000703b00000, 0x0000000703c00000|  0%| F|  |TAMS 0x0000000703b00000, 0x0000000703b00000| Untracked 
|  46|0x0000000703c00000, 0x0000000703c00000, 0x0000000703d00000|  0%| F|  |TAMS 0x0000000703c00000, 0x0000000703c00000| Untracked 
|  47|0x0000000703d00000, 0x0000000703d00000, 0x0000000703e00000|  0%| F|  |TAMS 0x0000000703d00000, 0x0000000703d00000| Untracked 
|  48|0x0000000703e00000, 0x0000000703e00000, 0x0000000703f00000|  0%| F|  |TAMS 0x0000000703e00000, 0x0000000703e00000| Untracked 
|  49|0x0000000703f00000, 0x0000000703f00000, 0x0000000704000000|  0%| F|  |TAMS 0x0000000703f00000, 0x0000000703f00000| Untracked 
|  50|0x0000000704000000, 0x0000000704000000, 0x0000000704100000|  0%| F|  |TAMS 0x0000000704000000, 0x0000000704000000| Untracked 
|  51|0x0000000704100000, 0x0000000704100000, 0x0000000704200000|  0%| F|  |TAMS 0x0000000704100000, 0x0000000704100000| Untracked 
|  52|0x0000000704200000, 0x0000000704200000, 0x0000000704300000|  0%| F|  |TAMS 0x0000000704200000, 0x0000000704200000| Untracked 
|  53|0x0000000704300000, 0x0000000704300000, 0x0000000704400000|  0%| F|  |TAMS 0x0000000704300000, 0x0000000704300000| Untracked 
|  54|0x0000000704400000, 0x0000000704400000, 0x0000000704500000|  0%| F|  |TAMS 0x0000000704400000, 0x0000000704400000| Untracked 
|  55|0x0000000704500000, 0x0000000704500000, 0x0000000704600000|  0%| F|  |TAMS 0x0000000704500000, 0x0000000704500000| Untracked 
|  56|0x0000000704600000, 0x0000000704600000, 0x0000000704700000|  0%| F|  |TAMS 0x0000000704600000, 0x0000000704600000| Untracked 
|  57|0x0000000704700000, 0x0000000704700000, 0x0000000704800000|  0%| F|  |TAMS 0x0000000704700000, 0x0000000704700000| Untracked 
|  58|0x0000000704800000, 0x0000000704800000, 0x0000000704900000|  0%| F|  |TAMS 0x0000000704800000, 0x0000000704800000| Untracked 
|  59|0x0000000704900000, 0x0000000704900000, 0x0000000704a00000|  0%| F|  |TAMS 0x0000000704900000, 0x0000000704900000| Untracked 
|  60|0x0000000704a00000, 0x0000000704a00000, 0x0000000704b00000|  0%| F|  |TAMS 0x0000000704a00000, 0x0000000704a00000| Untracked 
|  61|0x0000000704b00000, 0x0000000704b00000, 0x0000000704c00000|  0%| F|  |TAMS 0x0000000704b00000, 0x0000000704b00000| Untracked 
|  62|0x0000000704c00000, 0x0000000704c00000, 0x0000000704d00000|  0%| F|  |TAMS 0x0000000704c00000, 0x0000000704c00000| Untracked 
|  63|0x0000000704d00000, 0x0000000704d00000, 0x0000000704e00000|  0%| F|  |TAMS 0x0000000704d00000, 0x0000000704d00000| Untracked 
|  64|0x0000000704e00000, 0x0000000704e00000, 0x0000000704f00000|  0%| F|  |TAMS 0x0000000704e00000, 0x0000000704e00000| Untracked 
|  65|0x0000000704f00000, 0x0000000704f00000, 0x0000000705000000|  0%| F|  |TAMS 0x0000000704f00000, 0x0000000704f00000| Untracked 
|  66|0x0000000705000000, 0x0000000705000000, 0x0000000705100000|  0%| F|  |TAMS 0x0000000705000000, 0x0000000705000000| Untracked 
|  67|0x0000000705100000, 0x0000000705100000, 0x0000000705200000|  0%| F|  |TAMS 0x0000000705100000, 0x0000000705100000| Untracked 
|  68|0x0000000705200000, 0x0000000705200000, 0x0000000705300000|  0%| F|  |TAMS 0x0000000705200000, 0x0000000705200000| Untracked 
|  69|0x0000000705300000, 0x0000000705300000, 0x0000000705400000|  0%| F|  |TAMS 0x0000000705300000, 0x0000000705300000| Untracked 
|  70|0x0000000705400000, 0x0000000705400000, 0x0000000705500000|  0%| F|  |TAMS 0x0000000705400000, 0x0000000705400000| Untracked 
|  71|0x0000000705500000, 0x0000000705500000, 0x0000000705600000|  0%| F|  |TAMS 0x0000000705500000, 0x0000000705500000| Untracked 
|  72|0x0000000705600000, 0x0000000705600000, 0x0000000705700000|  0%| F|  |TAMS 0x0000000705600000, 0x0000000705600000| Untracked 
|  73|0x0000000705700000, 0x0000000705700000, 0x0000000705800000|  0%| F|  |TAMS 0x0000000705700000, 0x0000000705700000| Untracked 
|  74|0x0000000705800000, 0x0000000705800000, 0x0000000705900000|  0%| F|  |TAMS 0x0000000705800000, 0x0000000705800000| Untracked 
|  75|0x0000000705900000, 0x0000000705900000, 0x0000000705a00000|  0%| F|  |TAMS 0x0000000705900000, 0x0000000705900000| Untracked 
|  76|0x0000000705a00000, 0x0000000705a00000, 0x0000000705b00000|  0%| F|  |TAMS 0x0000000705a00000, 0x0000000705a00000| Untracked 
|  77|0x0000000705b00000, 0x0000000705b00000, 0x0000000705c00000|  0%| F|  |TAMS 0x0000000705b00000, 0x0000000705b00000| Untracked 
|  78|0x0000000705c00000, 0x0000000705c00000, 0x0000000705d00000|  0%| F|  |TAMS 0x0000000705c00000, 0x0000000705c00000| Untracked 
|  79|0x0000000705d00000, 0x0000000705d00000, 0x0000000705e00000|  0%| F|  |TAMS 0x0000000705d00000, 0x0000000705d00000| Untracked 
|  80|0x0000000705e00000, 0x0000000705e00000, 0x0000000705f00000|  0%| F|  |TAMS 0x0000000705e00000, 0x0000000705e00000| Untracked 
|  81|0x0000000705f00000, 0x0000000705f00000, 0x0000000706000000|  0%| F|  |TAMS 0x0000000705f00000, 0x0000000705f00000| Untracked 
|  82|0x0000000706000000, 0x0000000706000000, 0x0000000706100000|  0%| F|  |TAMS 0x0000000706000000, 0x0000000706000000| Untracked 
|  83|0x0000000706100000, 0x0000000706100000, 0x0000000706200000|  0%| F|  |TAMS 0x0000000706100000, 0x0000000706100000| Untracked 
|  84|0x0000000706200000, 0x0000000706200000, 0x0000000706300000|  0%| F|  |TAMS 0x0000000706200000, 0x0000000706200000| Untracked 
|  85|0x0000000706300000, 0x0000000706300000, 0x0000000706400000|  0%| F|  |TAMS 0x0000000706300000, 0x0000000706300000| Untracked 
|  86|0x0000000706400000, 0x0000000706400000, 0x0000000706500000|  0%| F|  |TAMS 0x0000000706400000, 0x0000000706400000| Untracked 
|  87|0x0000000706500000, 0x0000000706500000, 0x0000000706600000|  0%| F|  |TAMS 0x0000000706500000, 0x0000000706500000| Untracked 
|  88|0x0000000706600000, 0x0000000706600000, 0x0000000706700000|  0%| F|  |TAMS 0x0000000706600000, 0x0000000706600000| Untracked 
|  89|0x0000000706700000, 0x0000000706700000, 0x0000000706800000|  0%| F|  |TAMS 0x0000000706700000, 0x0000000706700000| Untracked 
|  90|0x0000000706800000, 0x0000000706800000, 0x0000000706900000|  0%| F|  |TAMS 0x0000000706800000, 0x0000000706800000| Untracked 
|  91|0x0000000706900000, 0x0000000706900000, 0x0000000706a00000|  0%| F|  |TAMS 0x0000000706900000, 0x0000000706900000| Untracked 
|  92|0x0000000706a00000, 0x0000000706a00000, 0x0000000706b00000|  0%| F|  |TAMS 0x0000000706a00000, 0x0000000706a00000| Untracked 
|  93|0x0000000706b00000, 0x0000000706b00000, 0x0000000706c00000|  0%| F|  |TAMS 0x0000000706b00000, 0x0000000706b00000| Untracked 
|  94|0x0000000706c00000, 0x0000000706c00000, 0x0000000706d00000|  0%| F|  |TAMS 0x0000000706c00000, 0x0000000706c00000| Untracked 
|  95|0x0000000706d00000, 0x0000000706d00000, 0x0000000706e00000|  0%| F|  |TAMS 0x0000000706d00000, 0x0000000706d00000| Untracked 
|  96|0x0000000706e00000, 0x0000000706e00000, 0x0000000706f00000|  0%| F|  |TAMS 0x0000000706e00000, 0x0000000706e00000| Untracked 
|  97|0x0000000706f00000, 0x0000000706f00000, 0x0000000707000000|  0%| F|  |TAMS 0x0000000706f00000, 0x0000000706f00000| Untracked 
|  98|0x0000000707000000, 0x0000000707000000, 0x0000000707100000|  0%| F|  |TAMS 0x0000000707000000, 0x0000000707000000| Untracked 
|  99|0x0000000707100000, 0x0000000707100000, 0x0000000707200000|  0%| F|  |TAMS 0x0000000707100000, 0x0000000707100000| Untracked 
| 100|0x0000000707200000, 0x0000000707200000, 0x0000000707300000|  0%| F|  |TAMS 0x0000000707200000, 0x0000000707200000| Untracked 
| 101|0x0000000707300000, 0x0000000707300000, 0x0000000707400000|  0%| F|  |TAMS 0x0000000707300000, 0x0000000707300000| Untracked 
| 102|0x0000000707400000, 0x0000000707400000, 0x0000000707500000|  0%| F|  |TAMS 0x0000000707400000, 0x0000000707400000| Untracked 
| 103|0x0000000707500000, 0x0000000707500000, 0x0000000707600000|  0%| F|  |TAMS 0x0000000707500000, 0x0000000707500000| Untracked 
| 104|0x0000000707600000, 0x0000000707600000, 0x0000000707700000|  0%| F|  |TAMS 0x0000000707600000, 0x0000000707600000| Untracked 
| 105|0x0000000707700000, 0x0000000707700000, 0x0000000707800000|  0%| F|  |TAMS 0x0000000707700000, 0x0000000707700000| Untracked 
| 106|0x0000000707800000, 0x0000000707800000, 0x0000000707900000|  0%| F|  |TAMS 0x0000000707800000, 0x0000000707800000| Untracked 
| 107|0x0000000707900000, 0x0000000707900000, 0x0000000707a00000|  0%| F|  |TAMS 0x0000000707900000, 0x0000000707900000| Untracked 
| 108|0x0000000707a00000, 0x0000000707a00000, 0x0000000707b00000|  0%| F|  |TAMS 0x0000000707a00000, 0x0000000707a00000| Untracked 
| 109|0x0000000707b00000, 0x0000000707b00000, 0x0000000707c00000|  0%| F|  |TAMS 0x0000000707b00000, 0x0000000707b00000| Untracked 
| 110|0x0000000707c00000, 0x0000000707c00000, 0x0000000707d00000|  0%| F|  |TAMS 0x0000000707c00000, 0x0000000707c00000| Untracked 
| 111|0x0000000707d00000, 0x0000000707d00000, 0x0000000707e00000|  0%| F|  |TAMS 0x0000000707d00000, 0x0000000707d00000| Untracked 
| 112|0x0000000707e00000, 0x0000000707e00000, 0x0000000707f00000|  0%| F|  |TAMS 0x0000000707e00000, 0x0000000707e00000| Untracked 
| 113|0x0000000707f00000, 0x0000000707f00000, 0x0000000708000000|  0%| F|  |TAMS 0x0000000707f00000, 0x0000000707f00000| Untracked 
| 114|0x0000000708000000, 0x0000000708000000, 0x0000000708100000|  0%| F|  |TAMS 0x0000000708000000, 0x0000000708000000| Untracked 
| 115|0x0000000708100000, 0x0000000708100000, 0x0000000708200000|  0%| F|  |TAMS 0x0000000708100000, 0x0000000708100000| Untracked 
| 116|0x0000000708200000, 0x0000000708200000, 0x0000000708300000|  0%| F|  |TAMS 0x0000000708200000, 0x0000000708200000| Untracked 
| 117|0x0000000708300000, 0x0000000708300000, 0x0000000708400000|  0%| F|  |TAMS 0x0000000708300000, 0x0000000708300000| Untracked 
| 118|0x0000000708400000, 0x0000000708400000, 0x0000000708500000|  0%| F|  |TAMS 0x0000000708400000, 0x0000000708400000| Untracked 
| 119|0x0000000708500000, 0x0000000708500000, 0x0000000708600000|  0%| F|  |TAMS 0x0000000708500000, 0x0000000708500000| Untracked 
| 120|0x0000000708600000, 0x0000000708600000, 0x0000000708700000|  0%| F|  |TAMS 0x0000000708600000, 0x0000000708600000| Untracked 
| 121|0x0000000708700000, 0x0000000708700000, 0x0000000708800000|  0%| F|  |TAMS 0x0000000708700000, 0x0000000708700000| Untracked 
| 122|0x0000000708800000, 0x0000000708800000, 0x0000000708900000|  0%| F|  |TAMS 0x0000000708800000, 0x0000000708800000| Untracked 
| 123|0x0000000708900000, 0x0000000708900000, 0x0000000708a00000|  0%| F|  |TAMS 0x0000000708900000, 0x0000000708900000| Untracked 
| 124|0x0000000708a00000, 0x0000000708a00000, 0x0000000708b00000|  0%| F|  |TAMS 0x0000000708a00000, 0x0000000708a00000| Untracked 
| 125|0x0000000708b00000, 0x0000000708b00000, 0x0000000708c00000|  0%| F|  |TAMS 0x0000000708b00000, 0x0000000708b00000| Untracked 
| 126|0x0000000708c00000, 0x0000000708c00000, 0x0000000708d00000|  0%| F|  |TAMS 0x0000000708c00000, 0x0000000708c00000| Untracked 
| 127|0x0000000708d00000, 0x0000000708d00000, 0x0000000708e00000|  0%| F|  |TAMS 0x0000000708d00000, 0x0000000708d00000| Untracked 
| 128|0x0000000708e00000, 0x0000000708e00000, 0x0000000708f00000|  0%| F|  |TAMS 0x0000000708e00000, 0x0000000708e00000| Untracked 
| 129|0x0000000708f00000, 0x0000000708f00000, 0x0000000709000000|  0%| F|  |TAMS 0x0000000708f00000, 0x0000000708f00000| Untracked 
| 130|0x0000000709000000, 0x0000000709000000, 0x0000000709100000|  0%| F|  |TAMS 0x0000000709000000, 0x0000000709000000| Untracked 
| 131|0x0000000709100000, 0x0000000709100000, 0x0000000709200000|  0%| F|  |TAMS 0x0000000709100000, 0x0000000709100000| Untracked 
| 132|0x0000000709200000, 0x0000000709200000, 0x0000000709300000|  0%| F|  |TAMS 0x0000000709200000, 0x0000000709200000| Untracked 
| 133|0x0000000709300000, 0x0000000709300000, 0x0000000709400000|  0%| F|  |TAMS 0x0000000709300000, 0x0000000709300000| Untracked 
| 134|0x0000000709400000, 0x0000000709400000, 0x0000000709500000|  0%| F|  |TAMS 0x0000000709400000, 0x0000000709400000| Untracked 
| 135|0x0000000709500000, 0x0000000709500000, 0x0000000709600000|  0%| F|  |TAMS 0x0000000709500000, 0x0000000709500000| Untracked 
| 136|0x0000000709600000, 0x0000000709600000, 0x0000000709700000|  0%| F|  |TAMS 0x0000000709600000, 0x0000000709600000| Untracked 
| 137|0x0000000709700000, 0x0000000709700000, 0x0000000709800000|  0%| F|  |TAMS 0x0000000709700000, 0x0000000709700000| Untracked 
| 138|0x0000000709800000, 0x0000000709800000, 0x0000000709900000|  0%| F|  |TAMS 0x0000000709800000, 0x0000000709800000| Untracked 
| 139|0x0000000709900000, 0x0000000709900000, 0x0000000709a00000|  0%| F|  |TAMS 0x0000000709900000, 0x0000000709900000| Untracked 
| 140|0x0000000709a00000, 0x0000000709a00000, 0x0000000709b00000|  0%| F|  |TAMS 0x0000000709a00000, 0x0000000709a00000| Untracked 
| 141|0x0000000709b00000, 0x0000000709b00000, 0x0000000709c00000|  0%| F|  |TAMS 0x0000000709b00000, 0x0000000709b00000| Untracked 
| 142|0x0000000709c00000, 0x0000000709c00000, 0x0000000709d00000|  0%| F|  |TAMS 0x0000000709c00000, 0x0000000709c00000| Untracked 
| 143|0x0000000709d00000, 0x0000000709d00000, 0x0000000709e00000|  0%| F|  |TAMS 0x0000000709d00000, 0x0000000709d00000| Untracked 
| 144|0x0000000709e00000, 0x0000000709e00000, 0x0000000709f00000|  0%| F|  |TAMS 0x0000000709e00000, 0x0000000709e00000| Untracked 
| 145|0x0000000709f00000, 0x0000000709f00000, 0x000000070a000000|  0%| F|  |TAMS 0x0000000709f00000, 0x0000000709f00000| Untracked 
| 146|0x000000070a000000, 0x000000070a000000, 0x000000070a100000|  0%| F|  |TAMS 0x000000070a000000, 0x000000070a000000| Untracked 
| 147|0x000000070a100000, 0x000000070a100000, 0x000000070a200000|  0%| F|  |TAMS 0x000000070a100000, 0x000000070a100000| Untracked 
| 148|0x000000070a200000, 0x000000070a200000, 0x000000070a300000|  0%| F|  |TAMS 0x000000070a200000, 0x000000070a200000| Untracked 
| 149|0x000000070a300000, 0x000000070a300000, 0x000000070a400000|  0%| F|  |TAMS 0x000000070a300000, 0x000000070a300000| Untracked 
| 150|0x000000070a400000, 0x000000070a400000, 0x000000070a500000|  0%| F|  |TAMS 0x000000070a400000, 0x000000070a400000| Untracked 
| 151|0x000000070a500000, 0x000000070a500000, 0x000000070a600000|  0%| F|  |TAMS 0x000000070a500000, 0x000000070a500000| Untracked 
| 152|0x000000070a600000, 0x000000070a600000, 0x000000070a700000|  0%| F|  |TAMS 0x000000070a600000, 0x000000070a600000| Untracked 
| 153|0x000000070a700000, 0x000000070a700000, 0x000000070a800000|  0%| F|  |TAMS 0x000000070a700000, 0x000000070a700000| Untracked 
| 154|0x000000070a800000, 0x000000070a800000, 0x000000070a900000|  0%| F|  |TAMS 0x000000070a800000, 0x000000070a800000| Untracked 
| 155|0x000000070a900000, 0x000000070a900000, 0x000000070aa00000|  0%| F|  |TAMS 0x000000070a900000, 0x000000070a900000| Untracked 
| 156|0x000000070aa00000, 0x000000070aa00000, 0x000000070ab00000|  0%| F|  |TAMS 0x000000070aa00000, 0x000000070aa00000| Untracked 
| 157|0x000000070ab00000, 0x000000070ab00000, 0x000000070ac00000|  0%| F|  |TAMS 0x000000070ab00000, 0x000000070ab00000| Untracked 
| 158|0x000000070ac00000, 0x000000070ac00000, 0x000000070ad00000|  0%| F|  |TAMS 0x000000070ac00000, 0x000000070ac00000| Untracked 
| 159|0x000000070ad00000, 0x000000070ad00000, 0x000000070ae00000|  0%| F|  |TAMS 0x000000070ad00000, 0x000000070ad00000| Untracked 
| 160|0x000000070ae00000, 0x000000070ae00000, 0x000000070af00000|  0%| F|  |TAMS 0x000000070ae00000, 0x000000070ae00000| Untracked 
| 161|0x000000070af00000, 0x000000070af00000, 0x000000070b000000|  0%| F|  |TAMS 0x000000070af00000, 0x000000070af00000| Untracked 
| 162|0x000000070b000000, 0x000000070b000000, 0x000000070b100000|  0%| F|  |TAMS 0x000000070b000000, 0x000000070b000000| Untracked 
| 163|0x000000070b100000, 0x000000070b100000, 0x000000070b200000|  0%| F|  |TAMS 0x000000070b100000, 0x000000070b100000| Untracked 
| 164|0x000000070b200000, 0x000000070b200000, 0x000000070b300000|  0%| F|  |TAMS 0x000000070b200000, 0x000000070b200000| Untracked 
| 165|0x000000070b300000, 0x000000070b300000, 0x000000070b400000|  0%| F|  |TAMS 0x000000070b300000, 0x000000070b300000| Untracked 
| 166|0x000000070b400000, 0x000000070b400000, 0x000000070b500000|  0%| F|  |TAMS 0x000000070b400000, 0x000000070b400000| Untracked 
| 167|0x000000070b500000, 0x000000070b500000, 0x000000070b600000|  0%| F|  |TAMS 0x000000070b500000, 0x000000070b500000| Untracked 
| 168|0x000000070b600000, 0x000000070b600000, 0x000000070b700000|  0%| F|  |TAMS 0x000000070b600000, 0x000000070b600000| Untracked 
| 169|0x000000070b700000, 0x000000070b700000, 0x000000070b800000|  0%| F|  |TAMS 0x000000070b700000, 0x000000070b700000| Untracked 
| 170|0x000000070b800000, 0x000000070b800000, 0x000000070b900000|  0%| F|  |TAMS 0x000000070b800000, 0x000000070b800000| Untracked 
| 171|0x000000070b900000, 0x000000070b900000, 0x000000070ba00000|  0%| F|  |TAMS 0x000000070b900000, 0x000000070b900000| Untracked 
| 172|0x000000070ba00000, 0x000000070ba00000, 0x000000070bb00000|  0%| F|  |TAMS 0x000000070ba00000, 0x000000070ba00000| Untracked 
| 173|0x000000070bb00000, 0x000000070bb00000, 0x000000070bc00000|  0%| F|  |TAMS 0x000000070bb00000, 0x000000070bb00000| Untracked 
| 174|0x000000070bc00000, 0x000000070bc00000, 0x000000070bd00000|  0%| F|  |TAMS 0x000000070bc00000, 0x000000070bc00000| Untracked 
| 175|0x000000070bd00000, 0x000000070bd00000, 0x000000070be00000|  0%| F|  |TAMS 0x000000070bd00000, 0x000000070bd00000| Untracked 
| 176|0x000000070be00000, 0x000000070be00000, 0x000000070bf00000|  0%| F|  |TAMS 0x000000070be00000, 0x000000070be00000| Untracked 
| 177|0x000000070bf00000, 0x000000070bf00000, 0x000000070c000000|  0%| F|  |TAMS 0x000000070bf00000, 0x000000070bf00000| Untracked 
| 178|0x000000070c000000, 0x000000070c000000, 0x000000070c100000|  0%| F|  |TAMS 0x000000070c000000, 0x000000070c000000| Untracked 
| 179|0x000000070c100000, 0x000000070c100000, 0x000000070c200000|  0%| F|  |TAMS 0x000000070c100000, 0x000000070c100000| Untracked 
| 180|0x000000070c200000, 0x000000070c200000, 0x000000070c300000|  0%| F|  |TAMS 0x000000070c200000, 0x000000070c200000| Untracked 
| 181|0x000000070c300000, 0x000000070c300000, 0x000000070c400000|  0%| F|  |TAMS 0x000000070c300000, 0x000000070c300000| Untracked 
| 182|0x000000070c400000, 0x000000070c400000, 0x000000070c500000|  0%| F|  |TAMS 0x000000070c400000, 0x000000070c400000| Untracked 
| 183|0x000000070c500000, 0x000000070c500000, 0x000000070c600000|  0%| F|  |TAMS 0x000000070c500000, 0x000000070c500000| Untracked 
| 184|0x000000070c600000, 0x000000070c600000, 0x000000070c700000|  0%| F|  |TAMS 0x000000070c600000, 0x000000070c600000| Untracked 
| 185|0x000000070c700000, 0x000000070c700000, 0x000000070c800000|  0%| F|  |TAMS 0x000000070c700000, 0x000000070c700000| Untracked 
| 186|0x000000070c800000, 0x000000070c800000, 0x000000070c900000|  0%| F|  |TAMS 0x000000070c800000, 0x000000070c800000| Untracked 
| 187|0x000000070c900000, 0x000000070c900000, 0x000000070ca00000|  0%| F|  |TAMS 0x000000070c900000, 0x000000070c900000| Untracked 
| 188|0x000000070ca00000, 0x000000070ca00000, 0x000000070cb00000|  0%| F|  |TAMS 0x000000070ca00000, 0x000000070ca00000| Untracked 
| 189|0x000000070cb00000, 0x000000070cb00000, 0x000000070cc00000|  0%| F|  |TAMS 0x000000070cb00000, 0x000000070cb00000| Untracked 
| 190|0x000000070cc00000, 0x000000070cc00000, 0x000000070cd00000|  0%| F|  |TAMS 0x000000070cc00000, 0x000000070cc00000| Untracked 
| 191|0x000000070cd00000, 0x000000070cd00000, 0x000000070ce00000|  0%| F|  |TAMS 0x000000070cd00000, 0x000000070cd00000| Untracked 
| 192|0x000000070ce00000, 0x000000070ce00000, 0x000000070cf00000|  0%| F|  |TAMS 0x000000070ce00000, 0x000000070ce00000| Untracked 
| 193|0x000000070cf00000, 0x000000070cf00000, 0x000000070d000000|  0%| F|  |TAMS 0x000000070cf00000, 0x000000070cf00000| Untracked 
| 194|0x000000070d000000, 0x000000070d000000, 0x000000070d100000|  0%| F|  |TAMS 0x000000070d000000, 0x000000070d000000| Untracked 
| 195|0x000000070d100000, 0x000000070d100000, 0x000000070d200000|  0%| F|  |TAMS 0x000000070d100000, 0x000000070d100000| Untracked 
| 196|0x000000070d200000, 0x000000070d200000, 0x000000070d300000|  0%| F|  |TAMS 0x000000070d200000, 0x000000070d200000| Untracked 
| 197|0x000000070d300000, 0x000000070d300000, 0x000000070d400000|  0%| F|  |TAMS 0x000000070d300000, 0x000000070d300000| Untracked 
| 198|0x000000070d400000, 0x000000070d400000, 0x000000070d500000|  0%| F|  |TAMS 0x000000070d400000, 0x000000070d400000| Untracked 
| 199|0x000000070d500000, 0x000000070d500000, 0x000000070d600000|  0%| F|  |TAMS 0x000000070d500000, 0x000000070d500000| Untracked 
| 200|0x000000070d600000, 0x000000070d600000, 0x000000070d700000|  0%| F|  |TAMS 0x000000070d600000, 0x000000070d600000| Untracked 
| 201|0x000000070d700000, 0x000000070d700000, 0x000000070d800000|  0%| F|  |TAMS 0x000000070d700000, 0x000000070d700000| Untracked 
| 202|0x000000070d800000, 0x000000070d800000, 0x000000070d900000|  0%| F|  |TAMS 0x000000070d800000, 0x000000070d800000| Untracked 
| 203|0x000000070d900000, 0x000000070d900000, 0x000000070da00000|  0%| F|  |TAMS 0x000000070d900000, 0x000000070d900000| Untracked 
| 204|0x000000070da00000, 0x000000070da00000, 0x000000070db00000|  0%| F|  |TAMS 0x000000070da00000, 0x000000070da00000| Untracked 
| 205|0x000000070db00000, 0x000000070db00000, 0x000000070dc00000|  0%| F|  |TAMS 0x000000070db00000, 0x000000070db00000| Untracked 
| 206|0x000000070dc00000, 0x000000070dc00000, 0x000000070dd00000|  0%| F|  |TAMS 0x000000070dc00000, 0x000000070dc00000| Untracked 
| 207|0x000000070dd00000, 0x000000070dd00000, 0x000000070de00000|  0%| F|  |TAMS 0x000000070dd00000, 0x000000070dd00000| Untracked 
| 208|0x000000070de00000, 0x000000070de00000, 0x000000070df00000|  0%| F|  |TAMS 0x000000070de00000, 0x000000070de00000| Untracked 
| 209|0x000000070df00000, 0x000000070df00000, 0x000000070e000000|  0%| F|  |TAMS 0x000000070df00000, 0x000000070df00000| Untracked 
| 210|0x000000070e000000, 0x000000070e000000, 0x000000070e100000|  0%| F|  |TAMS 0x000000070e000000, 0x000000070e000000| Untracked 
| 211|0x000000070e100000, 0x000000070e100000, 0x000000070e200000|  0%| F|  |TAMS 0x000000070e100000, 0x000000070e100000| Untracked 
| 212|0x000000070e200000, 0x000000070e200000, 0x000000070e300000|  0%| F|  |TAMS 0x000000070e200000, 0x000000070e200000| Untracked 
| 213|0x000000070e300000, 0x000000070e300000, 0x000000070e400000|  0%| F|  |TAMS 0x000000070e300000, 0x000000070e300000| Untracked 
| 214|0x000000070e400000, 0x000000070e400000, 0x000000070e500000|  0%| F|  |TAMS 0x000000070e400000, 0x000000070e400000| Untracked 
| 215|0x000000070e500000, 0x000000070e500000, 0x000000070e600000|  0%| F|  |TAMS 0x000000070e500000, 0x000000070e500000| Untracked 
| 216|0x000000070e600000, 0x000000070e600000, 0x000000070e700000|  0%| F|  |TAMS 0x000000070e600000, 0x000000070e600000| Untracked 
| 217|0x000000070e700000, 0x000000070e700000, 0x000000070e800000|  0%| F|  |TAMS 0x000000070e700000, 0x000000070e700000| Untracked 
| 218|0x000000070e800000, 0x000000070e800000, 0x000000070e900000|  0%| F|  |TAMS 0x000000070e800000, 0x000000070e800000| Untracked 
| 219|0x000000070e900000, 0x000000070e900000, 0x000000070ea00000|  0%| F|  |TAMS 0x000000070e900000, 0x000000070e900000| Untracked 
| 220|0x000000070ea00000, 0x000000070ea00000, 0x000000070eb00000|  0%| F|  |TAMS 0x000000070ea00000, 0x000000070ea00000| Untracked 
| 221|0x000000070eb00000, 0x000000070eb00000, 0x000000070ec00000|  0%| F|  |TAMS 0x000000070eb00000, 0x000000070eb00000| Untracked 
| 222|0x000000070ec00000, 0x000000070ec00000, 0x000000070ed00000|  0%| F|  |TAMS 0x000000070ec00000, 0x000000070ec00000| Untracked 
| 223|0x000000070ed00000, 0x000000070ed00000, 0x000000070ee00000|  0%| F|  |TAMS 0x000000070ed00000, 0x000000070ed00000| Untracked 
| 224|0x000000070ee00000, 0x000000070ee00000, 0x000000070ef00000|  0%| F|  |TAMS 0x000000070ee00000, 0x000000070ee00000| Untracked 
| 225|0x000000070ef00000, 0x000000070ef5f6a8, 0x000000070f000000| 37%| S|CS|TAMS 0x000000070ef00000, 0x000000070ef00000| Complete 
| 226|0x000000070f000000, 0x000000070f100000, 0x000000070f100000|100%| S|CS|TAMS 0x000000070f000000, 0x000000070f000000| Complete 
| 227|0x000000070f100000, 0x000000070f200000, 0x000000070f200000|100%| S|CS|TAMS 0x000000070f100000, 0x000000070f100000| Complete 
| 228|0x000000070f200000, 0x000000070f300000, 0x000000070f300000|100%| S|CS|TAMS 0x000000070f200000, 0x000000070f200000| Complete 
| 229|0x000000070f300000, 0x000000070f380800, 0x000000070f400000| 50%| E|  |TAMS 0x000000070f300000, 0x000000070f300000| Complete 
| 230|0x000000070f400000, 0x000000070f500000, 0x000000070f500000|100%| E|CS|TAMS 0x000000070f400000, 0x000000070f400000| Complete 
| 231|0x000000070f500000, 0x000000070f600000, 0x000000070f600000|100%| E|CS|TAMS 0x000000070f500000, 0x000000070f500000| Complete 
| 232|0x000000070f600000, 0x000000070f700000, 0x000000070f700000|100%| S|CS|TAMS 0x000000070f600000, 0x000000070f600000| Complete 
| 233|0x000000070f700000, 0x000000070f800000, 0x000000070f800000|100%| E|CS|TAMS 0x000000070f700000, 0x000000070f700000| Complete 
| 234|0x000000070f800000, 0x000000070f900000, 0x000000070f900000|100%| E|CS|TAMS 0x000000070f800000, 0x000000070f800000| Complete 
| 235|0x000000070f900000, 0x000000070fa00000, 0x000000070fa00000|100%| E|CS|TAMS 0x000000070f900000, 0x000000070f900000| Complete 
| 236|0x000000070fa00000, 0x000000070fb00000, 0x000000070fb00000|100%| E|CS|TAMS 0x000000070fa00000, 0x000000070fa00000| Complete 
| 237|0x000000070fb00000, 0x000000070fc00000, 0x000000070fc00000|100%| E|CS|TAMS 0x000000070fb00000, 0x000000070fb00000| Complete 
| 238|0x000000070fc00000, 0x000000070fd00000, 0x000000070fd00000|100%| E|CS|TAMS 0x000000070fc00000, 0x000000070fc00000| Complete 
| 239|0x000000070fd00000, 0x000000070fe00000, 0x000000070fe00000|100%| E|CS|TAMS 0x000000070fd00000, 0x000000070fd00000| Complete 
| 240|0x000000070fe00000, 0x000000070ff00000, 0x000000070ff00000|100%| E|CS|TAMS 0x000000070fe00000, 0x000000070fe00000| Complete 
| 241|0x000000070ff00000, 0x0000000710000000, 0x0000000710000000|100%| E|CS|TAMS 0x000000070ff00000, 0x000000070ff00000| Complete 
| 242|0x0000000710000000, 0x0000000710100000, 0x0000000710100000|100%| E|CS|TAMS 0x0000000710000000, 0x0000000710000000| Complete 
| 243|0x0000000710100000, 0x0000000710200000, 0x0000000710200000|100%| E|CS|TAMS 0x0000000710100000, 0x0000000710100000| Complete 
| 244|0x0000000710200000, 0x0000000710300000, 0x0000000710300000|100%| E|CS|TAMS 0x0000000710200000, 0x0000000710200000| Complete 
| 245|0x0000000710300000, 0x0000000710400000, 0x0000000710400000|100%| E|CS|TAMS 0x0000000710300000, 0x0000000710300000| Complete 
| 246|0x0000000710400000, 0x0000000710500000, 0x0000000710500000|100%| E|CS|TAMS 0x0000000710400000, 0x0000000710400000| Complete 
| 247|0x0000000710500000, 0x0000000710600000, 0x0000000710600000|100%| E|CS|TAMS 0x0000000710500000, 0x0000000710500000| Complete 
| 248|0x0000000710600000, 0x0000000710700000, 0x0000000710700000|100%| E|CS|TAMS 0x0000000710600000, 0x0000000710600000| Complete 
| 249|0x0000000710700000, 0x0000000710800000, 0x0000000710800000|100%| E|CS|TAMS 0x0000000710700000, 0x0000000710700000| Complete 
| 250|0x0000000710800000, 0x0000000710900000, 0x0000000710900000|100%| E|CS|TAMS 0x0000000710800000, 0x0000000710800000| Complete 
| 251|0x0000000710900000, 0x0000000710a00000, 0x0000000710a00000|100%| E|CS|TAMS 0x0000000710900000, 0x0000000710900000| Complete 
| 252|0x0000000710a00000, 0x0000000710b00000, 0x0000000710b00000|100%| E|CS|TAMS 0x0000000710a00000, 0x0000000710a00000| Complete 
| 253|0x0000000710b00000, 0x0000000710c00000, 0x0000000710c00000|100%| E|CS|TAMS 0x0000000710b00000, 0x0000000710b00000| Complete 
| 254|0x0000000710c00000, 0x0000000710d00000, 0x0000000710d00000|100%| E|CS|TAMS 0x0000000710c00000, 0x0000000710c00000| Complete 
| 255|0x0000000710d00000, 0x0000000710e00000, 0x0000000710e00000|100%| E|CS|TAMS 0x0000000710d00000, 0x0000000710d00000| Complete 

Card table byte_map: [0x00000172216a0000,0x0000017221ea0000] _byte_map_base: 0x000001721de99000

Marking Bits (Prev, Next): (CMBitMap*) 0x000001720a51fe80, (CMBitMap*) 0x000001720a51fe48
 Prev Bits: [0x0000017226670000, 0x000001722a638000)
 Next Bits: [0x00000172226a0000, 0x0000017226668000)

Polling page: 0x0000017208460000

Metaspace:

Usage:
  Non-class:     22.64 MB capacity,    22.46 MB (>99%) used,   133.91 KB ( <1%) free+waste,    54.19 KB ( <1%) overhead. 
      Class:      2.84 MB capacity,     2.63 MB ( 93%) used,   179.89 KB (  6%) free+waste,    27.19 KB ( <1%) overhead. 
       Both:     25.48 MB capacity,    25.09 MB ( 98%) used,   313.80 KB (  1%) free+waste,    81.38 KB ( <1%) overhead. 

Virtual space:
  Non-class space:       24.00 MB reserved,      22.67 MB ( 94%) committed 
      Class space:        1.00 GB reserved,       2.88 MB ( <1%) committed 
             Both:        1.02 GB reserved,      25.55 MB (  2%) committed 

Chunk freelists:
   Non-Class:  3.63 KB
       Class:  1.00 KB
        Both:  4.63 KB

CodeHeap 'non-profiled nmethods': size=120000Kb used=670Kb max_used=670Kb free=119329Kb
 bounds [0x0000017219640000, 0x00000172198b0000, 0x0000017220b70000]
CodeHeap 'profiled nmethods': size=120000Kb used=2952Kb max_used=2952Kb free=117047Kb
 bounds [0x0000017212110000, 0x0000017212400000, 0x0000017219640000]
CodeHeap 'non-nmethods': size=5760Kb used=1479Kb max_used=1484Kb free=4281Kb
 bounds [0x0000017211b70000, 0x0000017211de0000, 0x0000017212110000]
 total_blobs=2610 nmethods=1645 adapters=877
 compilation: enabled
              stopped_count=0, restarted_count=0
 full_count=0

Compilation events (10 events):
Event: 1.774 Thread 0x000001722dace000 1638       3       jdk.internal.org.objectweb.asm.MethodWriter::endFrame (53 bytes)
Event: 1.774 Thread 0x000001722dace000 nmethod 1638 0x00000172123f1010 code [0x00000172123f11e0, 0x00000172123f16e8]
Event: 1.774 Thread 0x000001722dac7800 1640       4       java.lang.invoke.MethodTypeForm::canonicalize (233 bytes)
Event: 1.775 Thread 0x000001722dace000 1642       3       java.lang.invoke.LambdaForm$NamedFunction::<init> (82 bytes)
Event: 1.775 Thread 0x000001722dace000 nmethod 1642 0x00000172123f1810 code [0x00000172123f19c0, 0x00000172123f1c58]
Event: 1.775 Thread 0x000001722dac7800 nmethod 1640 0x00000172196e7210 code [0x00000172196e73a0, 0x00000172196e7478]
Event: 1.776 Thread 0x000001722dace000 1644       1       androidx.compose.ui.platform.SkiaBasedOwner::getShowLayoutBounds (5 bytes)
Event: 1.776 Thread 0x000001722dace000 nmethod 1644 0x00000172196e7590 code [0x00000172196e7720, 0x00000172196e77d8]
Event: 1.789 Thread 0x000001722dace000 1645       3       java.util.concurrent.ConcurrentHashMap::sumCount (60 bytes)
Event: 1.789 Thread 0x000001722dace000 nmethod 1645 0x00000172123f1d10 code [0x00000172123f1ec0, 0x00000172123f2118]

GC Heap History (4 events):
Event: 0.757 GC heap before
{Heap before GC invocations=0 (full 0):
 garbage-first heap   total 262144K, used 24576K [0x0000000700e00000, 0x0000000800000000)
  region size 1024K, 24 young (24576K), 0 survivors (0K)
 Metaspace       used 14038K, capacity 14313K, committed 14592K, reserved 1062912K
  class space    used 1316K, capacity 1419K, committed 1536K, reserved 1048576K
}
Event: 0.761 GC heap after
{Heap after GC invocations=1 (full 0):
 garbage-first heap   total 262144K, used 2849K [0x0000000700e00000, 0x0000000800000000)
  region size 1024K, 3 young (3072K), 3 survivors (3072K)
 Metaspace       used 14038K, capacity 14313K, committed 14592K, reserved 1062912K
  class space    used 1316K, capacity 1419K, committed 1536K, reserved 1048576K
}
Event: 1.341 GC heap before
{Heap before GC invocations=1 (full 0):
 garbage-first heap   total 262144K, used 25377K [0x0000000700e00000, 0x0000000800000000)
  region size 1024K, 26 young (26624K), 3 survivors (3072K)
 Metaspace       used 20734K, capacity 21141K, committed 21296K, reserved 1069056K
  class space    used 2137K, capacity 2341K, committed 2432K, reserved 1048576K
}
Event: 1.344 GC heap after
{Heap after GC invocations=2 (full 0):
 garbage-first heap   total 262144K, used 4477K [0x0000000700e00000, 0x0000000800000000)
  region size 1024K, 5 young (5120K), 5 survivors (5120K)
 Metaspace       used 20734K, capacity 21141K, committed 21296K, reserved 1069056K
  class space    used 2137K, capacity 2341K, committed 2432K, reserved 1048576K
}

Deoptimization events (10 events):
Event: 0.789 Thread 0x000001722e700800 Uncommon trap: reason=unstable_if action=reinterpret pc=0x000001721965a874 method=java.lang.String.startsWith(Ljava/lang/String;I)Z @ 1 c2
Event: 0.830 Thread 0x000001722e700800 Uncommon trap: reason=unstable_if action=reinterpret pc=0x000001721967e4c4 method=java.io.WinNTFileSystem.normalize(Ljava/lang/String;)Ljava/lang/String; @ 40 c2
Event: 0.831 Thread 0x000001722e700800 Uncommon trap: reason=unstable_if action=reinterpret pc=0x0000017219650e60 method=java.io.WinNTFileSystem.isSlash(C)Z @ 9 c2
Event: 0.831 Thread 0x000001722e700800 Uncommon trap: reason=unstable_if action=reinterpret pc=0x0000017219680368 method=java.util.jar.JarFile.checkForSpecialAttributes()V @ 4 c2
Event: 0.861 Thread 0x000001722e700800 Uncommon trap: reason=unstable_if action=reinterpret pc=0x000001721968770c method=jdk.internal.org.objectweb.asm.Type.getArgumentsAndReturnSizes(Ljava/lang/String;)I @ 88 c2
Event: 0.861 Thread 0x000001722e700800 Uncommon trap: reason=unstable_if action=reinterpret pc=0x0000017219695770 method=jdk.internal.org.objectweb.asm.Frame.execute(IILjdk/internal/org/objectweb/asm/ClassWriter;Ljdk/internal/org/objectweb/asm/Item;)V @ 1 c2
Event: 0.944 Thread 0x000001722e31e800 Uncommon trap: reason=unstable_if action=reinterpret pc=0x000001721964ce7c method=java.util.HashMap.putVal(ILjava/lang/Object;Ljava/lang/Object;ZZ)Ljava/lang/Object; @ 181 c2
Event: 0.987 Thread 0x000001722e700800 Uncommon trap: reason=unstable_if action=reinterpret pc=0x0000017219679908 method=java.lang.StringUTF16.compress([CI[BII)I @ 20 c2
Event: 1.001 Thread 0x000001722e700800 Uncommon trap: reason=unstable_if action=reinterpret pc=0x000001721969abb8 method=java.lang.String.startsWith(Ljava/lang/String;I)Z @ 14 c2
Event: 1.655 Thread 0x000001722e700800 Uncommon trap: reason=unstable_if action=reinterpret pc=0x00000172196be924 method=java.lang.String.indexOf([BBILjava/lang/String;I)I @ 21 c2

Classes redefined (0 events):
No events

Internal exceptions (10 events):
Event: 0.788 Thread 0x000001722e700800 Exception <a 'java/lang/ClassNotFoundException'{0x0000000710c89a88}: com/sun/swing/internal/plaf/basic/resources/spi/basicProvider> (0x0000000710c89a88) thrown at [./open/src/hotspot/share/classfile/systemDictionary.cpp, line 226]
Event: 0.972 Thread 0x000001722e700800 Exception <a 'java/lang/NoSuchMethodError'{0x0000000710262510}: java.lang.invoke.DirectMethodHandle$Holder.invokeStaticInit(Ljava/lang/Object;)V> (0x0000000710262510) thrown at [./open/src/hotspot/share/interpreter/linkResolver.cpp, line 772]
Event: 1.005 Thread 0x000001722e700800 Exception <a 'java/lang/NoSuchMethodError'{0x00000007100a7670}: java.lang.invoke.DirectMethodHandle$Holder.invokeStatic(Ljava/lang/Object;Ljava/lang/Object;Ljava/lang/Object;Ljava/lang/Object;Ljava/lang/Object;Ljava/lang/Object;Ljava/lang/Object;Ljava/lan
Event: 1.007 Thread 0x000001722e700800 Exception <a 'java/lang/NoSuchMethodError'{0x00000007100c5da0}: java.lang.invoke.DirectMethodHandle$Holder.invokeStatic(Ljava/lang/Object;Ljava/lang/Object;Ljava/lang/Object;Ljava/lang/Object;Ljava/lang/Object;Ljava/lang/Object;Ljava/lang/Object;Ljava/lan
Event: 1.009 Thread 0x000001722e700800 Exception <a 'java/lang/NoSuchMethodError'{0x00000007100e4fd8}: java.lang.invoke.DirectMethodHandle$Holder.invokeStatic(Ljava/lang/Object;Ljava/lang/Object;Ljava/lang/Object;Ljava/lang/Object;Ljava/lang/Object;Ljava/lang/Object;Ljava/lang/Object;Ljava/lan
Event: 1.010 Thread 0x000001722e700800 Exception <a 'java/lang/NoSuchMethodError'{0x00000007100f11d8}: java.lang.invoke.Invokers$Holder.linkToTargetMethod(Ljava/lang/Object;ILjava/lang/Object;)Ljava/lang/Object;> (0x00000007100f11d8) thrown at [./open/src/hotspot/share/interpreter/linkResolver
Event: 1.265 Thread 0x000001722e700800 Exception <a 'java/lang/NoSuchMethodError'{0x000000070fb08570}: java.lang.invoke.DirectMethodHandle$Holder.invokeStaticInit(Ljava/lang/Object;Ljava/lang/Object;Ljava/lang/Object;)I> (0x000000070fb08570) thrown at [./open/src/hotspot/share/interpreter/link
Event: 1.773 Thread 0x000001722e700800 Exception <a 'java/lang/NoSuchMethodError'{0x000000070f4ebe68}: java.lang.invoke.DirectMethodHandle$Holder.invokeStatic(Ljava/lang/Object;Ljava/lang/Object;Ljava/lang/Object;Ljava/lang/Object;Ljava/lang/Object;Ljava/lang/Object;Ljava/lang/Object;Ljava/lan
Event: 1.774 Thread 0x000001722e700800 Exception <a 'java/lang/NoSuchMethodError'{0x000000070f4f8728}: java.lang.invoke.DirectMethodHandle$Holder.invokeStatic(Ljava/lang/Object;Ljava/lang/Object;Ljava/lang/Object;Ljava/lang/Object;Ljava/lang/Object;Ljava/lang/Object;Ljava/lang/Object;Ljava/lan
Event: 1.835 Thread 0x000001722e700800 Exception <a 'java/lang/NoSuchMethodError'{0x000000070f34c760}: static Lorg/jetbrains/skiko/RenderExceptionsHandler;.throwException(Ljava/lang/String;)V> (0x000000070f34c760) thrown at [./open/src/hotspot/share/prims/jni.cpp, line 1366]

Events (10 events):
Event: 1.788 loading class org/jetbrains/skia/Surface$Companion
Event: 1.788 loading class org/jetbrains/skia/Surface$Companion done
Event: 1.789 loading class org/jetbrains/skia/SurfaceKt
Event: 1.789 loading class org/jetbrains/skia/SurfaceKt done
Event: 1.789 loading class org/jetbrains/skiko/SkiaLayer$draw$2
Event: 1.789 loading class org/jetbrains/skiko/SkiaLayer$draw$2 done
Event: 1.834 loading class org/jetbrains/skiko/RenderExceptionsHandler
Event: 1.834 loading class org/jetbrains/skiko/RenderExceptionsHandler done
Event: 1.835 loading class org/jetbrains/skiko/RenderExceptionsHandler$Companion
Event: 1.835 loading class org/jetbrains/skiko/RenderExceptionsHandler$Companion done


Dynamic libraries:
0x00007ff7d7f10000 - 0x00007ff7d7f1f000 	C:\Program Files\Java\jdk-11.0.15\bin\java.exe
0x00007ffd5ca10000 - 0x00007ffd5cc07000 	C:\WINDOWS\SYSTEM32\ntdll.dll
0x00007ffd5b940000 - 0x00007ffd5b9fd000 	C:\WINDOWS\System32\KERNEL32.DLL
0x00007ffd5a5c0000 - 0x00007ffd5a8b6000 	C:\WINDOWS\System32\KERNELBASE.dll
0x00007ffd5a970000 - 0x00007ffd5aa70000 	C:\WINDOWS\System32\ucrtbase.dll
0x00007ffd545b0000 - 0x00007ffd545c5000 	C:\Program Files\Java\jdk-11.0.15\bin\VCRUNTIME140.dll
0x00007ffd545d0000 - 0x00007ffd545e8000 	C:\Program Files\Java\jdk-11.0.15\bin\jli.dll
0x00007ffd5bc40000 - 0x00007ffd5bcee000 	C:\WINDOWS\System32\ADVAPI32.dll
0x00007ffd5be60000 - 0x00007ffd5befe000 	C:\WINDOWS\System32\msvcrt.dll
0x00007ffd5ba00000 - 0x00007ffd5ba9c000 	C:\WINDOWS\System32\sechost.dll
0x00007ffd5c820000 - 0x00007ffd5c946000 	C:\WINDOWS\System32\RPCRT4.dll
0x00007ffd5baa0000 - 0x00007ffd5bc3e000 	C:\WINDOWS\System32\USER32.dll
0x00007ffd5a590000 - 0x00007ffd5a5b2000 	C:\WINDOWS\System32\win32u.dll
0x00007ffd42dc0000 - 0x00007ffd4305a000 	C:\WINDOWS\WinSxS\amd64_microsoft.windows.common-controls_6595b64144ccf1df_6.0.19041.3570_none_60bb2a3971f3e41a\COMCTL32.dll
0x00007ffd5be30000 - 0x00007ffd5be5c000 	C:\WINDOWS\System32\GDI32.dll
0x00007ffd5a230000 - 0x00007ffd5a34a000 	C:\WINDOWS\System32\gdi32full.dll
0x00007ffd5a190000 - 0x00007ffd5a22d000 	C:\WINDOWS\System32\msvcp_win.dll
0x00007ffd54610000 - 0x00007ffd5461a000 	C:\WINDOWS\SYSTEM32\VERSION.dll
0x00007ffd5c7f0000 - 0x00007ffd5c820000 	C:\WINDOWS\System32\IMM32.DLL
0x00007ffd30db0000 - 0x00007ffd30e4b000 	C:\Program Files\Java\jdk-11.0.15\bin\msvcp140.dll
0x00007ffcf8b70000 - 0x00007ffcf9686000 	C:\Program Files\Java\jdk-11.0.15\bin\server\jvm.dll
0x00007ffd5c610000 - 0x00007ffd5c618000 	C:\WINDOWS\System32\PSAPI.DLL
0x00007ffd49110000 - 0x00007ffd49137000 	C:\WINDOWS\SYSTEM32\WINMM.dll
0x00007ffd430b0000 - 0x00007ffd430b9000 	C:\WINDOWS\SYSTEM32\WSOCK32.dll
0x00007ffd5b700000 - 0x00007ffd5b76b000 	C:\WINDOWS\System32\WS2_32.dll
0x00007ffd57eb0000 - 0x00007ffd57ec2000 	C:\WINDOWS\SYSTEM32\kernel.appcore.dll
0x00007ffd56b60000 - 0x00007ffd56b70000 	C:\Program Files\Java\jdk-11.0.15\bin\verify.dll
0x00007ffd51280000 - 0x00007ffd51464000 	C:\WINDOWS\SYSTEM32\DBGHELP.DLL
0x00007ffd51910000 - 0x00007ffd51944000 	C:\WINDOWS\SYSTEM32\dbgcore.DLL
0x00007ffd5a4b0000 - 0x00007ffd5a532000 	C:\WINDOWS\System32\bcryptPrimitives.dll
0x00007ffd43160000 - 0x00007ffd43188000 	C:\Program Files\Java\jdk-11.0.15\bin\java.dll
0x00007ffd56400000 - 0x00007ffd5640a000 	C:\Program Files\Java\jdk-11.0.15\bin\jimage.dll
0x00007ffd55650000 - 0x00007ffd5565e000 	C:\Program Files\Java\jdk-11.0.15\bin\instrument.dll
0x00007ffd3f7f0000 - 0x00007ffd3f806000 	C:\Program Files\Java\jdk-11.0.15\bin\zip.dll
0x00007ffd5afb0000 - 0x00007ffd5b6f4000 	C:\WINDOWS\System32\SHELL32.dll
0x00007ffd58190000 - 0x00007ffd5892b000 	C:\WINDOWS\SYSTEM32\windows.storage.dll
0x00007ffd5ab80000 - 0x00007ffd5aed4000 	C:\WINDOWS\System32\combase.dll
0x00007ffd59b30000 - 0x00007ffd59b5d000 	C:\WINDOWS\SYSTEM32\Wldp.dll
0x00007ffd5aa70000 - 0x00007ffd5ab1d000 	C:\WINDOWS\System32\SHCORE.dll
0x00007ffd5c3d0000 - 0x00007ffd5c425000 	C:\WINDOWS\System32\shlwapi.dll
0x00007ffd5a020000 - 0x00007ffd5a045000 	C:\WINDOWS\SYSTEM32\profapi.dll
0x00007ffd3bf10000 - 0x00007ffd3bf29000 	C:\Program Files\Java\jdk-11.0.15\bin\net.dll
0x00007ffd51740000 - 0x00007ffd5184a000 	C:\WINDOWS\SYSTEM32\WINHTTP.dll
0x00007ffd59890000 - 0x00007ffd598fa000 	C:\WINDOWS\system32\mswsock.dll
0x00007ffd3b9a0000 - 0x00007ffd3b9b2000 	C:\Program Files\Java\jdk-11.0.15\bin\nio.dll
0x00007ffd3dac0000 - 0x00007ffd3dada000 	C:\Program Files\JetBrains\IntelliJ IDEA Community Edition 2023.1\bin\breakgen64.dll
0x00007ffd25290000 - 0x00007ffd2542a000 	C:\Program Files\Java\jdk-11.0.15\bin\awt.dll
0x00007ffd5aee0000 - 0x00007ffd5afad000 	C:\WINDOWS\System32\OLEAUT32.dll
0x00007ffd55000000 - 0x00007ffd55090000 	C:\WINDOWS\SYSTEM32\apphelp.dll
0x00007ffd579d0000 - 0x00007ffd57a6e000 	C:\WINDOWS\system32\uxtheme.dll
0x00007ffd5b770000 - 0x00007ffd5b884000 	C:\WINDOWS\System32\MSCTF.dll
0x00007ffd5bd00000 - 0x00007ffd5be2b000 	C:\WINDOWS\System32\ole32.dll
0x00007ffd57e80000 - 0x00007ffd57eaf000 	C:\WINDOWS\system32\DWMAPI.DLL
0x00007ffd3b830000 - 0x00007ffd3b955000 	C:\WINDOWS\system32\opengl32.dll
0x00007ffd548b0000 - 0x00007ffd548dc000 	C:\WINDOWS\SYSTEM32\GLU32.dll
0x00007ffd36f60000 - 0x00007ffd3712d000 	C:\WINDOWS\system32\d3d9.dll
0x00007ffd4d8e0000 - 0x00007ffd4d9ce000 	C:\WINDOWS\System32\DriverStore\FileRepository\nvacegpu.inf_amd64_e25761f22983456f\nvldumdx.dll
0x00007ffd5a350000 - 0x00007ffd5a4ad000 	C:\WINDOWS\System32\crypt32.dll
0x00007ffd5a0f0000 - 0x00007ffd5a157000 	C:\WINDOWS\System32\WINTRUST.DLL
0x00007ffd59cc0000 - 0x00007ffd59cd2000 	C:\WINDOWS\SYSTEM32\MSASN1.dll
0x00007ffd5c620000 - 0x00007ffd5c63d000 	C:\WINDOWS\System32\imagehlp.dll
0x00007ffd59a80000 - 0x00007ffd59a98000 	C:\WINDOWS\SYSTEM32\CRYPTSP.dll
0x00007ffd59130000 - 0x00007ffd59164000 	C:\WINDOWS\system32\rsaenh.dll
0x00007ffd5a160000 - 0x00007ffd5a187000 	C:\WINDOWS\System32\bcrypt.dll
0x00007ffd59aa0000 - 0x00007ffd59aac000 	C:\WINDOWS\SYSTEM32\CRYPTBASE.dll
0x00007ffcff070000 - 0x00007ffd0050b000 	C:\WINDOWS\System32\DriverStore\FileRepository\nvacegpu.inf_amd64_e25761f22983456f\nvd3dumx.dll
0x00007ffd596a0000 - 0x00007ffd596eb000 	C:\WINDOWS\system32\powrprof.dll
0x00007ffd59510000 - 0x00007ffd59522000 	C:\WINDOWS\SYSTEM32\UMPDC.dll
0x00007ffd28ec0000 - 0x00007ffd29172000 	C:\WINDOWS\system32\nvspcap64.dll
0x00007ffd59250000 - 0x00007ffd59283000 	C:\WINDOWS\SYSTEM32\ntmarta.dll
0x00007ffd58940000 - 0x00007ffd58963000 	C:\WINDOWS\SYSTEM32\gpapi.dll
0x00007ffd44f70000 - 0x00007ffd44fa1000 	C:\WINDOWS\SYSTEM32\cryptnet.dll
0x00007ffd4df10000 - 0x00007ffd4df4b000 	C:\WINDOWS\SYSTEM32\dxcore.dll
0x00007ffd5a540000 - 0x00007ffd5a58e000 	C:\WINDOWS\System32\cfgmgr32.dll
0x00007ffcf7b60000 - 0x00007ffcf8b6f000 	C:\Users\Karl\.skiko\58752788008ddd92aea4562f2a41915f7f74e689ca70e0fbada57f009a92b9cf\skiko-windows-x64.dll
0x00007ffd27b00000 - 0x00007ffd27b86000 	C:\Program Files\Java\jdk-11.0.15\bin\freetype.dll
0x00007ffd26760000 - 0x00007ffd26805000 	C:\Program Files\Java\jdk-11.0.15\bin\fontmanager.dll
0x00007ffd55640000 - 0x00007ffd55647000 	C:\Program Files\Java\jdk-11.0.15\bin\jawt.dll
0x00007ffd58990000 - 0x00007ffd58a83000 	C:\WINDOWS\SYSTEM32\Dxgi.dll
0x00007ffd55660000 - 0x00007ffd55686000 	C:\WINDOWS\SYSTEM32\D3D12.dll
0x00007ffd24940000 - 0x00007ffd24b0d000 	C:\WINDOWS\SYSTEM32\D3D12Core.dll
0x00007ffcf55a0000 - 0x00007ffcf7b57000 	C:\WINDOWS\System32\DriverStore\FileRepository\nvacegpu.inf_amd64_e25761f22983456f\nvwgf2umx.dll
0x00007ffd55610000 - 0x00007ffd5563a000 	C:\WINDOWS\SYSTEM32\D3DSCache.dll
0x00007ffd59fe0000 - 0x00007ffd5a00e000 	C:\WINDOWS\SYSTEM32\USERENV.dll
0x00007ffd55780000 - 0x00007ffd55987000 	C:\WINDOWS\SYSTEM32\twinapi.appcore.dll
0x00007ffd47410000 - 0x00007ffd4768f000 	C:\WINDOWS\SYSTEM32\dwrite.dll
0x00007ffd537c0000 - 0x00007ffd539a3000 	C:\WINDOWS\SYSTEM32\dcomp.dll
0x00007ffd52990000 - 0x00007ffd52ded000 	C:\WINDOWS\SYSTEM32\d3dcompiler_47.dll

dbghelp: loaded successfully - version: 4.0.5 - missing functions: none
symbol engine: initialized successfully - sym options: 0x614 - pdb path: .;C:\Program Files\Java\jdk-11.0.15\bin;C:\WINDOWS\SYSTEM32;C:\WINDOWS\WinSxS\amd64_microsoft.windows.common-controls_6595b64144ccf1df_6.0.19041.3570_none_60bb2a3971f3e41a;C:\Program Files\Java\jdk-11.0.15\bin\server;C:\Program Files\JetBrains\IntelliJ IDEA Community Edition 2023.1\bin;C:\WINDOWS\System32\DriverStore\FileRepository\nvacegpu.inf_amd64_e25761f22983456f;C:\Users\Karl\.skiko\58752788008ddd92aea4562f2a41915f7f74e689ca70e0fbada57f009a92b9cf

VM Arguments:
jvm_args: -Djava.library.path=C:\Users\Karl\Kotlin_Projects\Bond_Graph\build\classes\kotlin\jvm\main;C:\Users\Karl\Kotlin_Projects\Bond_Graph\build\processedResources\jvm\main -javaagent:C:\Program Files\JetBrains\IntelliJ IDEA Community Edition 2023.1\lib\idea_rt.jar=51851:C:\Program Files\JetBrains\IntelliJ IDEA Community Edition 2023.1\bin -Dfile.encoding=UTF-8 
java_command: MainKt
java_class_path (initial): C:\Users\Karl\Kotlin_Projects\Bond_Graph\build\classes\kotlin\jvm\main;C:\Users\Karl\Kotlin_Projects\Bond_Graph\build\processedResources\jvm\main;C:\Users\Karl\.gradle\caches\modules-2\files-2.1\org.jetbrains.kotlin\kotlin-stdlib-jdk8\1.8.0\ed04f49e186a116753ad70d34f0ac2925d1d8020\kotlin-stdlib-jdk8-1.8.0.jar;C:\Users\Karl\.gradle\caches\modules-2\files-2.1\org.jetbrains.kotlin\kotlin-stdlib-jdk7\1.8.0\3c91271347f678c239607abb676d4032a7898427\kotlin-stdlib-jdk7-1.8.0.jar;C:\Users\Karl\.gradle\caches\modules-2\files-2.1\org.jetbrains.skiko\skiko-awt-runtime-windows-x64\0.7.50\659400d4c3644bd9fa21db987698ccd87ceedf3d\skiko-awt-runtime-windows-x64-0.7.50.jar;C:\Users\Karl\.gradle\caches\modules-2\files-2.1\org.jetbrains.kotlin\kotlin-stdlib\1.8.0\1796921c7a3e2e2665a83e6c8d33399336cd39bc\kotlin-stdlib-1.8.0.jar;C:\Users\Karl\.gradle\caches\modules-2\files-2.1\org.jetbrains.compose.desktop\desktop-jvm\1.3.0\e2b2c3df64b02dab8673daba012294d9ef5efb49\desktop-jvm-1.3.0.jar;C:\Users\Karl\.gradle\caches\modules-2\files-2.1\org.jetbrains\annotations\13.0\919f0dfe192fb4e063e7dacadee7f8bb9a2672a9\annotations-13.0.jar;C:\Users\Karl\.gradle\caches\modules-2\files-2.1\org.jetbrains.compose.material\material-desktop\1.3.0\aee6d5f9630e14e42be059bb1e0a1a409aa8076\material-desktop-1.3.0.jar;C:\Users\Karl\.gradle\caches\modules-2\files-2.1\org.jetbrains.compose.foundation\foundation-desktop\1.3.0\22ab58187358e52e14714a61b0224317fc9af567\foundation-desktop-1.3.0.jar;C:\Users\Karl\.gradle\caches\modules-2\files-2.1\org.jetbrains.compose.ui\ui-desktop\1.3.0\33fe21065b205dc251cdee9d457e45658c26ca29\ui-desktop-1.3.0.jar;C:\Users\Karl\.gradle\caches\modules-2\files-2.1\org.jetbrains.compose.ui\ui-tooling-preview-desktop\1.3.0\9eaed02ecbf2a1be3ef5ff0481ce7691c5a4b399\ui-tooling-preview-desktop-1.3.0.jar;C:\Users\Karl\.gradle\caches\modules-2\files-2.1\org.jetbrains.compose.runtime\runtime-desktop\1.3.0\8b826174d5658059d552099a45ad33a964c79da9\runtime-desktop-1.3.0.j
Launcher Type: SUN_STANDARD

[Global flags]
     intx CICompilerCount                          = 4                                         {product} {ergonomic}
     uint ConcGCThreads                            = 2                                         {product} {ergonomic}
     uint G1ConcRefinementThreads                  = 8                                         {product} {ergonomic}
   size_t G1HeapRegionSize                         = 1048576                                   {product} {ergonomic}
    uintx GCDrainStackTargetSize                   = 64                                        {product} {ergonomic}
   size_t InitialHeapSize                          = 268435456                                 {product} {ergonomic}
   size_t MarkStackSize                            = 4194304                                   {product} {ergonomic}
   size_t MaxHeapSize                              = 4280287232                                {product} {ergonomic}
   size_t MaxNewSize                               = 2567962624                                {product} {ergonomic}
   size_t MinHeapDeltaBytes                        = 1048576                                   {product} {ergonomic}
    uintx NonNMethodCodeHeapSize                   = 5836300                                {pd product} {ergonomic}
    uintx NonProfiledCodeHeapSize                  = 122910970                              {pd product} {ergonomic}
    uintx ProfiledCodeHeapSize                     = 122910970                              {pd product} {ergonomic}
    uintx ReservedCodeCacheSize                    = 251658240                              {pd product} {ergonomic}
     bool SegmentedCodeCache                       = true                                      {product} {ergonomic}
     bool UseCompressedClassPointers               = true                                 {lp64_product} {ergonomic}
     bool UseCompressedOops                        = true                                 {lp64_product} {ergonomic}
     bool UseG1GC                                  = true                                      {product} {ergonomic}
     bool UseLargePagesIndividualAllocation        = false                                  {pd product} {ergonomic}

Logging:
Log output configuration:
 #0: stdout all=warning uptime,level,tags
 #1: stderr all=off uptime,level,tags

Environment Variables:
JAVA_HOME=C:\Program Files\Java\jdk11.0.15
PATH=C:\Program Files\Common Files\Oracle\Java\javapath;C:\Program Files\Oracle\VirtualBox;C:\Python27\Scripts;C:\Program Files\Java\jdk-10.0.2;C:\Program Files (x86)\Intel\iCLS Client\;C:\Program Files\Intel\iCLS Client\;C:\Windows\system32;C:\Windows;C:\Windows\System32\Wbem;C:\Windows\System32\WindowsPowerShell\v1.0\;C:\Program Files (x86)\NVIDIA Corporation\PhysX\Common;C:\Program Files (x86)\Intel\Intel(R) Management Engine Components\DAL;C:\Program Files\Intel\Intel(R) Management Engine Components\DAL;C:\Program Files (x86)\Intel\Intel(R) Management Engine Components\IPT;C:\Program Files\Intel\Intel(R) Management Engine Components\IPT;C:\WINDOWS\system32;C:\WINDOWS;C:\WINDOWS\System32\Wbem;C:\WINDOWS\System32\WindowsPowerShell\v1.0\;C:\WINDOWS\System32\OpenSSH\;C:\Program Files\FFMPEG;C:\Program Files\Java\jdk-10.0.2\bin;C:\Users\Karl\AppData\Local\Android\Sdk\platform-tools;C:\Program Files\dotnet\;C:\Program Files\Microsoft SQL Server\130\Tools\Binn\;C:\Program Files\Microsoft SQL Server\Client SDK\ODBC\170\Tools\Binn\;C:\Program Files\CMake\bin;C:\Program Files\NVIDIA Corporation\NVIDIA NvDLISR;C:\Program Files (x86)\IncrediBuild;C:\Program Files\Microsoft VS Code\bin;C:\Program Files (x86)\Yarn\bin\;C:\ProgramData\chocolatey\bin;C:\Program Files\nodejs\;C:\Program Files (x86)\Vagrant\bin;C:\WINDOWS\system32;C:\WINDOWS;C:\WINDOWS\System32\Wbem;C:\WINDOWS\System32\WindowsPowerShell\v1.0\;C:\WINDOWS\System32\OpenSSH\;C:\Program Files\Git\cmd;C:\Users\Karl\AppData\Local\Microsoft\WindowsApps;C:\Users\Karl\AppData\Local\Yarn\bin;C:\Users\Karl\AppData\Roaming\npm;C:\Program Files\JetBrains\IntelliJ IDEA Community Edition 2019.2.1\bin;C:\Program Files\Android\Android Studio;C:\Users\Karl\AppData\Local\gitkraken\bin;C:\Program Files\JetBrains\IntelliJ IDEA Community Edition 2023.1\bin;C:\Program Files (x86)\Pinnacle\Shared Files;C:\Program Files (x86)\Pinnacle\Shared Files\Filter
USERNAME=Karl
OS=Windows_NT
PROCESSOR_IDENTIFIER=Intel64 Family 6 Model 158 Stepping 9, GenuineIntel



---------------  S Y S T E M  ---------------

OS: Windows 10 , 64 bit Build 19041 (10.0.19041.3570)

CPU:total 8 (initial active 8) (4 cores per cpu, 2 threads per core) family 6 model 158 stepping 9 microcode 0xb4, cmov, cx8, fxsr, mmx, sse, sse2, sse3, ssse3, sse4.1, sse4.2, popcnt, avx, avx2, aes, clmul, erms, 3dnowpref, lzcnt, ht, tsc, tscinvbit, bmi1, bmi2, adx, fma

Memory: 4k page, system-wide physical 16324M (4073M free)
TotalPageFile size 19824M (AvailPageFile size 27M)
current process WorkingSet (physical memory assigned to process): 234M, peak: 235M
current process commit charge ("private bytes"): 538M, peak: 569M

vm_info: Java HotSpot(TM) 64-Bit Server VM (11.0.15+8-LTS-149) for windows-amd64 JRE (11.0.15+8-LTS-149), built on Mar  9 2022 22:42:32 by "mach5one" with MS VC++ 15.9 (VS2017)

END.
